[2023-09-03 05:23:41,221] [INFO] [real_accelerator.py:133:get_accelerator] Setting ds_accelerator to cuda (auto detect)
[2023-09-03 05:23:48,445] [WARNING] [runner.py:196:fetch_hostfile] Unable to find hostfile, will proceed with training with local resources only.
[2023-09-03 05:23:48,704] [INFO] [runner.py:555:main] cmd = /usr/bin/python3 -u -m deepspeed.launcher.launch --world_info=eyJsb2NhbGhvc3QiOiBbMCwgMSwgMiwgMywgNCwgNSwgNiwgN119 --master_addr=127.0.0.1 --master_port=12346 --enable_each_rank_log=None /home/ubuntu/shared/DeepSpeedExamples/applications/DeepSpeed-Chat/training/step3_rlhf_finetuning/main.py --data_path Dahoas/rm-static Dahoas/full-hh-rlhf Dahoas/synthetic-instruct-gptj-pairwise yitingxie/rlhf-reward-datasets --data_split 2,4,4 --data_output_path /home/ubuntu/shared/.cache/data_files/opt-13b_step3 --actor_model_name_or_path /home/ubuntu/shared/.cache/huggingface/transformers/models--facebook--opt-13b/snapshots/e515202d1e7750da62d245fbccb2723b9c1790f5 --critic_model_name_or_path /home/ubuntu/shared/.cache/huggingface/transformers/models--facebook--opt-350m/snapshots/cb32f77e905cccbca1d970436fb0f5e6b58ee3c5 --num_padding_at_beginning 1 --per_device_train_batch_size 16 --per_device_mini_train_batch_size 16 --generation_batch_numbers 1 --ppo_epochs 1 --max_answer_seq_len 256 --max_prompt_seq_len 256 --actor_learning_rate 5e-4 --critic_learning_rate 5e-6 --num_train_epochs 1 --lr_scheduler_type cosine --gradient_accumulation_steps 1 --num_warmup_steps 100 --deepspeed --seed 1234 --enable_hybrid_engine --inference_tp_size 1 --actor_zero_stage 3 --critic_zero_stage 3 --actor_gradient_checkpointing --disable_actor_dropout --actor_lora_dim 128 --actor_lora_module_name decoder.layers. --max_steps 10
[2023-09-03 05:23:50,227] [INFO] [real_accelerator.py:133:get_accelerator] Setting ds_accelerator to cuda (auto detect)
[2023-09-03 05:23:53,467] [INFO] [launch.py:145:main] WORLD INFO DICT: {'localhost': [0, 1, 2, 3, 4, 5, 6, 7]}
[2023-09-03 05:23:53,467] [INFO] [launch.py:151:main] nnodes=1, num_local_procs=8, node_rank=0
[2023-09-03 05:23:53,467] [INFO] [launch.py:162:main] global_rank_mapping=defaultdict(<class 'list'>, {'localhost': [0, 1, 2, 3, 4, 5, 6, 7]})
[2023-09-03 05:23:53,467] [INFO] [launch.py:163:main] dist_world_size=8
[2023-09-03 05:23:53,467] [INFO] [launch.py:165:main] Setting CUDA_VISIBLE_DEVICES=0,1,2,3,4,5,6,7
[2023-09-03 05:23:56,188] [INFO] [real_accelerator.py:133:get_accelerator] Setting ds_accelerator to cuda (auto detect)
[2023-09-03 05:23:56,257] [INFO] [real_accelerator.py:133:get_accelerator] Setting ds_accelerator to cuda (auto detect)
[2023-09-03 05:23:56,562] [INFO] [real_accelerator.py:133:get_accelerator] Setting ds_accelerator to cuda (auto detect)
[2023-09-03 05:23:56,682] [INFO] [real_accelerator.py:133:get_accelerator] Setting ds_accelerator to cuda (auto detect)
[2023-09-03 05:23:56,682] [INFO] [real_accelerator.py:133:get_accelerator] Setting ds_accelerator to cuda (auto detect)
[2023-09-03 05:23:56,682] [INFO] [real_accelerator.py:133:get_accelerator] Setting ds_accelerator to cuda (auto detect)
[2023-09-03 05:23:56,740] [INFO] [real_accelerator.py:133:get_accelerator] Setting ds_accelerator to cuda (auto detect)
[2023-09-03 05:23:57,411] [INFO] [real_accelerator.py:133:get_accelerator] Setting ds_accelerator to cuda (auto detect)
[2023-09-03 05:24:00,981] [WARNING] [comm.py:152:init_deepspeed_backend] NCCL backend in DeepSpeed not yet implemented
[2023-09-03 05:24:00,981] [INFO] [comm.py:616:init_distributed] cdb=None
[2023-09-03 05:24:01,054] [WARNING] [comm.py:152:init_deepspeed_backend] NCCL backend in DeepSpeed not yet implemented
[2023-09-03 05:24:01,055] [INFO] [comm.py:616:init_distributed] cdb=None
[2023-09-03 05:24:03,045] [WARNING] [comm.py:152:init_deepspeed_backend] NCCL backend in DeepSpeed not yet implemented
[2023-09-03 05:24:03,045] [INFO] [comm.py:616:init_distributed] cdb=None
[2023-09-03 05:24:03,054] [WARNING] [comm.py:152:init_deepspeed_backend] NCCL backend in DeepSpeed not yet implemented
[2023-09-03 05:24:03,054] [INFO] [comm.py:616:init_distributed] cdb=None
[2023-09-03 05:24:03,070] [WARNING] [comm.py:152:init_deepspeed_backend] NCCL backend in DeepSpeed not yet implemented
[2023-09-03 05:24:03,070] [INFO] [comm.py:616:init_distributed] cdb=None
[2023-09-03 05:24:03,075] [WARNING] [comm.py:152:init_deepspeed_backend] NCCL backend in DeepSpeed not yet implemented
[2023-09-03 05:24:03,075] [INFO] [comm.py:616:init_distributed] cdb=None
[2023-09-03 05:24:03,075] [WARNING] [comm.py:152:init_deepspeed_backend] NCCL backend in DeepSpeed not yet implemented
[2023-09-03 05:24:03,075] [INFO] [comm.py:616:init_distributed] cdb=None
[2023-09-03 05:24:03,075] [INFO] [comm.py:643:init_distributed] Initializing TorchBackend in DeepSpeed with backend nccl
[2023-09-03 05:24:03,133] [WARNING] [comm.py:152:init_deepspeed_backend] NCCL backend in DeepSpeed not yet implemented
[2023-09-03 05:24:03,134] [INFO] [comm.py:616:init_distributed] cdb=None
************************[start] Initializing Actor Model [start] *************************
[2023-09-03 05:24:30,749] [INFO] [partition_parameters.py:326:__exit__] finished initializing model with 13.11B parameters
ninja: no work to do.
Time to load fused_adam op: 0.10487246513366699 seconds
ninja: no work to do.
Time to load fused_adam op: 0.09000134468078613 seconds
ninja: no work to do.
Time to load fused_adam op: 0.09028887748718262 seconds
Time to load fused_adam op: 0.10200309753417969 seconds
Time to load fused_adam op: 0.10227370262145996 seconds
[2023-09-03 05:25:21,201] [INFO] [logging.py:96:log_dist] [Rank 0] DeepSpeed info: version=0.10.0, git-hash=unknown, git-branch=unknown
Time to load fused_adam op: 0.20354890823364258 seconds
Time to load fused_adam op: 0.20279240608215332 seconds
Time to load fused_adam op: 0.20239877700805664 seconds
[2023-09-03 05:25:29,378] [INFO] [logging.py:96:log_dist] [Rank 0] DeepSpeed Flops Profiler Enabled: False
[2023-09-03 05:25:29,385] [INFO] [logging.py:96:log_dist] [Rank 0] Removing param_group that has no 'params' in the client Optimizer
[2023-09-03 05:25:29,385] [INFO] [logging.py:96:log_dist] [Rank 0] Using client Optimizer as basic optimizer
[2023-09-03 05:25:29,482] [INFO] [logging.py:96:log_dist] [Rank 0] DeepSpeed Basic Optimizer = FusedAdam
[2023-09-03 05:25:29,482] [INFO] [utils.py:54:is_zero_supported_optimizer] Checking ZeRO support for optimizer=FusedAdam type=<class 'deepspeed.ops.adam.fused_adam.FusedAdam'>
[2023-09-03 05:25:29,482] [INFO] [logging.py:96:log_dist] [Rank 0] Creating fp16 ZeRO stage 3 optimizer, MiCS is enabled False, Hierarchical params gather False
[2023-09-03 05:25:29,482] [INFO] [logging.py:96:log_dist] [Rank 0] Creating torch.float16 ZeRO stage 3 optimizer
[2023-09-03 05:25:30,379] [INFO] [utils.py:785:see_memory_usage] Stage 3 initialize beginning
[2023-09-03 05:25:30,379] [INFO] [utils.py:786:see_memory_usage] MA 3.93 GB         Max_MA 4.43 GB         CA 8.74 GB         Max_CA 9 GB 
[2023-09-03 05:25:30,379] [INFO] [utils.py:793:see_memory_usage] CPU Virtual Memory:  used = 62.12 GB, percent = 3.1%
[2023-09-03 05:25:30,381] [INFO] [stage3.py:117:__init__] Reduce bucket size 500,000,000
[2023-09-03 05:25:30,381] [INFO] [stage3.py:118:__init__] Prefetch bucket size 30000000
[2023-09-03 05:25:30,867] [INFO] [utils.py:785:see_memory_usage] DeepSpeedZeRoOffload initialize [begin]
[2023-09-03 05:25:30,869] [INFO] [utils.py:786:see_memory_usage] MA 3.93 GB         Max_MA 3.93 GB         CA 8.74 GB         Max_CA 9 GB 
[2023-09-03 05:25:30,869] [INFO] [utils.py:793:see_memory_usage] CPU Virtual Memory:  used = 62.13 GB, percent = 3.1%
Parameter Offload: Total persistent parameters: 1853440 in 362 params
[2023-09-03 05:25:31,509] [INFO] [utils.py:785:see_memory_usage] DeepSpeedZeRoOffload initialize [end]
[2023-09-03 05:25:31,509] [INFO] [utils.py:786:see_memory_usage] MA 3.16 GB         Max_MA 3.93 GB         CA 8.86 GB         Max_CA 9 GB 
[2023-09-03 05:25:31,509] [INFO] [utils.py:793:see_memory_usage] CPU Virtual Memory:  used = 62.12 GB, percent = 3.1%
[2023-09-03 05:25:31,975] [INFO] [utils.py:785:see_memory_usage] Before creating fp16 partitions
[2023-09-03 05:25:31,975] [INFO] [utils.py:786:see_memory_usage] MA 3.16 GB         Max_MA 3.16 GB         CA 8.86 GB         Max_CA 9 GB 
[2023-09-03 05:25:31,975] [INFO] [utils.py:793:see_memory_usage] CPU Virtual Memory:  used = 62.13 GB, percent = 3.1%
[2023-09-03 05:25:33,217] [INFO] [utils.py:785:see_memory_usage] After creating fp16 partitions: 3
[2023-09-03 05:25:33,217] [INFO] [utils.py:786:see_memory_usage] MA 3.16 GB         Max_MA 3.16 GB         CA 4.37 GB         Max_CA 9 GB 
[2023-09-03 05:25:33,217] [INFO] [utils.py:793:see_memory_usage] CPU Virtual Memory:  used = 62.12 GB, percent = 3.1%
[2023-09-03 05:25:33,732] [INFO] [utils.py:785:see_memory_usage] Before creating fp32 partitions
[2023-09-03 05:25:33,732] [INFO] [utils.py:786:see_memory_usage] MA 3.16 GB         Max_MA 3.16 GB         CA 4.37 GB         Max_CA 4 GB 
[2023-09-03 05:25:33,733] [INFO] [utils.py:793:see_memory_usage] CPU Virtual Memory:  used = 62.17 GB, percent = 3.1%
[2023-09-03 05:25:34,307] [INFO] [utils.py:785:see_memory_usage] After creating fp32 partitions
[2023-09-03 05:25:34,307] [INFO] [utils.py:786:see_memory_usage] MA 3.51 GB         Max_MA 3.62 GB         CA 4.59 GB         Max_CA 5 GB 
[2023-09-03 05:25:34,307] [INFO] [utils.py:793:see_memory_usage] CPU Virtual Memory:  used = 62.12 GB, percent = 3.1%
[2023-09-03 05:25:34,825] [INFO] [utils.py:785:see_memory_usage] Before initializing optimizer states
[2023-09-03 05:25:34,825] [INFO] [utils.py:786:see_memory_usage] MA 3.51 GB         Max_MA 3.51 GB         CA 4.59 GB         Max_CA 5 GB 
[2023-09-03 05:25:34,826] [INFO] [utils.py:793:see_memory_usage] CPU Virtual Memory:  used = 62.11 GB, percent = 3.1%
[2023-09-03 05:25:35,348] [INFO] [utils.py:785:see_memory_usage] After initializing optimizer states
[2023-09-03 05:25:35,349] [INFO] [utils.py:786:see_memory_usage] MA 4.2 GB         Max_MA 4.42 GB         CA 5.38 GB         Max_CA 5 GB 
[2023-09-03 05:25:35,349] [INFO] [utils.py:793:see_memory_usage] CPU Virtual Memory:  used = 62.12 GB, percent = 3.1%
[2023-09-03 05:25:35,349] [INFO] [stage3.py:424:_setup_for_real_optimizer] optimizer state initialized
[2023-09-03 05:25:36,241] [INFO] [utils.py:785:see_memory_usage] After initializing ZeRO optimizer
[2023-09-03 05:25:36,241] [INFO] [utils.py:786:see_memory_usage] MA 5.31 GB         Max_MA 6.27 GB         CA 7.75 GB         Max_CA 8 GB 
[2023-09-03 05:25:36,242] [INFO] [utils.py:793:see_memory_usage] CPU Virtual Memory:  used = 62.11 GB, percent = 3.1%
[2023-09-03 05:25:36,242] [INFO] [logging.py:96:log_dist] [Rank 0] DeepSpeed Final Optimizer = FusedAdam
[2023-09-03 05:25:36,242] [INFO] [logging.py:96:log_dist] [Rank 0] DeepSpeed using client LR scheduler
[2023-09-03 05:25:36,242] [INFO] [logging.py:96:log_dist] [Rank 0] DeepSpeed LR Scheduler = <torch.optim.lr_scheduler.LambdaLR object at 0x7f150f172380>
[2023-09-03 05:25:36,242] [INFO] [logging.py:96:log_dist] [Rank 0] step=0, skipped=0, lr=[0.0, 0.0, 0.0], mom=[(0.9, 0.95), (0.9, 0.95), (0.9, 0.95)]
[2023-09-03 05:25:36,243] [INFO] [config.py:960:print] DeepSpeedEngine configuration:
[2023-09-03 05:25:36,243] [INFO] [config.py:964:print]   activation_checkpointing_config  {
    "partition_activations": false, 
    "contiguous_memory_optimization": false, 
    "cpu_checkpointing": false, 
    "number_checkpoints": null, 
    "synchronize_checkpoint_boundary": false, 
    "profile": false
}
[2023-09-03 05:25:36,243] [INFO] [config.py:964:print]   aio_config ................... {'block_size': 1048576, 'queue_depth': 8, 'thread_count': 1, 'single_submit': False, 'overlap_events': True}
[2023-09-03 05:25:36,243] [INFO] [config.py:964:print]   amp_enabled .................. False
[2023-09-03 05:25:36,243] [INFO] [config.py:964:print]   amp_params ................... False
[2023-09-03 05:25:36,243] [INFO] [config.py:964:print]   autotuning_config ............ {
    "enabled": false, 
    "start_step": null, 
    "end_step": null, 
    "metric_path": null, 
    "arg_mappings": null, 
    "metric": "throughput", 
    "model_info": null, 
    "results_dir": "autotuning_results", 
    "exps_dir": "autotuning_exps", 
    "overwrite": true, 
    "fast": true, 
    "start_profile_step": 3, 
    "end_profile_step": 5, 
    "tuner_type": "gridsearch", 
    "tuner_early_stopping": 5, 
    "tuner_num_trials": 50, 
    "model_info_path": null, 
    "mp_size": 1, 
    "max_train_batch_size": null, 
    "min_train_batch_size": 1, 
    "max_train_micro_batch_size_per_gpu": 1.024000e+03, 
    "min_train_micro_batch_size_per_gpu": 1, 
    "num_tuning_micro_batch_sizes": 3
}
[2023-09-03 05:25:36,243] [INFO] [config.py:964:print]   bfloat16_enabled ............. False
[2023-09-03 05:25:36,244] [INFO] [config.py:964:print]   checkpoint_parallel_write_pipeline  False
[2023-09-03 05:25:36,244] [INFO] [config.py:964:print]   checkpoint_tag_validation_enabled  True
[2023-09-03 05:25:36,244] [INFO] [config.py:964:print]   checkpoint_tag_validation_fail  False
[2023-09-03 05:25:36,244] [INFO] [config.py:964:print]   comms_config ................. <deepspeed.comm.config.DeepSpeedCommsConfig object at 0x7f1784255480>
[2023-09-03 05:25:36,244] [INFO] [config.py:964:print]   communication_data_type ...... None
[2023-09-03 05:25:36,244] [INFO] [config.py:964:print]   compression_config ........... {'weight_quantization': {'shared_parameters': {'enabled': False, 'quantizer_kernel': False, 'schedule_offset': 0, 'quantize_groups': 1, 'quantize_verbose': False, 'quantization_type': 'symmetric', 'quantize_weight_in_forward': False, 'rounding': 'nearest', 'fp16_mixed_quantize': False, 'quantize_change_ratio': 0.001}, 'different_groups': {}}, 'activation_quantization': {'shared_parameters': {'enabled': False, 'quantization_type': 'symmetric', 'range_calibration': 'dynamic', 'schedule_offset': 1000}, 'different_groups': {}}, 'sparse_pruning': {'shared_parameters': {'enabled': False, 'method': 'l1', 'schedule_offset': 1000}, 'different_groups': {}}, 'row_pruning': {'shared_parameters': {'enabled': False, 'method': 'l1', 'schedule_offset': 1000}, 'different_groups': {}}, 'head_pruning': {'shared_parameters': {'enabled': False, 'method': 'topk', 'schedule_offset': 1000}, 'different_groups': {}}, 'channel_pruning': {'shared_parameters': {'enabled': False, 'method': 'l1', 'schedule_offset': 1000}, 'different_groups': {}}, 'layer_reduction': {'enabled': False}}
[2023-09-03 05:25:36,244] [INFO] [config.py:964:print]   curriculum_enabled_legacy .... False
[2023-09-03 05:25:36,244] [INFO] [config.py:964:print]   curriculum_params_legacy ..... False
[2023-09-03 05:25:36,244] [INFO] [config.py:964:print]   data_efficiency_config ....... {'enabled': False, 'seed': 1234, 'data_sampling': {'enabled': False, 'num_epochs': 1000, 'num_workers': 0, 'curriculum_learning': {'enabled': False}}, 'data_routing': {'enabled': False, 'random_ltd': {'enabled': False, 'layer_token_lr_schedule': {'enabled': False}}}}
[2023-09-03 05:25:36,244] [INFO] [config.py:964:print]   data_efficiency_enabled ...... False
[2023-09-03 05:25:36,244] [INFO] [config.py:964:print]   dataloader_drop_last ......... False
[2023-09-03 05:25:36,244] [INFO] [config.py:964:print]   disable_allgather ............ False
[2023-09-03 05:25:36,244] [INFO] [config.py:964:print]   dump_state ................... False
[2023-09-03 05:25:36,244] [INFO] [config.py:964:print]   dynamic_loss_scale_args ...... {'init_scale': 65536, 'scale_window': 100, 'delayed_shift': 2, 'consecutive_hysteresis': False, 'min_scale': 1}
[2023-09-03 05:25:36,244] [INFO] [config.py:964:print]   eigenvalue_enabled ........... False
[2023-09-03 05:25:36,244] [INFO] [config.py:964:print]   eigenvalue_gas_boundary_resolution  1
[2023-09-03 05:25:36,244] [INFO] [config.py:964:print]   eigenvalue_layer_name ........ bert.encoder.layer
[2023-09-03 05:25:36,244] [INFO] [config.py:964:print]   eigenvalue_layer_num ......... 0
[2023-09-03 05:25:36,244] [INFO] [config.py:964:print]   eigenvalue_max_iter .......... 100
[2023-09-03 05:25:36,244] [INFO] [config.py:964:print]   eigenvalue_stability ......... 1e-06
[2023-09-03 05:25:36,244] [INFO] [config.py:964:print]   eigenvalue_tol ............... 0.01
[2023-09-03 05:25:36,244] [INFO] [config.py:964:print]   eigenvalue_verbose ........... False
[2023-09-03 05:25:36,244] [INFO] [config.py:964:print]   elasticity_enabled ........... False
[2023-09-03 05:25:36,244] [INFO] [config.py:964:print]   flops_profiler_config ........ {
    "enabled": false, 
    "recompute_fwd_factor": 0.0, 
    "profile_step": 1, 
    "module_depth": -1, 
    "top_modules": 1, 
    "detailed": true, 
    "output_file": null
}
[2023-09-03 05:25:36,244] [INFO] [config.py:964:print]   fp16_auto_cast ............... False
[2023-09-03 05:25:36,244] [INFO] [config.py:964:print]   fp16_enabled ................. True
[2023-09-03 05:25:36,244] [INFO] [config.py:964:print]   fp16_master_weights_and_gradients  False
[2023-09-03 05:25:36,244] [INFO] [config.py:964:print]   global_rank .................. 0
[2023-09-03 05:25:36,244] [INFO] [config.py:964:print]   grad_accum_dtype ............. None
[2023-09-03 05:25:36,244] [INFO] [config.py:964:print]   gradient_accumulation_steps .. 1
[2023-09-03 05:25:36,244] [INFO] [config.py:964:print]   gradient_clipping ............ 1.0
[2023-09-03 05:25:36,244] [INFO] [config.py:964:print]   gradient_predivide_factor .... 1.0
[2023-09-03 05:25:36,244] [INFO] [config.py:964:print]   hybrid_engine ................ enabled=True max_out_tokens=512 inference_tp_size=1 release_inference_cache=False pin_parameters=True tp_gather_partition_size=8
[2023-09-03 05:25:36,244] [INFO] [config.py:964:print]   initial_dynamic_scale ........ 65536
[2023-09-03 05:25:36,244] [INFO] [config.py:964:print]   load_universal_checkpoint .... False
[2023-09-03 05:25:36,244] [INFO] [config.py:964:print]   loss_scale ................... 0
[2023-09-03 05:25:36,244] [INFO] [config.py:964:print]   memory_breakdown ............. False
[2023-09-03 05:25:36,244] [INFO] [config.py:964:print]   mics_hierarchial_params_gather  False
[2023-09-03 05:25:36,244] [INFO] [config.py:964:print]   mics_shard_size .............. -1
[2023-09-03 05:25:36,244] [INFO] [config.py:964:print]   monitor_config ............... tensorboard=TensorBoardConfig(enabled=False, output_path='step3_tensorboard/ds_tensorboard_logs/', job_name='step3_actor_tensorboard') wandb=WandbConfig(enabled=False, group=None, team=None, project='deepspeed') csv_monitor=CSVConfig(enabled=False, output_path='', job_name='DeepSpeedJobName') enabled=False
[2023-09-03 05:25:36,244] [INFO] [config.py:964:print]   nebula_config ................ {
    "enabled": false, 
    "persistent_storage_path": null, 
    "persistent_time_interval": 100, 
    "num_of_version_in_retention": 2, 
    "enable_nebula_load": true, 
    "load_path": null
}
[2023-09-03 05:25:36,244] [INFO] [config.py:964:print]   optimizer_legacy_fusion ...... False
[2023-09-03 05:25:36,244] [INFO] [config.py:964:print]   optimizer_name ............... None
[2023-09-03 05:25:36,244] [INFO] [config.py:964:print]   optimizer_params ............. None
[2023-09-03 05:25:36,244] [INFO] [config.py:964:print]   pipeline ..................... {'stages': 'auto', 'partition': 'best', 'seed_layers': False, 'activation_checkpoint_interval': 0}
[2023-09-03 05:25:36,244] [INFO] [config.py:964:print]   pld_enabled .................. False
[2023-09-03 05:25:36,244] [INFO] [config.py:964:print]   pld_params ................... False
[2023-09-03 05:25:36,244] [INFO] [config.py:964:print]   prescale_gradients ........... False
[2023-09-03 05:25:36,244] [INFO] [config.py:964:print]   scheduler_name ............... None
[2023-09-03 05:25:36,244] [INFO] [config.py:964:print]   scheduler_params ............. None
[2023-09-03 05:25:36,244] [INFO] [config.py:964:print]   sparse_attention ............. None
[2023-09-03 05:25:36,244] [INFO] [config.py:964:print]   sparse_gradients_enabled ..... False
[2023-09-03 05:25:36,244] [INFO] [config.py:964:print]   steps_per_print .............. 10
[2023-09-03 05:25:36,244] [INFO] [config.py:964:print]   train_batch_size ............. 128
[2023-09-03 05:25:36,244] [INFO] [config.py:964:print]   train_micro_batch_size_per_gpu  16
[2023-09-03 05:25:36,244] [INFO] [config.py:964:print]   use_node_local_storage ....... False
[2023-09-03 05:25:36,244] [INFO] [config.py:964:print]   wall_clock_breakdown ......... False
[2023-09-03 05:25:36,244] [INFO] [config.py:964:print]   world_size ................... 8
[2023-09-03 05:25:36,244] [INFO] [config.py:964:print]   zero_allow_untested_optimizer  False
[2023-09-03 05:25:36,244] [INFO] [config.py:964:print]   zero_config .................. stage=3 contiguous_gradients=True reduce_scatter=True reduce_bucket_size=500,000,000 allgather_partitions=True allgather_bucket_size=500,000,000 overlap_comm=True load_from_fp32_weights=True elastic_checkpoint=False offload_param=DeepSpeedZeroOffloadParamConfig(device='none', nvme_path=None, buffer_count=5, buffer_size=100,000,000, max_in_cpu=1,000,000,000, pin_memory=False) offload_optimizer=DeepSpeedZeroOffloadOptimizerConfig(device='none', nvme_path=None, buffer_count=4, pin_memory=False, pipeline=False, pipeline_read=False, pipeline_write=False, fast_init=False) sub_group_size=1,000,000,000 cpu_offload_param=None cpu_offload_use_pin_memory=None cpu_offload=None prefetch_bucket_size=30000000 param_persistence_threshold=10000 model_persistence_threshold=sys.maxsize max_live_parameters=30000000 max_reuse_distance=1,000,000,000 gather_16bit_weights_on_model_save=False stage3_gather_fp16_weights_on_model_save=False ignore_unused_parameters=True legacy_stage1=False round_robin_gradients=False zero_hpz_partition_size=1 zero_quantized_weights=False zero_quantized_gradients=False mics_shard_size=-1 mics_hierarchical_params_gather=False memory_efficient_linear=False
[2023-09-03 05:25:36,244] [INFO] [config.py:964:print]   zero_enabled ................. True
[2023-09-03 05:25:36,244] [INFO] [config.py:964:print]   zero_force_ds_cpu_optimizer .. True
[2023-09-03 05:25:36,244] [INFO] [config.py:964:print]   zero_optimization_stage ...... 3
[2023-09-03 05:25:36,245] [INFO] [config.py:950:print_user_config]   json = {
    "train_batch_size": 128, 
    "train_micro_batch_size_per_gpu": 16, 
    "steps_per_print": 10, 
    "zero_optimization": {
        "stage": 3, 
        "offload_param": {
            "device": "none"
        }, 
        "offload_optimizer": {
            "device": "none"
        }, 
        "stage3_param_persistence_threshold": 1.000000e+04, 
        "stage3_max_live_parameters": 3.000000e+07, 
        "stage3_prefetch_bucket_size": 3.000000e+07, 
        "memory_efficient_linear": false
    }, 
    "fp16": {
        "enabled": true, 
        "loss_scale_window": 100
    }, 
    "gradient_clipping": 1.0, 
    "prescale_gradients": false, 
    "wall_clock_breakdown": false, 
    "hybrid_engine": {
        "enabled": true, 
        "max_out_tokens": 512, 
        "inference_tp_size": 1, 
        "release_inference_cache": false, 
        "pin_parameters": true, 
        "tp_gather_partition_size": 8
    }, 
    "tensorboard": {
        "enabled": false, 
        "output_path": "step3_tensorboard/ds_tensorboard_logs/", 
        "job_name": "step3_actor_tensorboard"
    }
}
ninja: no work to do.
Time to load transformer_inference op: 0.10607504844665527 seconds
[2023-09-03 05:25:36,378] [INFO] [logging.py:96:log_dist] [Rank 0] DeepSpeed-Inference config: {'layer_id': 0, 'hidden_size': 5120, 'intermediate_size': 20480, 'heads': 40, 'num_hidden_layers': -1, 'dtype': torch.float16, 'pre_layer_norm': True, 'norm_type': <NormType.LayerNorm: 1>, 'local_rank': -1, 'stochastic_mode': False, 'epsilon': 1e-05, 'mp_size': 1, 'scale_attention': True, 'triangular_masking': True, 'local_attention': False, 'window_size': 1, 'rotary_dim': -1, 'rotate_half': False, 'rotate_every_two': True, 'return_tuple': True, 'mlp_after_attn': True, 'mlp_act_func_type': <ActivationFuncType.ReLU: 2>, 'specialized_mode': False, 'training_mp_size': 1, 'bigscience_bloom': False, 'max_out_tokens': 512, 'min_out_tokens': 512, 'scale_attn_by_inverse_layer_idx': False, 'enable_qkv_quantization': False, 'use_mup': False, 'return_single_tuple': False, 'set_empty_params': True, 'transposed_mode': True, 'use_triton': False, 'triton_autotune': False}
Time to load transformer_inference op: 0.10702872276306152 seconds
Time to load transformer_inference op: 0.10749268531799316 seconds
Time to load transformer_inference op: 0.10743546485900879 seconds
Time to load transformer_inference op: 0.10759091377258301 seconds
Time to load transformer_inference op: 0.10686206817626953 seconds
Time to load transformer_inference op: 0.004830121994018555 seconds
Time to load transformer_inference op: 0.004303693771362305 seconds
Time to load transformer_inference op: 0.10877609252929688 seconds
Time to load transformer_inference op: 0.004448413848876953 seconds
Time to load transformer_inference op: 0.004604816436767578 seconds
Time to load transformer_inference op: 0.004627704620361328 seconds
Time to load transformer_inference op: 0.00459742546081543 seconds
Time to load transformer_inference op: 0.11295843124389648 seconds
Time to load transformer_inference op: 0.0042803287506103516 seconds
Time to load transformer_inference op: 0.0043926239013671875 seconds
Time to load transformer_inference op: 0.004141330718994141 seconds
Time to load transformer_inference op: 0.0038509368896484375 seconds
Time to load transformer_inference op: 0.003989219665527344 seconds
Time to load transformer_inference op: 0.004822969436645508 seconds
Time to load transformer_inference op: 0.004133939743041992 seconds
Time to load transformer_inference op: 0.0050389766693115234 seconds
Time to load transformer_inference op: 0.004660129547119141 seconds
******************[end] Initialized Actor Model [end] (duration: 65.91s)******************
*************************[start] Initializing Ref Model [start] **************************
Time to load transformer_inference op: 0.004607439041137695 seconds
[2023-09-03 05:25:36,660] [INFO] [partition_parameters.py:326:__exit__] finished initializing model with 26.22B parameters
[2023-09-03 05:25:59,134] [INFO] [logging.py:96:log_dist] [Rank 0] DeepSpeed info: version=0.10.0, git-hash=unknown, git-branch=unknown
[2023-09-03 05:25:59,145] [INFO] [logging.py:96:log_dist] [Rank 0] DeepSpeed Flops Profiler Enabled: False
[2023-09-03 05:25:59,146] [INFO] [logging.py:96:log_dist] [Rank 0] Creating ZeRO Offload
[2023-09-03 05:25:59,750] [INFO] [utils.py:785:see_memory_usage] DeepSpeedZeRoOffload initialize [begin]
[2023-09-03 05:25:59,751] [INFO] [utils.py:786:see_memory_usage] MA 8.7 GB         Max_MA 10.08 GB         CA 15.04 GB         Max_CA 15 GB 
[2023-09-03 05:25:59,751] [INFO] [utils.py:793:see_memory_usage] CPU Virtual Memory:  used = 62.2 GB, percent = 3.1%
Parameter Offload: Total persistent parameters: 1853440 in 362 params
[2023-09-03 05:26:00,310] [INFO] [utils.py:785:see_memory_usage] DeepSpeedZeRoOffload initialize [end]
[2023-09-03 05:26:00,310] [INFO] [utils.py:786:see_memory_usage] MA 8.7 GB         Max_MA 8.7 GB         CA 15.04 GB         Max_CA 15 GB 
[2023-09-03 05:26:00,311] [INFO] [utils.py:793:see_memory_usage] CPU Virtual Memory:  used = 62.63 GB, percent = 3.1%
[2023-09-03 05:26:00,311] [INFO] [config.py:960:print] DeepSpeedEngine configuration:
[2023-09-03 05:26:00,312] [INFO] [config.py:964:print]   activation_checkpointing_config  {
    "partition_activations": false, 
    "contiguous_memory_optimization": false, 
    "cpu_checkpointing": false, 
    "number_checkpoints": null, 
    "synchronize_checkpoint_boundary": false, 
    "profile": false
}
[2023-09-03 05:26:00,312] [INFO] [config.py:964:print]   aio_config ................... {'block_size': 1048576, 'queue_depth': 8, 'thread_count': 1, 'single_submit': False, 'overlap_events': True}
[2023-09-03 05:26:00,312] [INFO] [config.py:964:print]   amp_enabled .................. False
[2023-09-03 05:26:00,312] [INFO] [config.py:964:print]   amp_params ................... False
[2023-09-03 05:26:00,312] [INFO] [config.py:964:print]   autotuning_config ............ {
    "enabled": false, 
    "start_step": null, 
    "end_step": null, 
    "metric_path": null, 
    "arg_mappings": null, 
    "metric": "throughput", 
    "model_info": null, 
    "results_dir": "autotuning_results", 
    "exps_dir": "autotuning_exps", 
    "overwrite": true, 
    "fast": true, 
    "start_profile_step": 3, 
    "end_profile_step": 5, 
    "tuner_type": "gridsearch", 
    "tuner_early_stopping": 5, 
    "tuner_num_trials": 50, 
    "model_info_path": null, 
    "mp_size": 1, 
    "max_train_batch_size": null, 
    "min_train_batch_size": 1, 
    "max_train_micro_batch_size_per_gpu": 1.024000e+03, 
    "min_train_micro_batch_size_per_gpu": 1, 
    "num_tuning_micro_batch_sizes": 3
}
[2023-09-03 05:26:00,312] [INFO] [config.py:964:print]   bfloat16_enabled ............. False
[2023-09-03 05:26:00,312] [INFO] [config.py:964:print]   checkpoint_parallel_write_pipeline  False
[2023-09-03 05:26:00,312] [INFO] [config.py:964:print]   checkpoint_tag_validation_enabled  True
[2023-09-03 05:26:00,312] [INFO] [config.py:964:print]   checkpoint_tag_validation_fail  False
[2023-09-03 05:26:00,312] [INFO] [config.py:964:print]   comms_config ................. <deepspeed.comm.config.DeepSpeedCommsConfig object at 0x7f17a0101de0>
[2023-09-03 05:26:00,312] [INFO] [config.py:964:print]   communication_data_type ...... None
[2023-09-03 05:26:00,312] [INFO] [config.py:964:print]   compression_config ........... {'weight_quantization': {'shared_parameters': {'enabled': False, 'quantizer_kernel': False, 'schedule_offset': 0, 'quantize_groups': 1, 'quantize_verbose': False, 'quantization_type': 'symmetric', 'quantize_weight_in_forward': False, 'rounding': 'nearest', 'fp16_mixed_quantize': False, 'quantize_change_ratio': 0.001}, 'different_groups': {}}, 'activation_quantization': {'shared_parameters': {'enabled': False, 'quantization_type': 'symmetric', 'range_calibration': 'dynamic', 'schedule_offset': 1000}, 'different_groups': {}}, 'sparse_pruning': {'shared_parameters': {'enabled': False, 'method': 'l1', 'schedule_offset': 1000}, 'different_groups': {}}, 'row_pruning': {'shared_parameters': {'enabled': False, 'method': 'l1', 'schedule_offset': 1000}, 'different_groups': {}}, 'head_pruning': {'shared_parameters': {'enabled': False, 'method': 'topk', 'schedule_offset': 1000}, 'different_groups': {}}, 'channel_pruning': {'shared_parameters': {'enabled': False, 'method': 'l1', 'schedule_offset': 1000}, 'different_groups': {}}, 'layer_reduction': {'enabled': False}}
[2023-09-03 05:26:00,312] [INFO] [config.py:964:print]   curriculum_enabled_legacy .... False
[2023-09-03 05:26:00,312] [INFO] [config.py:964:print]   curriculum_params_legacy ..... False
[2023-09-03 05:26:00,312] [INFO] [config.py:964:print]   data_efficiency_config ....... {'enabled': False, 'seed': 1234, 'data_sampling': {'enabled': False, 'num_epochs': 1000, 'num_workers': 0, 'curriculum_learning': {'enabled': False}}, 'data_routing': {'enabled': False, 'random_ltd': {'enabled': False, 'layer_token_lr_schedule': {'enabled': False}}}}
[2023-09-03 05:26:00,312] [INFO] [config.py:964:print]   data_efficiency_enabled ...... False
[2023-09-03 05:26:00,312] [INFO] [config.py:964:print]   dataloader_drop_last ......... False
[2023-09-03 05:26:00,312] [INFO] [config.py:964:print]   disable_allgather ............ False
[2023-09-03 05:26:00,312] [INFO] [config.py:964:print]   dump_state ................... False
[2023-09-03 05:26:00,312] [INFO] [config.py:964:print]   dynamic_loss_scale_args ...... None
[2023-09-03 05:26:00,312] [INFO] [config.py:964:print]   eigenvalue_enabled ........... False
[2023-09-03 05:26:00,312] [INFO] [config.py:964:print]   eigenvalue_gas_boundary_resolution  1
[2023-09-03 05:26:00,312] [INFO] [config.py:964:print]   eigenvalue_layer_name ........ bert.encoder.layer
[2023-09-03 05:26:00,312] [INFO] [config.py:964:print]   eigenvalue_layer_num ......... 0
[2023-09-03 05:26:00,312] [INFO] [config.py:964:print]   eigenvalue_max_iter .......... 100
[2023-09-03 05:26:00,312] [INFO] [config.py:964:print]   eigenvalue_stability ......... 1e-06
[2023-09-03 05:26:00,312] [INFO] [config.py:964:print]   eigenvalue_tol ............... 0.01
[2023-09-03 05:26:00,312] [INFO] [config.py:964:print]   eigenvalue_verbose ........... False
[2023-09-03 05:26:00,312] [INFO] [config.py:964:print]   elasticity_enabled ........... False
[2023-09-03 05:26:00,312] [INFO] [config.py:964:print]   flops_profiler_config ........ {
    "enabled": false, 
    "recompute_fwd_factor": 0.0, 
    "profile_step": 1, 
    "module_depth": -1, 
    "top_modules": 1, 
    "detailed": true, 
    "output_file": null
}
[2023-09-03 05:26:00,312] [INFO] [config.py:964:print]   fp16_auto_cast ............... False
[2023-09-03 05:26:00,312] [INFO] [config.py:964:print]   fp16_enabled ................. True
[2023-09-03 05:26:00,312] [INFO] [config.py:964:print]   fp16_master_weights_and_gradients  False
[2023-09-03 05:26:00,312] [INFO] [config.py:964:print]   global_rank .................. 0
[2023-09-03 05:26:00,312] [INFO] [config.py:964:print]   grad_accum_dtype ............. None
[2023-09-03 05:26:00,312] [INFO] [config.py:964:print]   gradient_accumulation_steps .. 1
[2023-09-03 05:26:00,312] [INFO] [config.py:964:print]   gradient_clipping ............ 1.0
[2023-09-03 05:26:00,312] [INFO] [config.py:964:print]   gradient_predivide_factor .... 1.0
[2023-09-03 05:26:00,312] [INFO] [config.py:964:print]   hybrid_engine ................ enabled=False max_out_tokens=512 inference_tp_size=1 release_inference_cache=False pin_parameters=True tp_gather_partition_size=8
[2023-09-03 05:26:00,312] [INFO] [config.py:964:print]   initial_dynamic_scale ........ 65536
[2023-09-03 05:26:00,312] [INFO] [config.py:964:print]   load_universal_checkpoint .... False
[2023-09-03 05:26:00,312] [INFO] [config.py:964:print]   loss_scale ................... 0
[2023-09-03 05:26:00,312] [INFO] [config.py:964:print]   memory_breakdown ............. False
[2023-09-03 05:26:00,312] [INFO] [config.py:964:print]   mics_hierarchial_params_gather  False
[2023-09-03 05:26:00,312] [INFO] [config.py:964:print]   mics_shard_size .............. -1
[2023-09-03 05:26:00,312] [INFO] [config.py:964:print]   monitor_config ............... tensorboard=TensorBoardConfig(enabled=False, output_path='', job_name='DeepSpeedJobName') wandb=WandbConfig(enabled=False, group=None, team=None, project='deepspeed') csv_monitor=CSVConfig(enabled=False, output_path='', job_name='DeepSpeedJobName') enabled=False
[2023-09-03 05:26:00,312] [INFO] [config.py:964:print]   nebula_config ................ {
    "enabled": false, 
    "persistent_storage_path": null, 
    "persistent_time_interval": 100, 
    "num_of_version_in_retention": 2, 
    "enable_nebula_load": true, 
    "load_path": null
}
[2023-09-03 05:26:00,312] [INFO] [config.py:964:print]   optimizer_legacy_fusion ...... False
[2023-09-03 05:26:00,312] [INFO] [config.py:964:print]   optimizer_name ............... None
[2023-09-03 05:26:00,312] [INFO] [config.py:964:print]   optimizer_params ............. None
[2023-09-03 05:26:00,312] [INFO] [config.py:964:print]   pipeline ..................... {'stages': 'auto', 'partition': 'best', 'seed_layers': False, 'activation_checkpoint_interval': 0}
[2023-09-03 05:26:00,312] [INFO] [config.py:964:print]   pld_enabled .................. False
[2023-09-03 05:26:00,312] [INFO] [config.py:964:print]   pld_params ................... False
[2023-09-03 05:26:00,312] [INFO] [config.py:964:print]   prescale_gradients ........... False
[2023-09-03 05:26:00,312] [INFO] [config.py:964:print]   scheduler_name ............... None
[2023-09-03 05:26:00,312] [INFO] [config.py:964:print]   scheduler_params ............. None
[2023-09-03 05:26:00,312] [INFO] [config.py:964:print]   sparse_attention ............. None
[2023-09-03 05:26:00,312] [INFO] [config.py:964:print]   sparse_gradients_enabled ..... False
[2023-09-03 05:26:00,312] [INFO] [config.py:964:print]   steps_per_print .............. 10
[2023-09-03 05:26:00,312] [INFO] [config.py:964:print]   train_batch_size ............. 128
[2023-09-03 05:26:00,312] [INFO] [config.py:964:print]   train_micro_batch_size_per_gpu  16
[2023-09-03 05:26:00,312] [INFO] [config.py:964:print]   use_node_local_storage ....... False
[2023-09-03 05:26:00,312] [INFO] [config.py:964:print]   wall_clock_breakdown ......... False
[2023-09-03 05:26:00,312] [INFO] [config.py:964:print]   world_size ................... 8
[2023-09-03 05:26:00,312] [INFO] [config.py:964:print]   zero_allow_untested_optimizer  False
[2023-09-03 05:26:00,313] [INFO] [config.py:964:print]   zero_config .................. stage=3 contiguous_gradients=True reduce_scatter=True reduce_bucket_size=500,000,000 allgather_partitions=True allgather_bucket_size=500,000,000 overlap_comm=True load_from_fp32_weights=True elastic_checkpoint=False offload_param=DeepSpeedZeroOffloadParamConfig(device='none', nvme_path=None, buffer_count=5, buffer_size=100,000,000, max_in_cpu=1,000,000,000, pin_memory=False) offload_optimizer=None sub_group_size=1,000,000,000 cpu_offload_param=None cpu_offload_use_pin_memory=None cpu_offload=None prefetch_bucket_size=50,000,000 param_persistence_threshold=10000 model_persistence_threshold=sys.maxsize max_live_parameters=1,000,000,000 max_reuse_distance=1,000,000,000 gather_16bit_weights_on_model_save=False stage3_gather_fp16_weights_on_model_save=False ignore_unused_parameters=True legacy_stage1=False round_robin_gradients=False zero_hpz_partition_size=1 zero_quantized_weights=False zero_quantized_gradients=False mics_shard_size=-1 mics_hierarchical_params_gather=False memory_efficient_linear=False
[2023-09-03 05:26:00,313] [INFO] [config.py:964:print]   zero_enabled ................. True
[2023-09-03 05:26:00,313] [INFO] [config.py:964:print]   zero_force_ds_cpu_optimizer .. True
[2023-09-03 05:26:00,313] [INFO] [config.py:964:print]   zero_optimization_stage ...... 3
[2023-09-03 05:26:00,313] [INFO] [config.py:950:print_user_config]   json = {
    "train_batch_size": 128, 
    "train_micro_batch_size_per_gpu": 16, 
    "steps_per_print": 10, 
    "zero_optimization": {
        "stage": 3, 
        "stage3_param_persistence_threshold": 1.000000e+04, 
        "offload_param": {
            "device": "none"
        }, 
        "memory_efficient_linear": false
    }, 
    "fp16": {
        "enabled": true
    }, 
    "gradient_clipping": 1.0, 
    "prescale_gradients": false, 
    "wall_clock_breakdown": false
}
*******************[end] Initialized Ref Model [end] (duration: 23.84s)*******************
************************[start] Initializing Critic Model [start] ************************
Time to load fused_adam op: 0.0004661083221435547 seconds
Time to load fused_adam op: 0.0005571842193603516 seconds
Time to load fused_adam op: 0.0007610321044921875 seconds
Time to load fused_adam op: 0.0009632110595703125 seconds
Time to load fused_adam op: 0.0007233619689941406 seconds
Time to load fused_adam op: 0.002275705337524414 seconds
Time to load fused_adam op: 0.0007550716400146484 seconds
Time to load fused_adam op: 0.000476837158203125 seconds
[2023-09-03 05:26:03,207] [INFO] [logging.py:96:log_dist] [Rank 0] DeepSpeed info: version=0.10.0, git-hash=unknown, git-branch=unknown
[2023-09-03 05:26:03,346] [INFO] [logging.py:96:log_dist] [Rank 0] DeepSpeed Flops Profiler Enabled: False
[2023-09-03 05:26:03,346] [INFO] [logging.py:96:log_dist] [Rank 0] Removing param_group that has no 'params' in the client Optimizer
[2023-09-03 05:26:03,346] [INFO] [logging.py:96:log_dist] [Rank 0] Using client Optimizer as basic optimizer
[2023-09-03 05:26:03,358] [INFO] [logging.py:96:log_dist] [Rank 0] DeepSpeed Basic Optimizer = FusedAdam
[2023-09-03 05:26:03,358] [INFO] [utils.py:54:is_zero_supported_optimizer] Checking ZeRO support for optimizer=FusedAdam type=<class 'deepspeed.ops.adam.fused_adam.FusedAdam'>
[2023-09-03 05:26:03,358] [INFO] [logging.py:96:log_dist] [Rank 0] Creating fp16 ZeRO stage 3 optimizer, MiCS is enabled False, Hierarchical params gather False
[2023-09-03 05:26:03,358] [INFO] [logging.py:96:log_dist] [Rank 0] Creating torch.float16 ZeRO stage 3 optimizer
[2023-09-03 05:26:04,085] [INFO] [utils.py:785:see_memory_usage] Stage 3 initialize beginning
[2023-09-03 05:26:04,086] [INFO] [utils.py:786:see_memory_usage] MA 9.32 GB         Max_MA 9.32 GB         CA 15.04 GB         Max_CA 15 GB 
[2023-09-03 05:26:04,086] [INFO] [utils.py:793:see_memory_usage] CPU Virtual Memory:  used = 62.4 GB, percent = 3.1%
[2023-09-03 05:26:04,087] [INFO] [stage3.py:117:__init__] Reduce bucket size 500,000,000
[2023-09-03 05:26:04,087] [INFO] [stage3.py:118:__init__] Prefetch bucket size 30000000
[2023-09-03 05:26:04,590] [INFO] [utils.py:785:see_memory_usage] DeepSpeedZeRoOffload initialize [begin]
[2023-09-03 05:26:04,590] [INFO] [utils.py:786:see_memory_usage] MA 9.32 GB         Max_MA 9.32 GB         CA 15.04 GB         Max_CA 15 GB 
[2023-09-03 05:26:04,590] [INFO] [utils.py:793:see_memory_usage] CPU Virtual Memory:  used = 62.41 GB, percent = 3.1%
Parameter Offload: Total persistent parameters: 320000 in 241 params
[2023-09-03 05:26:05,243] [INFO] [utils.py:785:see_memory_usage] DeepSpeedZeRoOffload initialize [end]
[2023-09-03 05:26:05,243] [INFO] [utils.py:786:see_memory_usage] MA 8.78 GB         Max_MA 9.33 GB         CA 15.11 GB         Max_CA 15 GB 
[2023-09-03 05:26:05,243] [INFO] [utils.py:793:see_memory_usage] CPU Virtual Memory:  used = 62.41 GB, percent = 3.1%
[2023-09-03 05:26:05,732] [INFO] [utils.py:785:see_memory_usage] Before creating fp16 partitions
[2023-09-03 05:26:05,732] [INFO] [utils.py:786:see_memory_usage] MA 8.78 GB         Max_MA 8.78 GB         CA 15.11 GB         Max_CA 15 GB 
[2023-09-03 05:26:05,732] [INFO] [utils.py:793:see_memory_usage] CPU Virtual Memory:  used = 62.4 GB, percent = 3.1%
[2023-09-03 05:26:07,115] [INFO] [utils.py:785:see_memory_usage] After creating fp16 partitions: 2
[2023-09-03 05:26:07,116] [INFO] [utils.py:786:see_memory_usage] MA 8.78 GB         Max_MA 8.78 GB         CA 10.47 GB         Max_CA 15 GB 
[2023-09-03 05:26:07,116] [INFO] [utils.py:793:see_memory_usage] CPU Virtual Memory:  used = 62.39 GB, percent = 3.1%
[2023-09-03 05:26:07,710] [INFO] [utils.py:785:see_memory_usage] Before creating fp32 partitions
[2023-09-03 05:26:07,711] [INFO] [utils.py:786:see_memory_usage] MA 8.78 GB         Max_MA 8.78 GB         CA 10.47 GB         Max_CA 10 GB 
[2023-09-03 05:26:07,711] [INFO] [utils.py:793:see_memory_usage] CPU Virtual Memory:  used = 62.46 GB, percent = 3.1%
[2023-09-03 05:26:08,237] [INFO] [utils.py:785:see_memory_usage] After creating fp32 partitions
[2023-09-03 05:26:08,238] [INFO] [utils.py:786:see_memory_usage] MA 8.93 GB         Max_MA 9.01 GB         CA 10.47 GB         Max_CA 10 GB 
[2023-09-03 05:26:08,238] [INFO] [utils.py:793:see_memory_usage] CPU Virtual Memory:  used = 62.4 GB, percent = 3.1%
[2023-09-03 05:26:08,756] [INFO] [utils.py:785:see_memory_usage] Before initializing optimizer states
[2023-09-03 05:26:08,757] [INFO] [utils.py:786:see_memory_usage] MA 8.93 GB         Max_MA 8.93 GB         CA 10.47 GB         Max_CA 10 GB 
[2023-09-03 05:26:08,757] [INFO] [utils.py:793:see_memory_usage] CPU Virtual Memory:  used = 62.39 GB, percent = 3.1%
[2023-09-03 05:26:09,261] [INFO] [utils.py:785:see_memory_usage] After initializing optimizer states
[2023-09-03 05:26:09,262] [INFO] [utils.py:786:see_memory_usage] MA 9.24 GB         Max_MA 9.4 GB         CA 10.78 GB         Max_CA 11 GB 
[2023-09-03 05:26:09,262] [INFO] [utils.py:793:see_memory_usage] CPU Virtual Memory:  used = 62.4 GB, percent = 3.1%
[2023-09-03 05:26:09,262] [INFO] [stage3.py:424:_setup_for_real_optimizer] optimizer state initialized
[2023-09-03 05:26:09,896] [INFO] [utils.py:785:see_memory_usage] After initializing ZeRO optimizer
[2023-09-03 05:26:09,896] [INFO] [utils.py:786:see_memory_usage] MA 10.25 GB         Max_MA 10.35 GB         CA 11.71 GB         Max_CA 12 GB 
[2023-09-03 05:26:09,897] [INFO] [utils.py:793:see_memory_usage] CPU Virtual Memory:  used = 63.84 GB, percent = 3.2%
[2023-09-03 05:26:09,897] [INFO] [logging.py:96:log_dist] [Rank 0] DeepSpeed Final Optimizer = FusedAdam
[2023-09-03 05:26:09,897] [INFO] [logging.py:96:log_dist] [Rank 0] DeepSpeed using client LR scheduler
[2023-09-03 05:26:09,897] [INFO] [logging.py:96:log_dist] [Rank 0] DeepSpeed LR Scheduler = <torch.optim.lr_scheduler.LambdaLR object at 0x7f171866f7f0>
[2023-09-03 05:26:09,897] [INFO] [logging.py:96:log_dist] [Rank 0] step=0, skipped=0, lr=[0.0, 0.0], mom=[(0.9, 0.95), (0.9, 0.95)]
[2023-09-03 05:26:09,897] [INFO] [config.py:960:print] DeepSpeedEngine configuration:
[2023-09-03 05:26:09,897] [INFO] [config.py:964:print]   activation_checkpointing_config  {
    "partition_activations": false, 
    "contiguous_memory_optimization": false, 
    "cpu_checkpointing": false, 
    "number_checkpoints": null, 
    "synchronize_checkpoint_boundary": false, 
    "profile": false
}
[2023-09-03 05:26:09,897] [INFO] [config.py:964:print]   aio_config ................... {'block_size': 1048576, 'queue_depth': 8, 'thread_count': 1, 'single_submit': False, 'overlap_events': True}
[2023-09-03 05:26:09,897] [INFO] [config.py:964:print]   amp_enabled .................. False
[2023-09-03 05:26:09,897] [INFO] [config.py:964:print]   amp_params ................... False
[2023-09-03 05:26:09,898] [INFO] [config.py:964:print]   autotuning_config ............ {
    "enabled": false, 
    "start_step": null, 
    "end_step": null, 
    "metric_path": null, 
    "arg_mappings": null, 
    "metric": "throughput", 
    "model_info": null, 
    "results_dir": "autotuning_results", 
    "exps_dir": "autotuning_exps", 
    "overwrite": true, 
    "fast": true, 
    "start_profile_step": 3, 
    "end_profile_step": 5, 
    "tuner_type": "gridsearch", 
    "tuner_early_stopping": 5, 
    "tuner_num_trials": 50, 
    "model_info_path": null, 
    "mp_size": 1, 
    "max_train_batch_size": null, 
    "min_train_batch_size": 1, 
    "max_train_micro_batch_size_per_gpu": 1.024000e+03, 
    "min_train_micro_batch_size_per_gpu": 1, 
    "num_tuning_micro_batch_sizes": 3
}
[2023-09-03 05:26:09,898] [INFO] [config.py:964:print]   bfloat16_enabled ............. False
[2023-09-03 05:26:09,898] [INFO] [config.py:964:print]   checkpoint_parallel_write_pipeline  False
[2023-09-03 05:26:09,898] [INFO] [config.py:964:print]   checkpoint_tag_validation_enabled  True
[2023-09-03 05:26:09,898] [INFO] [config.py:964:print]   checkpoint_tag_validation_fail  False
[2023-09-03 05:26:09,898] [INFO] [config.py:964:print]   comms_config ................. <deepspeed.comm.config.DeepSpeedCommsConfig object at 0x7f176857f340>
[2023-09-03 05:26:09,898] [INFO] [config.py:964:print]   communication_data_type ...... None
[2023-09-03 05:26:09,898] [INFO] [config.py:964:print]   compression_config ........... {'weight_quantization': {'shared_parameters': {'enabled': False, 'quantizer_kernel': False, 'schedule_offset': 0, 'quantize_groups': 1, 'quantize_verbose': False, 'quantization_type': 'symmetric', 'quantize_weight_in_forward': False, 'rounding': 'nearest', 'fp16_mixed_quantize': False, 'quantize_change_ratio': 0.001}, 'different_groups': {}}, 'activation_quantization': {'shared_parameters': {'enabled': False, 'quantization_type': 'symmetric', 'range_calibration': 'dynamic', 'schedule_offset': 1000}, 'different_groups': {}}, 'sparse_pruning': {'shared_parameters': {'enabled': False, 'method': 'l1', 'schedule_offset': 1000}, 'different_groups': {}}, 'row_pruning': {'shared_parameters': {'enabled': False, 'method': 'l1', 'schedule_offset': 1000}, 'different_groups': {}}, 'head_pruning': {'shared_parameters': {'enabled': False, 'method': 'topk', 'schedule_offset': 1000}, 'different_groups': {}}, 'channel_pruning': {'shared_parameters': {'enabled': False, 'method': 'l1', 'schedule_offset': 1000}, 'different_groups': {}}, 'layer_reduction': {'enabled': False}}
[2023-09-03 05:26:09,898] [INFO] [config.py:964:print]   curriculum_enabled_legacy .... False
[2023-09-03 05:26:09,898] [INFO] [config.py:964:print]   curriculum_params_legacy ..... False
[2023-09-03 05:26:09,898] [INFO] [config.py:964:print]   data_efficiency_config ....... {'enabled': False, 'seed': 1234, 'data_sampling': {'enabled': False, 'num_epochs': 1000, 'num_workers': 0, 'curriculum_learning': {'enabled': False}}, 'data_routing': {'enabled': False, 'random_ltd': {'enabled': False, 'layer_token_lr_schedule': {'enabled': False}}}}
[2023-09-03 05:26:09,898] [INFO] [config.py:964:print]   data_efficiency_enabled ...... False
[2023-09-03 05:26:09,898] [INFO] [config.py:964:print]   dataloader_drop_last ......... False
[2023-09-03 05:26:09,898] [INFO] [config.py:964:print]   disable_allgather ............ False
[2023-09-03 05:26:09,898] [INFO] [config.py:964:print]   dump_state ................... False
[2023-09-03 05:26:09,898] [INFO] [config.py:964:print]   dynamic_loss_scale_args ...... {'init_scale': 65536, 'scale_window': 100, 'delayed_shift': 2, 'consecutive_hysteresis': False, 'min_scale': 1}
[2023-09-03 05:26:09,898] [INFO] [config.py:964:print]   eigenvalue_enabled ........... False
[2023-09-03 05:26:09,898] [INFO] [config.py:964:print]   eigenvalue_gas_boundary_resolution  1
[2023-09-03 05:26:09,898] [INFO] [config.py:964:print]   eigenvalue_layer_name ........ bert.encoder.layer
[2023-09-03 05:26:09,898] [INFO] [config.py:964:print]   eigenvalue_layer_num ......... 0
[2023-09-03 05:26:09,898] [INFO] [config.py:964:print]   eigenvalue_max_iter .......... 100
[2023-09-03 05:26:09,898] [INFO] [config.py:964:print]   eigenvalue_stability ......... 1e-06
[2023-09-03 05:26:09,898] [INFO] [config.py:964:print]   eigenvalue_tol ............... 0.01
[2023-09-03 05:26:09,898] [INFO] [config.py:964:print]   eigenvalue_verbose ........... False
[2023-09-03 05:26:09,898] [INFO] [config.py:964:print]   elasticity_enabled ........... False
[2023-09-03 05:26:09,898] [INFO] [config.py:964:print]   flops_profiler_config ........ {
    "enabled": false, 
    "recompute_fwd_factor": 0.0, 
    "profile_step": 1, 
    "module_depth": -1, 
    "top_modules": 1, 
    "detailed": true, 
    "output_file": null
}
[2023-09-03 05:26:09,898] [INFO] [config.py:964:print]   fp16_auto_cast ............... False
[2023-09-03 05:26:09,898] [INFO] [config.py:964:print]   fp16_enabled ................. True
[2023-09-03 05:26:09,898] [INFO] [config.py:964:print]   fp16_master_weights_and_gradients  False
[2023-09-03 05:26:09,898] [INFO] [config.py:964:print]   global_rank .................. 0
[2023-09-03 05:26:09,898] [INFO] [config.py:964:print]   grad_accum_dtype ............. None
[2023-09-03 05:26:09,898] [INFO] [config.py:964:print]   gradient_accumulation_steps .. 1
[2023-09-03 05:26:09,898] [INFO] [config.py:964:print]   gradient_clipping ............ 1.0
[2023-09-03 05:26:09,898] [INFO] [config.py:964:print]   gradient_predivide_factor .... 1.0
[2023-09-03 05:26:09,898] [INFO] [config.py:964:print]   hybrid_engine ................ enabled=False max_out_tokens=512 inference_tp_size=1 release_inference_cache=False pin_parameters=True tp_gather_partition_size=8
[2023-09-03 05:26:09,898] [INFO] [config.py:964:print]   initial_dynamic_scale ........ 65536
[2023-09-03 05:26:09,898] [INFO] [config.py:964:print]   load_universal_checkpoint .... False
[2023-09-03 05:26:09,898] [INFO] [config.py:964:print]   loss_scale ................... 0
[2023-09-03 05:26:09,898] [INFO] [config.py:964:print]   memory_breakdown ............. False
[2023-09-03 05:26:09,898] [INFO] [config.py:964:print]   mics_hierarchial_params_gather  False
[2023-09-03 05:26:09,898] [INFO] [config.py:964:print]   mics_shard_size .............. -1
[2023-09-03 05:26:09,898] [INFO] [config.py:964:print]   monitor_config ............... tensorboard=TensorBoardConfig(enabled=False, output_path='step3_tensorboard/ds_tensorboard_logs/', job_name='step3_critic_tensorboard') wandb=WandbConfig(enabled=False, group=None, team=None, project='deepspeed') csv_monitor=CSVConfig(enabled=False, output_path='', job_name='DeepSpeedJobName') enabled=False
[2023-09-03 05:26:09,898] [INFO] [config.py:964:print]   nebula_config ................ {
    "enabled": false, 
    "persistent_storage_path": null, 
    "persistent_time_interval": 100, 
    "num_of_version_in_retention": 2, 
    "enable_nebula_load": true, 
    "load_path": null
}
[2023-09-03 05:26:09,898] [INFO] [config.py:964:print]   optimizer_legacy_fusion ...... False
[2023-09-03 05:26:09,898] [INFO] [config.py:964:print]   optimizer_name ............... None
[2023-09-03 05:26:09,898] [INFO] [config.py:964:print]   optimizer_params ............. None
[2023-09-03 05:26:09,898] [INFO] [config.py:964:print]   pipeline ..................... {'stages': 'auto', 'partition': 'best', 'seed_layers': False, 'activation_checkpoint_interval': 0}
[2023-09-03 05:26:09,898] [INFO] [config.py:964:print]   pld_enabled .................. False
[2023-09-03 05:26:09,898] [INFO] [config.py:964:print]   pld_params ................... False
[2023-09-03 05:26:09,898] [INFO] [config.py:964:print]   prescale_gradients ........... False
[2023-09-03 05:26:09,898] [INFO] [config.py:964:print]   scheduler_name ............... None
[2023-09-03 05:26:09,898] [INFO] [config.py:964:print]   scheduler_params ............. None
[2023-09-03 05:26:09,898] [INFO] [config.py:964:print]   sparse_attention ............. None
[2023-09-03 05:26:09,898] [INFO] [config.py:964:print]   sparse_gradients_enabled ..... False
[2023-09-03 05:26:09,898] [INFO] [config.py:964:print]   steps_per_print .............. 10
[2023-09-03 05:26:09,898] [INFO] [config.py:964:print]   train_batch_size ............. 128
[2023-09-03 05:26:09,898] [INFO] [config.py:964:print]   train_micro_batch_size_per_gpu  16
[2023-09-03 05:26:09,898] [INFO] [config.py:964:print]   use_node_local_storage ....... False
[2023-09-03 05:26:09,898] [INFO] [config.py:964:print]   wall_clock_breakdown ......... False
[2023-09-03 05:26:09,898] [INFO] [config.py:964:print]   world_size ................... 8
[2023-09-03 05:26:09,898] [INFO] [config.py:964:print]   zero_allow_untested_optimizer  False
[2023-09-03 05:26:09,898] [INFO] [config.py:964:print]   zero_config .................. stage=3 contiguous_gradients=True reduce_scatter=True reduce_bucket_size=500,000,000 allgather_partitions=True allgather_bucket_size=500,000,000 overlap_comm=True load_from_fp32_weights=True elastic_checkpoint=False offload_param=DeepSpeedZeroOffloadParamConfig(device='none', nvme_path=None, buffer_count=5, buffer_size=100,000,000, max_in_cpu=1,000,000,000, pin_memory=False) offload_optimizer=DeepSpeedZeroOffloadOptimizerConfig(device='none', nvme_path=None, buffer_count=4, pin_memory=False, pipeline=False, pipeline_read=False, pipeline_write=False, fast_init=False) sub_group_size=1,000,000,000 cpu_offload_param=None cpu_offload_use_pin_memory=None cpu_offload=None prefetch_bucket_size=30000000 param_persistence_threshold=10000 model_persistence_threshold=sys.maxsize max_live_parameters=30000000 max_reuse_distance=1,000,000,000 gather_16bit_weights_on_model_save=False stage3_gather_fp16_weights_on_model_save=False ignore_unused_parameters=True legacy_stage1=False round_robin_gradients=False zero_hpz_partition_size=1 zero_quantized_weights=False zero_quantized_gradients=False mics_shard_size=-1 mics_hierarchical_params_gather=False memory_efficient_linear=False
[2023-09-03 05:26:09,898] [INFO] [config.py:964:print]   zero_enabled ................. True
[2023-09-03 05:26:09,898] [INFO] [config.py:964:print]   zero_force_ds_cpu_optimizer .. True
[2023-09-03 05:26:09,898] [INFO] [config.py:964:print]   zero_optimization_stage ...... 3
[2023-09-03 05:26:09,898] [INFO] [config.py:950:print_user_config]   json = {
    "train_batch_size": 128, 
    "train_micro_batch_size_per_gpu": 16, 
    "steps_per_print": 10, 
    "zero_optimization": {
        "stage": 3, 
        "offload_param": {
            "device": "none"
        }, 
        "offload_optimizer": {
            "device": "none"
        }, 
        "stage3_param_persistence_threshold": 1.000000e+04, 
        "stage3_max_live_parameters": 3.000000e+07, 
        "stage3_prefetch_bucket_size": 3.000000e+07, 
        "memory_efficient_linear": false
    }, 
    "fp16": {
        "enabled": true, 
        "loss_scale_window": 100
    }, 
    "gradient_clipping": 1.0, 
    "prescale_gradients": false, 
    "wall_clock_breakdown": false, 
    "hybrid_engine": {
        "enabled": false, 
        "max_out_tokens": 512, 
        "inference_tp_size": 1, 
        "release_inference_cache": false, 
        "pin_parameters": true, 
        "tp_gather_partition_size": 8
    }, 
    "tensorboard": {
        "enabled": false, 
        "output_path": "step3_tensorboard/ds_tensorboard_logs/", 
        "job_name": "step3_critic_tensorboard"
    }
}
******************[end] Initialized Critic Model [end] (duration: 9.59s)******************
************************[start] Initializing Reward Model [start] ************************
[2023-09-03 05:26:13,524] [INFO] [logging.py:96:log_dist] [Rank 0] DeepSpeed info: version=0.10.0, git-hash=unknown, git-branch=unknown
[2023-09-03 05:26:18,780] [INFO] [logging.py:96:log_dist] [Rank 0] DeepSpeed Flops Profiler Enabled: False
[2023-09-03 05:26:18,782] [INFO] [logging.py:96:log_dist] [Rank 0] Creating ZeRO Offload
[2023-09-03 05:26:19,769] [INFO] [utils.py:785:see_memory_usage] DeepSpeedZeRoOffload initialize [begin]
[2023-09-03 05:26:19,769] [INFO] [utils.py:786:see_memory_usage] MA 10.87 GB         Max_MA 10.87 GB         CA 11.71 GB         Max_CA 12 GB 
[2023-09-03 05:26:19,769] [INFO] [utils.py:793:see_memory_usage] CPU Virtual Memory:  used = 63.26 GB, percent = 3.1%
Parameter Offload: Total persistent parameters: 320000 in 241 params
[2023-09-03 05:26:20,392] [INFO] [utils.py:785:see_memory_usage] DeepSpeedZeRoOffload initialize [end]
[2023-09-03 05:26:20,392] [INFO] [utils.py:786:see_memory_usage] MA 10.33 GB         Max_MA 10.88 GB         CA 11.78 GB         Max_CA 12 GB 
[2023-09-03 05:26:20,392] [INFO] [utils.py:793:see_memory_usage] CPU Virtual Memory:  used = 63.29 GB, percent = 3.1%
[2023-09-03 05:26:20,393] [INFO] [config.py:960:print] DeepSpeedEngine configuration:
[2023-09-03 05:26:20,393] [INFO] [config.py:964:print]   activation_checkpointing_config  {
    "partition_activations": false, 
    "contiguous_memory_optimization": false, 
    "cpu_checkpointing": false, 
    "number_checkpoints": null, 
    "synchronize_checkpoint_boundary": false, 
    "profile": false
}
[2023-09-03 05:26:20,393] [INFO] [config.py:964:print]   aio_config ................... {'block_size': 1048576, 'queue_depth': 8, 'thread_count': 1, 'single_submit': False, 'overlap_events': True}
[2023-09-03 05:26:20,393] [INFO] [config.py:964:print]   amp_enabled .................. False
[2023-09-03 05:26:20,393] [INFO] [config.py:964:print]   amp_params ................... False
[2023-09-03 05:26:20,393] [INFO] [config.py:964:print]   autotuning_config ............ {
    "enabled": false, 
    "start_step": null, 
    "end_step": null, 
    "metric_path": null, 
    "arg_mappings": null, 
    "metric": "throughput", 
    "model_info": null, 
    "results_dir": "autotuning_results", 
    "exps_dir": "autotuning_exps", 
    "overwrite": true, 
    "fast": true, 
    "start_profile_step": 3, 
    "end_profile_step": 5, 
    "tuner_type": "gridsearch", 
    "tuner_early_stopping": 5, 
    "tuner_num_trials": 50, 
    "model_info_path": null, 
    "mp_size": 1, 
    "max_train_batch_size": null, 
    "min_train_batch_size": 1, 
    "max_train_micro_batch_size_per_gpu": 1.024000e+03, 
    "min_train_micro_batch_size_per_gpu": 1, 
    "num_tuning_micro_batch_sizes": 3
}
[2023-09-03 05:26:20,393] [INFO] [config.py:964:print]   bfloat16_enabled ............. False
[2023-09-03 05:26:20,393] [INFO] [config.py:964:print]   checkpoint_parallel_write_pipeline  False
[2023-09-03 05:26:20,393] [INFO] [config.py:964:print]   checkpoint_tag_validation_enabled  True
[2023-09-03 05:26:20,393] [INFO] [config.py:964:print]   checkpoint_tag_validation_fail  False
[2023-09-03 05:26:20,393] [INFO] [config.py:964:print]   comms_config ................. <deepspeed.comm.config.DeepSpeedCommsConfig object at 0x7f1760792890>
[2023-09-03 05:26:20,393] [INFO] [config.py:964:print]   communication_data_type ...... None
[2023-09-03 05:26:20,393] [INFO] [config.py:964:print]   compression_config ........... {'weight_quantization': {'shared_parameters': {'enabled': False, 'quantizer_kernel': False, 'schedule_offset': 0, 'quantize_groups': 1, 'quantize_verbose': False, 'quantization_type': 'symmetric', 'quantize_weight_in_forward': False, 'rounding': 'nearest', 'fp16_mixed_quantize': False, 'quantize_change_ratio': 0.001}, 'different_groups': {}}, 'activation_quantization': {'shared_parameters': {'enabled': False, 'quantization_type': 'symmetric', 'range_calibration': 'dynamic', 'schedule_offset': 1000}, 'different_groups': {}}, 'sparse_pruning': {'shared_parameters': {'enabled': False, 'method': 'l1', 'schedule_offset': 1000}, 'different_groups': {}}, 'row_pruning': {'shared_parameters': {'enabled': False, 'method': 'l1', 'schedule_offset': 1000}, 'different_groups': {}}, 'head_pruning': {'shared_parameters': {'enabled': False, 'method': 'topk', 'schedule_offset': 1000}, 'different_groups': {}}, 'channel_pruning': {'shared_parameters': {'enabled': False, 'method': 'l1', 'schedule_offset': 1000}, 'different_groups': {}}, 'layer_reduction': {'enabled': False}}
[2023-09-03 05:26:20,393] [INFO] [config.py:964:print]   curriculum_enabled_legacy .... False
[2023-09-03 05:26:20,393] [INFO] [config.py:964:print]   curriculum_params_legacy ..... False
[2023-09-03 05:26:20,393] [INFO] [config.py:964:print]   data_efficiency_config ....... {'enabled': False, 'seed': 1234, 'data_sampling': {'enabled': False, 'num_epochs': 1000, 'num_workers': 0, 'curriculum_learning': {'enabled': False}}, 'data_routing': {'enabled': False, 'random_ltd': {'enabled': False, 'layer_token_lr_schedule': {'enabled': False}}}}
[2023-09-03 05:26:20,393] [INFO] [config.py:964:print]   data_efficiency_enabled ...... False
[2023-09-03 05:26:20,393] [INFO] [config.py:964:print]   dataloader_drop_last ......... False
[2023-09-03 05:26:20,393] [INFO] [config.py:964:print]   disable_allgather ............ False
[2023-09-03 05:26:20,393] [INFO] [config.py:964:print]   dump_state ................... False
[2023-09-03 05:26:20,393] [INFO] [config.py:964:print]   dynamic_loss_scale_args ...... None
[2023-09-03 05:26:20,393] [INFO] [config.py:964:print]   eigenvalue_enabled ........... False
[2023-09-03 05:26:20,393] [INFO] [config.py:964:print]   eigenvalue_gas_boundary_resolution  1
[2023-09-03 05:26:20,393] [INFO] [config.py:964:print]   eigenvalue_layer_name ........ bert.encoder.layer
[2023-09-03 05:26:20,393] [INFO] [config.py:964:print]   eigenvalue_layer_num ......... 0
[2023-09-03 05:26:20,393] [INFO] [config.py:964:print]   eigenvalue_max_iter .......... 100
[2023-09-03 05:26:20,393] [INFO] [config.py:964:print]   eigenvalue_stability ......... 1e-06
[2023-09-03 05:26:20,393] [INFO] [config.py:964:print]   eigenvalue_tol ............... 0.01
[2023-09-03 05:26:20,393] [INFO] [config.py:964:print]   eigenvalue_verbose ........... False
[2023-09-03 05:26:20,393] [INFO] [config.py:964:print]   elasticity_enabled ........... False
[2023-09-03 05:26:20,393] [INFO] [config.py:964:print]   flops_profiler_config ........ {
    "enabled": false, 
    "recompute_fwd_factor": 0.0, 
    "profile_step": 1, 
    "module_depth": -1, 
    "top_modules": 1, 
    "detailed": true, 
    "output_file": null
}
[2023-09-03 05:26:20,393] [INFO] [config.py:964:print]   fp16_auto_cast ............... False
[2023-09-03 05:26:20,393] [INFO] [config.py:964:print]   fp16_enabled ................. True
[2023-09-03 05:26:20,393] [INFO] [config.py:964:print]   fp16_master_weights_and_gradients  False
[2023-09-03 05:26:20,393] [INFO] [config.py:964:print]   global_rank .................. 0
[2023-09-03 05:26:20,394] [INFO] [config.py:964:print]   grad_accum_dtype ............. None
[2023-09-03 05:26:20,394] [INFO] [config.py:964:print]   gradient_accumulation_steps .. 1
[2023-09-03 05:26:20,394] [INFO] [config.py:964:print]   gradient_clipping ............ 1.0
[2023-09-03 05:26:20,394] [INFO] [config.py:964:print]   gradient_predivide_factor .... 1.0
[2023-09-03 05:26:20,394] [INFO] [config.py:964:print]   hybrid_engine ................ enabled=False max_out_tokens=512 inference_tp_size=1 release_inference_cache=False pin_parameters=True tp_gather_partition_size=8
[2023-09-03 05:26:20,394] [INFO] [config.py:964:print]   initial_dynamic_scale ........ 65536
[2023-09-03 05:26:20,394] [INFO] [config.py:964:print]   load_universal_checkpoint .... False
[2023-09-03 05:26:20,394] [INFO] [config.py:964:print]   loss_scale ................... 0
[2023-09-03 05:26:20,394] [INFO] [config.py:964:print]   memory_breakdown ............. False
[2023-09-03 05:26:20,394] [INFO] [config.py:964:print]   mics_hierarchial_params_gather  False
[2023-09-03 05:26:20,394] [INFO] [config.py:964:print]   mics_shard_size .............. -1
[2023-09-03 05:26:20,394] [INFO] [config.py:964:print]   monitor_config ............... tensorboard=TensorBoardConfig(enabled=False, output_path='', job_name='DeepSpeedJobName') wandb=WandbConfig(enabled=False, group=None, team=None, project='deepspeed') csv_monitor=CSVConfig(enabled=False, output_path='', job_name='DeepSpeedJobName') enabled=False
[2023-09-03 05:26:20,394] [INFO] [config.py:964:print]   nebula_config ................ {
    "enabled": false, 
    "persistent_storage_path": null, 
    "persistent_time_interval": 100, 
    "num_of_version_in_retention": 2, 
    "enable_nebula_load": true, 
    "load_path": null
}
[2023-09-03 05:26:20,394] [INFO] [config.py:964:print]   optimizer_legacy_fusion ...... False
[2023-09-03 05:26:20,394] [INFO] [config.py:964:print]   optimizer_name ............... None
[2023-09-03 05:26:20,394] [INFO] [config.py:964:print]   optimizer_params ............. None
[2023-09-03 05:26:20,394] [INFO] [config.py:964:print]   pipeline ..................... {'stages': 'auto', 'partition': 'best', 'seed_layers': False, 'activation_checkpoint_interval': 0}
[2023-09-03 05:26:20,394] [INFO] [config.py:964:print]   pld_enabled .................. False
[2023-09-03 05:26:20,394] [INFO] [config.py:964:print]   pld_params ................... False
[2023-09-03 05:26:20,394] [INFO] [config.py:964:print]   prescale_gradients ........... False
[2023-09-03 05:26:20,394] [INFO] [config.py:964:print]   scheduler_name ............... None
[2023-09-03 05:26:20,394] [INFO] [config.py:964:print]   scheduler_params ............. None
[2023-09-03 05:26:20,394] [INFO] [config.py:964:print]   sparse_attention ............. None
[2023-09-03 05:26:20,394] [INFO] [config.py:964:print]   sparse_gradients_enabled ..... False
[2023-09-03 05:26:20,394] [INFO] [config.py:964:print]   steps_per_print .............. 10
[2023-09-03 05:26:20,394] [INFO] [config.py:964:print]   train_batch_size ............. 128
[2023-09-03 05:26:20,394] [INFO] [config.py:964:print]   train_micro_batch_size_per_gpu  16
[2023-09-03 05:26:20,394] [INFO] [config.py:964:print]   use_node_local_storage ....... False
[2023-09-03 05:26:20,394] [INFO] [config.py:964:print]   wall_clock_breakdown ......... False
[2023-09-03 05:26:20,394] [INFO] [config.py:964:print]   world_size ................... 8
[2023-09-03 05:26:20,394] [INFO] [config.py:964:print]   zero_allow_untested_optimizer  False
[2023-09-03 05:26:20,394] [INFO] [config.py:964:print]   zero_config .................. stage=3 contiguous_gradients=True reduce_scatter=True reduce_bucket_size=500,000,000 allgather_partitions=True allgather_bucket_size=500,000,000 overlap_comm=True load_from_fp32_weights=True elastic_checkpoint=False offload_param=DeepSpeedZeroOffloadParamConfig(device='none', nvme_path=None, buffer_count=5, buffer_size=100,000,000, max_in_cpu=1,000,000,000, pin_memory=False) offload_optimizer=None sub_group_size=1,000,000,000 cpu_offload_param=None cpu_offload_use_pin_memory=None cpu_offload=None prefetch_bucket_size=50,000,000 param_persistence_threshold=10000 model_persistence_threshold=sys.maxsize max_live_parameters=1,000,000,000 max_reuse_distance=1,000,000,000 gather_16bit_weights_on_model_save=False stage3_gather_fp16_weights_on_model_save=False ignore_unused_parameters=True legacy_stage1=False round_robin_gradients=False zero_hpz_partition_size=1 zero_quantized_weights=False zero_quantized_gradients=False mics_shard_size=-1 mics_hierarchical_params_gather=False memory_efficient_linear=False
[2023-09-03 05:26:20,394] [INFO] [config.py:964:print]   zero_enabled ................. True
[2023-09-03 05:26:20,394] [INFO] [config.py:964:print]   zero_force_ds_cpu_optimizer .. True
[2023-09-03 05:26:20,394] [INFO] [config.py:964:print]   zero_optimization_stage ...... 3
[2023-09-03 05:26:20,394] [INFO] [config.py:950:print_user_config]   json = {
    "train_batch_size": 128, 
    "train_micro_batch_size_per_gpu": 16, 
    "steps_per_print": 10, 
    "zero_optimization": {
        "stage": 3, 
        "stage3_param_persistence_threshold": 1.000000e+04, 
        "offload_param": {
            "device": "none"
        }, 
        "memory_efficient_linear": false
    }, 
    "fp16": {
        "enabled": true
    }, 
    "gradient_clipping": 1.0, 
    "prescale_gradients": false, 
    "wall_clock_breakdown": false
}
*****************[end] Initialized Reward Model [end] (duration: 10.50s)******************
***** Running training *****
Beginning of Epoch 1/1, Total Generation Batches 920
------------------------------------------------------
Free memory : 38.104187 (GigaBytes)  
Total memory: 79.109436 (GigaBytes)  
Requested memory: 14.687500 (GigaBytes) 
Setting maximum total tokens (input + output) to 512 
WorkSpace: 0x7f0176000000 
------------------------------------------------------
[2023-09-03 05:26:31,777] [INFO] [loss_scaler.py:190:update_scale] [deepspeed] OVERFLOW! Rank 0 Skipping step. Attempted loss scale: 65536, but hysteresis is 2. Reducing hysteresis to 1
[2023-09-03 05:26:32,408] [INFO] [loss_scaler.py:190:update_scale] [deepspeed] OVERFLOW! Rank 0 Skipping step. Attempted loss scale: 65536, but hysteresis is 2. Reducing hysteresis to 1
epoch: 0|step: 0|ppo_ep: 1|act_loss: 0.03057861328125|cri_loss: 0.0193023681640625|unsuper_loss: 0.0
average reward score: -0.3515625
-------------------------------------------------------------------------------------
|E2E latency=11.32s |Gather latency=0.14s (1.25%) |Generate time=6.54s (57.78%) |Training time=3.97s (35.06%) |Others=0.81 (7.16%)|CurSamplesPerSec=11.30 |AvgSamplesPerSec=11.30
[2023-09-03 05:26:46,212] [INFO] [loss_scaler.py:183:update_scale] [deepspeed] OVERFLOW! Rank 0 Skipping step. Attempted loss scale: 65536, reducing to 32768
[2023-09-03 05:26:47,210] [INFO] [loss_scaler.py:183:update_scale] [deepspeed] OVERFLOW! Rank 0 Skipping step. Attempted loss scale: 65536, reducing to 32768
epoch: 0|step: 1|ppo_ep: 1|act_loss: 0.03094482421875|cri_loss: 0.0199737548828125|unsuper_loss: 0.0
average reward score: -0.3359375
-------------------------------------------------------------------------------------
|E2E latency=14.80s |Gather latency=0.89s (5.99%) |Generate time=6.18s (41.77%) |Training time=4.91s (33.16%) |Others=3.71 (25.07%)|CurSamplesPerSec=8.65 |AvgSamplesPerSec=9.80
epoch: 0|step: 2|ppo_ep: 1|act_loss: 0.031280517578125|cri_loss: 0.020843505859375|unsuper_loss: 0.0
average reward score: -0.337646484375
-------------------------------------------------------------------------------------
|E2E latency=14.28s |Gather latency=1.33s (9.35%) |Generate time=7.12s (49.88%) |Training time=3.56s (24.92%) |Others=3.60 (25.20%)|CurSamplesPerSec=8.97 |AvgSamplesPerSec=9.51
epoch: 0|step: 3|ppo_ep: 1|act_loss: 0.02874755859375|cri_loss: 0.0192108154296875|unsuper_loss: 0.0
average reward score: -0.336669921875
-------------------------------------------------------------------------------------
|E2E latency=14.62s |Gather latency=0.83s (5.64%) |Generate time=7.19s (49.20%) |Training time=3.65s (24.93%) |Others=3.78 (25.87%)|CurSamplesPerSec=8.75 |AvgSamplesPerSec=9.31
epoch: 0|step: 4|ppo_ep: 1|act_loss: 0.029815673828125|cri_loss: 0.020477294921875|unsuper_loss: 0.0
average reward score: -0.33203125
-------------------------------------------------------------------------------------
|E2E latency=13.16s |Gather latency=0.61s (4.60%) |Generate time=6.32s (48.02%) |Training time=3.70s (28.10%) |Others=3.14 (23.88%)|CurSamplesPerSec=9.73 |AvgSamplesPerSec=9.39
epoch: 0|step: 5|ppo_ep: 1|act_loss: 0.037994384765625|cri_loss: 0.0208282470703125|unsuper_loss: 0.0
average reward score: -0.34814453125
-------------------------------------------------------------------------------------
|E2E latency=12.94s |Gather latency=0.56s (4.30%) |Generate time=6.23s (48.15%) |Training time=3.63s (28.10%) |Others=3.07 (23.76%)|CurSamplesPerSec=9.89 |AvgSamplesPerSec=9.47
epoch: 0|step: 6|ppo_ep: 1|act_loss: 0.02783203125|cri_loss: 0.0206451416015625|unsuper_loss: 0.0
average reward score: -0.337158203125
-------------------------------------------------------------------------------------
|E2E latency=13.09s |Gather latency=0.92s (7.04%) |Generate time=6.29s (48.10%) |Training time=3.46s (26.46%) |Others=3.33 (25.45%)|CurSamplesPerSec=9.78 |AvgSamplesPerSec=9.51
epoch: 0|step: 7|ppo_ep: 1|act_loss: 0.0254974365234375|cri_loss: 0.0205535888671875|unsuper_loss: 0.0
average reward score: -0.32763671875
-------------------------------------------------------------------------------------
|E2E latency=14.05s |Gather latency=1.46s (10.41%) |Generate time=7.02s (49.98%) |Training time=3.41s (24.29%) |Others=3.61 (25.73%)|CurSamplesPerSec=9.11 |AvgSamplesPerSec=9.46
epoch: 0|step: 8|ppo_ep: 1|act_loss: 0.0208587646484375|cri_loss: 0.0196380615234375|unsuper_loss: 0.0
average reward score: -0.33935546875
-------------------------------------------------------------------------------------
|E2E latency=13.12s |Gather latency=0.78s (5.95%) |Generate time=6.22s (47.38%) |Training time=3.56s (27.10%) |Others=3.35 (25.53%)|CurSamplesPerSec=9.76 |AvgSamplesPerSec=9.49
[2023-09-03 05:28:35,986] [INFO] [logging.py:96:log_dist] [Rank 0] step=10, skipped=2, lr=[4e-05, 4e-05, 4e-05], mom=[(0.9, 0.95), (0.9, 0.95), (0.9, 0.95)]
[2023-09-03 05:28:35,987] [INFO] [timer.py:215:stop] epoch=0/micro_step=10/global_step=10, RunningAvgSamplesPerSec=64.31030655451742, CurrSamplesPerSec=65.01935329790359, MemAllocated=11.78GB, MaxMemAllocated=35.62GB
[2023-09-03 05:28:36,322] [INFO] [logging.py:96:log_dist] [Rank 0] step=10, skipped=2, lr=[4.0000000000000003e-07, 4.0000000000000003e-07], mom=[(0.9, 0.95), (0.9, 0.95)]
epoch: 0|step: 9|ppo_ep: 1|act_loss: 0.0168609619140625|cri_loss: 0.0191192626953125|unsuper_loss: 0.0
average reward score: -0.335693359375
-------------------------------------------------------------------------------------
======================================================================
Execution time: 135.9206 seconds for 10 steps
Throughput: 9.4173 samples/sec
[2023-09-03 05:28:40,808] [INFO] [launch.py:347:main] Process 806028 exits successfully.
[2023-09-03 05:28:40,808] [INFO] [launch.py:347:main] Process 806024 exits successfully.
[2023-09-03 05:28:40,808] [INFO] [launch.py:347:main] Process 806025 exits successfully.
[2023-09-03 05:28:41,809] [INFO] [launch.py:347:main] Process 806026 exits successfully.
[2023-09-03 05:28:41,810] [INFO] [launch.py:347:main] Process 806031 exits successfully.
[2023-09-03 05:28:41,810] [INFO] [launch.py:347:main] Process 806027 exits successfully.
[2023-09-03 05:28:41,810] [INFO] [launch.py:347:main] Process 806029 exits successfully.
[2023-09-03 05:28:42,811] [INFO] [launch.py:347:main] Process 806030 exits successfully.
