[2023-09-03 05:21:30,665] [INFO] [real_accelerator.py:133:get_accelerator] Setting ds_accelerator to cuda (auto detect)
[2023-09-03 05:21:35,641] [WARNING] [runner.py:196:fetch_hostfile] Unable to find hostfile, will proceed with training with local resources only.
[2023-09-03 05:21:35,817] [INFO] [runner.py:555:main] cmd = /usr/bin/python3 -u -m deepspeed.launcher.launch --world_info=eyJsb2NhbGhvc3QiOiBbMCwgMSwgMiwgMywgNCwgNSwgNiwgN119 --master_addr=127.0.0.1 --master_port=29500 --enable_each_rank_log=None /home/ubuntu/shared/DeepSpeedExamples/applications/DeepSpeed-Chat/training/step2_reward_model_finetuning/main.py --data_path Dahoas/rm-static Dahoas/full-hh-rlhf Dahoas/synthetic-instruct-gptj-pairwise yitingxie/rlhf-reward-datasets --data_split 2,4,4 --data_output_path /home/ubuntu/shared/.cache/data_files/opt-350m_step2 --model_name_or_path facebook/opt-350m --num_padding_at_beginning 1 --per_device_train_batch_size 4 --per_device_eval_batch_size 4 --max_seq_len 512 --learning_rate 5e-5 --weight_decay 0.1 --num_train_epochs 1 --disable_dropout --gradient_accumulation_steps 1 --lr_scheduler_type cosine --num_warmup_steps 0 --seed 1234 --zero_stage 0 --deepspeed --max_steps 100
[2023-09-03 05:21:37,237] [INFO] [real_accelerator.py:133:get_accelerator] Setting ds_accelerator to cuda (auto detect)
[2023-09-03 05:21:41,320] [INFO] [launch.py:145:main] WORLD INFO DICT: {'localhost': [0, 1, 2, 3, 4, 5, 6, 7]}
[2023-09-03 05:21:41,320] [INFO] [launch.py:151:main] nnodes=1, num_local_procs=8, node_rank=0
[2023-09-03 05:21:41,320] [INFO] [launch.py:162:main] global_rank_mapping=defaultdict(<class 'list'>, {'localhost': [0, 1, 2, 3, 4, 5, 6, 7]})
[2023-09-03 05:21:41,320] [INFO] [launch.py:163:main] dist_world_size=8
[2023-09-03 05:21:41,320] [INFO] [launch.py:165:main] Setting CUDA_VISIBLE_DEVICES=0,1,2,3,4,5,6,7
[2023-09-03 05:21:44,192] [INFO] [real_accelerator.py:133:get_accelerator] Setting ds_accelerator to cuda (auto detect)
[2023-09-03 05:21:44,252] [INFO] [real_accelerator.py:133:get_accelerator] Setting ds_accelerator to cuda (auto detect)
[2023-09-03 05:21:44,276] [INFO] [real_accelerator.py:133:get_accelerator] Setting ds_accelerator to cuda (auto detect)
[2023-09-03 05:21:44,544] [INFO] [real_accelerator.py:133:get_accelerator] Setting ds_accelerator to cuda (auto detect)
[2023-09-03 05:21:45,107] [INFO] [real_accelerator.py:133:get_accelerator] Setting ds_accelerator to cuda (auto detect)
[2023-09-03 05:21:45,154] [INFO] [real_accelerator.py:133:get_accelerator] Setting ds_accelerator to cuda (auto detect)
[2023-09-03 05:21:45,222] [INFO] [real_accelerator.py:133:get_accelerator] Setting ds_accelerator to cuda (auto detect)
[2023-09-03 05:21:45,533] [INFO] [real_accelerator.py:133:get_accelerator] Setting ds_accelerator to cuda (auto detect)
[2023-09-03 05:21:49,173] [WARNING] [comm.py:152:init_deepspeed_backend] NCCL backend in DeepSpeed not yet implemented
[2023-09-03 05:21:49,173] [INFO] [comm.py:616:init_distributed] cdb=None
[2023-09-03 05:21:49,250] [WARNING] [comm.py:152:init_deepspeed_backend] NCCL backend in DeepSpeed not yet implemented
[2023-09-03 05:21:49,250] [INFO] [comm.py:616:init_distributed] cdb=None
[2023-09-03 05:21:49,348] [WARNING] [comm.py:152:init_deepspeed_backend] NCCL backend in DeepSpeed not yet implemented
[2023-09-03 05:21:49,348] [INFO] [comm.py:616:init_distributed] cdb=None
[2023-09-03 05:21:49,897] [WARNING] [comm.py:152:init_deepspeed_backend] NCCL backend in DeepSpeed not yet implemented
[2023-09-03 05:21:49,898] [INFO] [comm.py:616:init_distributed] cdb=None
[2023-09-03 05:21:50,566] [WARNING] [comm.py:152:init_deepspeed_backend] NCCL backend in DeepSpeed not yet implemented
[2023-09-03 05:21:50,566] [INFO] [comm.py:616:init_distributed] cdb=None
[2023-09-03 05:21:50,566] [INFO] [comm.py:643:init_distributed] Initializing TorchBackend in DeepSpeed with backend nccl
[2023-09-03 05:21:50,877] [WARNING] [comm.py:152:init_deepspeed_backend] NCCL backend in DeepSpeed not yet implemented
[2023-09-03 05:21:50,877] [INFO] [comm.py:616:init_distributed] cdb=None
[2023-09-03 05:21:50,951] [WARNING] [comm.py:152:init_deepspeed_backend] NCCL backend in DeepSpeed not yet implemented
[2023-09-03 05:21:50,951] [INFO] [comm.py:616:init_distributed] cdb=None
[2023-09-03 05:21:50,966] [WARNING] [comm.py:152:init_deepspeed_backend] NCCL backend in DeepSpeed not yet implemented
[2023-09-03 05:21:50,966] [INFO] [comm.py:616:init_distributed] cdb=None
ninja: no work to do.
Time to load fused_adam op: 0.10176944732666016 seconds
Time to load fused_adam op: 0.1019744873046875 seconds
[2023-09-03 05:22:58,353] [INFO] [logging.py:96:log_dist] [Rank 0] DeepSpeed info: version=0.10.0, git-hash=unknown, git-branch=unknown
[2023-09-03 05:22:58,353] [INFO] [comm.py:637:init_distributed] Distributed backend already initialized
ninja: no work to do.
Time to load fused_adam op: 0.09905099868774414 seconds
Time to load fused_adam op: 0.10271167755126953 seconds
Time to load fused_adam op: 0.10201787948608398 seconds
ninja: no work to do.
Time to load fused_adam op: 0.1012113094329834 seconds
Time to load fused_adam op: 0.10145974159240723 seconds
Time to load fused_adam op: 0.10207223892211914 seconds
[2023-09-03 05:23:10,180] [INFO] [logging.py:96:log_dist] [Rank 0] DeepSpeed Flops Profiler Enabled: False
[2023-09-03 05:23:10,182] [INFO] [logging.py:96:log_dist] [Rank 0] Removing param_group that has no 'params' in the client Optimizer
[2023-09-03 05:23:10,182] [INFO] [logging.py:96:log_dist] [Rank 0] Using client Optimizer as basic optimizer
[2023-09-03 05:23:10,212] [INFO] [logging.py:96:log_dist] [Rank 0] DeepSpeed Basic Optimizer = FusedAdam
[2023-09-03 05:23:10,212] [INFO] [logging.py:96:log_dist] [Rank 0] Creating fp16 optimizer with dynamic loss scale
[2023-09-03 05:23:10,426] [INFO] [logging.py:96:log_dist] [Rank 0] DeepSpeed Final Optimizer = FusedAdam
[2023-09-03 05:23:10,427] [INFO] [logging.py:96:log_dist] [Rank 0] DeepSpeed using client LR scheduler
[2023-09-03 05:23:10,427] [INFO] [logging.py:96:log_dist] [Rank 0] DeepSpeed LR Scheduler = <torch.optim.lr_scheduler.LambdaLR object at 0x7faae6c702b0>
[2023-09-03 05:23:10,427] [INFO] [logging.py:96:log_dist] [Rank 0] step=0, skipped=0, lr=[5e-05, 5e-05], mom=[(0.9, 0.95), (0.9, 0.95)]
[2023-09-03 05:23:10,428] [INFO] [config.py:960:print] DeepSpeedEngine configuration:
[2023-09-03 05:23:10,428] [INFO] [config.py:964:print]   activation_checkpointing_config  {
    "partition_activations": false, 
    "contiguous_memory_optimization": false, 
    "cpu_checkpointing": false, 
    "number_checkpoints": null, 
    "synchronize_checkpoint_boundary": false, 
    "profile": false
}
[2023-09-03 05:23:10,428] [INFO] [config.py:964:print]   aio_config ................... {'block_size': 1048576, 'queue_depth': 8, 'thread_count': 1, 'single_submit': False, 'overlap_events': True}
[2023-09-03 05:23:10,428] [INFO] [config.py:964:print]   amp_enabled .................. False
[2023-09-03 05:23:10,428] [INFO] [config.py:964:print]   amp_params ................... False
[2023-09-03 05:23:10,429] [INFO] [config.py:964:print]   autotuning_config ............ {
    "enabled": false, 
    "start_step": null, 
    "end_step": null, 
    "metric_path": null, 
    "arg_mappings": null, 
    "metric": "throughput", 
    "model_info": null, 
    "results_dir": "autotuning_results", 
    "exps_dir": "autotuning_exps", 
    "overwrite": true, 
    "fast": true, 
    "start_profile_step": 3, 
    "end_profile_step": 5, 
    "tuner_type": "gridsearch", 
    "tuner_early_stopping": 5, 
    "tuner_num_trials": 50, 
    "model_info_path": null, 
    "mp_size": 1, 
    "max_train_batch_size": null, 
    "min_train_batch_size": 1, 
    "max_train_micro_batch_size_per_gpu": 1.024000e+03, 
    "min_train_micro_batch_size_per_gpu": 1, 
    "num_tuning_micro_batch_sizes": 3
}
[2023-09-03 05:23:10,429] [INFO] [config.py:964:print]   bfloat16_enabled ............. False
[2023-09-03 05:23:10,429] [INFO] [config.py:964:print]   checkpoint_parallel_write_pipeline  False
[2023-09-03 05:23:10,429] [INFO] [config.py:964:print]   checkpoint_tag_validation_enabled  True
[2023-09-03 05:23:10,429] [INFO] [config.py:964:print]   checkpoint_tag_validation_fail  False
[2023-09-03 05:23:10,429] [INFO] [config.py:964:print]   comms_config ................. <deepspeed.comm.config.DeepSpeedCommsConfig object at 0x7faae66fbb80>
[2023-09-03 05:23:10,429] [INFO] [config.py:964:print]   communication_data_type ...... None
[2023-09-03 05:23:10,429] [INFO] [config.py:964:print]   compression_config ........... {'weight_quantization': {'shared_parameters': {'enabled': False, 'quantizer_kernel': False, 'schedule_offset': 0, 'quantize_groups': 1, 'quantize_verbose': False, 'quantization_type': 'symmetric', 'quantize_weight_in_forward': False, 'rounding': 'nearest', 'fp16_mixed_quantize': False, 'quantize_change_ratio': 0.001}, 'different_groups': {}}, 'activation_quantization': {'shared_parameters': {'enabled': False, 'quantization_type': 'symmetric', 'range_calibration': 'dynamic', 'schedule_offset': 1000}, 'different_groups': {}}, 'sparse_pruning': {'shared_parameters': {'enabled': False, 'method': 'l1', 'schedule_offset': 1000}, 'different_groups': {}}, 'row_pruning': {'shared_parameters': {'enabled': False, 'method': 'l1', 'schedule_offset': 1000}, 'different_groups': {}}, 'head_pruning': {'shared_parameters': {'enabled': False, 'method': 'topk', 'schedule_offset': 1000}, 'different_groups': {}}, 'channel_pruning': {'shared_parameters': {'enabled': False, 'method': 'l1', 'schedule_offset': 1000}, 'different_groups': {}}, 'layer_reduction': {'enabled': False}}
[2023-09-03 05:23:10,429] [INFO] [config.py:964:print]   curriculum_enabled_legacy .... False
[2023-09-03 05:23:10,429] [INFO] [config.py:964:print]   curriculum_params_legacy ..... False
[2023-09-03 05:23:10,429] [INFO] [config.py:964:print]   data_efficiency_config ....... {'enabled': False, 'seed': 1234, 'data_sampling': {'enabled': False, 'num_epochs': 1000, 'num_workers': 0, 'curriculum_learning': {'enabled': False}}, 'data_routing': {'enabled': False, 'random_ltd': {'enabled': False, 'layer_token_lr_schedule': {'enabled': False}}}}
[2023-09-03 05:23:10,429] [INFO] [config.py:964:print]   data_efficiency_enabled ...... False
[2023-09-03 05:23:10,429] [INFO] [config.py:964:print]   dataloader_drop_last ......... False
[2023-09-03 05:23:10,429] [INFO] [config.py:964:print]   disable_allgather ............ False
[2023-09-03 05:23:10,429] [INFO] [config.py:964:print]   dump_state ................... False
[2023-09-03 05:23:10,429] [INFO] [config.py:964:print]   dynamic_loss_scale_args ...... {'init_scale': 65536, 'scale_window': 100, 'delayed_shift': 2, 'consecutive_hysteresis': False, 'min_scale': 1}
[2023-09-03 05:23:10,429] [INFO] [config.py:964:print]   eigenvalue_enabled ........... False
[2023-09-03 05:23:10,429] [INFO] [config.py:964:print]   eigenvalue_gas_boundary_resolution  1
[2023-09-03 05:23:10,430] [INFO] [config.py:964:print]   eigenvalue_layer_name ........ bert.encoder.layer
[2023-09-03 05:23:10,430] [INFO] [config.py:964:print]   eigenvalue_layer_num ......... 0
[2023-09-03 05:23:10,430] [INFO] [config.py:964:print]   eigenvalue_max_iter .......... 100
[2023-09-03 05:23:10,430] [INFO] [config.py:964:print]   eigenvalue_stability ......... 1e-06
[2023-09-03 05:23:10,430] [INFO] [config.py:964:print]   eigenvalue_tol ............... 0.01
[2023-09-03 05:23:10,430] [INFO] [config.py:964:print]   eigenvalue_verbose ........... False
[2023-09-03 05:23:10,430] [INFO] [config.py:964:print]   elasticity_enabled ........... False
[2023-09-03 05:23:10,430] [INFO] [config.py:964:print]   flops_profiler_config ........ {
    "enabled": false, 
    "recompute_fwd_factor": 0.0, 
    "profile_step": 1, 
    "module_depth": -1, 
    "top_modules": 1, 
    "detailed": true, 
    "output_file": null
}
[2023-09-03 05:23:10,430] [INFO] [config.py:964:print]   fp16_auto_cast ............... False
[2023-09-03 05:23:10,430] [INFO] [config.py:964:print]   fp16_enabled ................. True
[2023-09-03 05:23:10,430] [INFO] [config.py:964:print]   fp16_master_weights_and_gradients  False
[2023-09-03 05:23:10,430] [INFO] [config.py:964:print]   global_rank .................. 0
[2023-09-03 05:23:10,430] [INFO] [config.py:964:print]   grad_accum_dtype ............. None
[2023-09-03 05:23:10,430] [INFO] [config.py:964:print]   gradient_accumulation_steps .. 1
[2023-09-03 05:23:10,430] [INFO] [config.py:964:print]   gradient_clipping ............ 1.0
[2023-09-03 05:23:10,430] [INFO] [config.py:964:print]   gradient_predivide_factor .... 1.0
[2023-09-03 05:23:10,430] [INFO] [config.py:964:print]   hybrid_engine ................ enabled=False max_out_tokens=512 inference_tp_size=1 release_inference_cache=False pin_parameters=True tp_gather_partition_size=8
[2023-09-03 05:23:10,430] [INFO] [config.py:964:print]   initial_dynamic_scale ........ 65536
[2023-09-03 05:23:10,430] [INFO] [config.py:964:print]   load_universal_checkpoint .... False
[2023-09-03 05:23:10,430] [INFO] [config.py:964:print]   loss_scale ................... 0
[2023-09-03 05:23:10,430] [INFO] [config.py:964:print]   memory_breakdown ............. False
[2023-09-03 05:23:10,430] [INFO] [config.py:964:print]   mics_hierarchial_params_gather  False
[2023-09-03 05:23:10,430] [INFO] [config.py:964:print]   mics_shard_size .............. -1
[2023-09-03 05:23:10,430] [INFO] [config.py:964:print]   monitor_config ............... tensorboard=TensorBoardConfig(enabled=False, output_path='step2_tensorboard/ds_tensorboard_logs/', job_name='step2_model_tensorboard') wandb=WandbConfig(enabled=False, group=None, team=None, project='deepspeed') csv_monitor=CSVConfig(enabled=False, output_path='', job_name='DeepSpeedJobName') enabled=False
[2023-09-03 05:23:10,430] [INFO] [config.py:964:print]   nebula_config ................ {
    "enabled": false, 
    "persistent_storage_path": null, 
    "persistent_time_interval": 100, 
    "num_of_version_in_retention": 2, 
    "enable_nebula_load": true, 
    "load_path": null
}
[2023-09-03 05:23:10,430] [INFO] [config.py:964:print]   optimizer_legacy_fusion ...... False
[2023-09-03 05:23:10,431] [INFO] [config.py:964:print]   optimizer_name ............... None
[2023-09-03 05:23:10,431] [INFO] [config.py:964:print]   optimizer_params ............. None
[2023-09-03 05:23:10,431] [INFO] [config.py:964:print]   pipeline ..................... {'stages': 'auto', 'partition': 'best', 'seed_layers': False, 'activation_checkpoint_interval': 0}
[2023-09-03 05:23:10,431] [INFO] [config.py:964:print]   pld_enabled .................. False
[2023-09-03 05:23:10,431] [INFO] [config.py:964:print]   pld_params ................... False
[2023-09-03 05:23:10,431] [INFO] [config.py:964:print]   prescale_gradients ........... False
[2023-09-03 05:23:10,431] [INFO] [config.py:964:print]   scheduler_name ............... None
[2023-09-03 05:23:10,431] [INFO] [config.py:964:print]   scheduler_params ............. None
[2023-09-03 05:23:10,431] [INFO] [config.py:964:print]   sparse_attention ............. None
[2023-09-03 05:23:10,431] [INFO] [config.py:964:print]   sparse_gradients_enabled ..... False
[2023-09-03 05:23:10,431] [INFO] [config.py:964:print]   steps_per_print .............. 10
[2023-09-03 05:23:10,431] [INFO] [config.py:964:print]   train_batch_size ............. 32
[2023-09-03 05:23:10,431] [INFO] [config.py:964:print]   train_micro_batch_size_per_gpu  4
[2023-09-03 05:23:10,431] [INFO] [config.py:964:print]   use_node_local_storage ....... False
[2023-09-03 05:23:10,431] [INFO] [config.py:964:print]   wall_clock_breakdown ......... False
[2023-09-03 05:23:10,431] [INFO] [config.py:964:print]   world_size ................... 8
[2023-09-03 05:23:10,431] [INFO] [config.py:964:print]   zero_allow_untested_optimizer  False
[2023-09-03 05:23:10,431] [INFO] [config.py:964:print]   zero_config .................. stage=0 contiguous_gradients=True reduce_scatter=True reduce_bucket_size=500,000,000 allgather_partitions=True allgather_bucket_size=500,000,000 overlap_comm=False load_from_fp32_weights=True elastic_checkpoint=False offload_param=DeepSpeedZeroOffloadParamConfig(device='none', nvme_path=None, buffer_count=5, buffer_size=100,000,000, max_in_cpu=1,000,000,000, pin_memory=False) offload_optimizer=DeepSpeedZeroOffloadOptimizerConfig(device='none', nvme_path=None, buffer_count=4, pin_memory=False, pipeline=False, pipeline_read=False, pipeline_write=False, fast_init=False) sub_group_size=1,000,000,000 cpu_offload_param=None cpu_offload_use_pin_memory=None cpu_offload=None prefetch_bucket_size=30000000 param_persistence_threshold=10000 model_persistence_threshold=sys.maxsize max_live_parameters=30000000 max_reuse_distance=1,000,000,000 gather_16bit_weights_on_model_save=False stage3_gather_fp16_weights_on_model_save=False ignore_unused_parameters=True legacy_stage1=False round_robin_gradients=False zero_hpz_partition_size=1 zero_quantized_weights=False zero_quantized_gradients=False mics_shard_size=-1 mics_hierarchical_params_gather=False memory_efficient_linear=False
[2023-09-03 05:23:10,431] [INFO] [config.py:964:print]   zero_enabled ................. False
[2023-09-03 05:23:10,431] [INFO] [config.py:964:print]   zero_force_ds_cpu_optimizer .. True
[2023-09-03 05:23:10,431] [INFO] [config.py:964:print]   zero_optimization_stage ...... 0
[2023-09-03 05:23:10,431] [INFO] [config.py:950:print_user_config]   json = {
    "train_batch_size": 32, 
    "train_micro_batch_size_per_gpu": 4, 
    "steps_per_print": 10, 
    "zero_optimization": {
        "stage": 0, 
        "offload_param": {
            "device": "none"
        }, 
        "offload_optimizer": {
            "device": "none"
        }, 
        "stage3_param_persistence_threshold": 1.000000e+04, 
        "stage3_max_live_parameters": 3.000000e+07, 
        "stage3_prefetch_bucket_size": 3.000000e+07, 
        "memory_efficient_linear": false
    }, 
    "fp16": {
        "enabled": true, 
        "loss_scale_window": 100
    }, 
    "gradient_clipping": 1.0, 
    "prescale_gradients": false, 
    "wall_clock_breakdown": false, 
    "hybrid_engine": {
        "enabled": false, 
        "max_out_tokens": 512, 
        "inference_tp_size": 1, 
        "release_inference_cache": false, 
        "pin_parameters": true, 
        "tp_gather_partition_size": 8
    }, 
    "tensorboard": {
        "enabled": false, 
        "output_path": "step2_tensorboard/ds_tensorboard_logs/", 
        "job_name": "step2_model_tensorboard"
    }
}
***** Running training *****
***** Evaluating reward, Epoch 0/1 *****
chosen_last_scores (higher is better) : 2.5768067836761475, acc (higher is better) : 0.4899999797344208
Beginning of Epoch 1/1, Total Micro Batches 3680
[2023-09-03 05:23:14,015] [INFO] [fused_optimizer.py:362:_update_scale] 
Grad overflow on iteration 0
[2023-09-03 05:23:14,015] [INFO] [fused_optimizer.py:362:_update_scale] 
Grad overflow on iteration 0
[2023-09-03 05:23:14,015] [INFO] [fused_optimizer.py:362:_update_scale] 
Grad overflow on iteration 0
[2023-09-03 05:23:14,015] [INFO] [fused_optimizer.py:363:_update_scale] Reducing dynamic loss scale from 65536 to 32768.0
[2023-09-03 05:23:14,015] [INFO] [fused_optimizer.py:363:_update_scale] Reducing dynamic loss scale from 65536 to 32768.0
[2023-09-03 05:23:14,015] [INFO] [fused_optimizer.py:363:_update_scale] Reducing dynamic loss scale from 65536 to 32768.0
[2023-09-03 05:23:14,015] [INFO] [fused_optimizer.py:362:_update_scale] 
Grad overflow on iteration 0
[2023-09-03 05:23:14,015] [INFO] [fused_optimizer.py:363:_update_scale] Reducing dynamic loss scale from 65536 to 32768.0
[2023-09-03 05:23:14,015] [INFO] [fused_optimizer.py:362:_update_scale] 
Grad overflow on iteration 0
[2023-09-03 05:23:14,016] [INFO] [fused_optimizer.py:363:_update_scale] Reducing dynamic loss scale from 65536 to 32768.0
[2023-09-03 05:23:14,015] [INFO] [fused_optimizer.py:362:_update_scale] 
Grad overflow on iteration 0
[2023-09-03 05:23:14,016] [INFO] [fused_optimizer.py:363:_update_scale] Reducing dynamic loss scale from 65536 to 32768.0
[2023-09-03 05:23:14,016] [INFO] [logging.py:96:log_dist] [Rank 0] Overflow detected. Skipping step. Attempted loss scale: 65536, reducing to 32768.0
[2023-09-03 05:23:14,018] [INFO] [fused_optimizer.py:362:_update_scale] 
Grad overflow on iteration 0
[2023-09-03 05:23:14,018] [INFO] [fused_optimizer.py:363:_update_scale] Reducing dynamic loss scale from 65536 to 32768.0
[2023-09-03 05:23:14,018] [INFO] [fused_optimizer.py:362:_update_scale] 
Grad overflow on iteration 0
[2023-09-03 05:23:14,018] [INFO] [fused_optimizer.py:363:_update_scale] Reducing dynamic loss scale from 65536 to 32768.0
[2023-09-03 05:23:14,111] [INFO] [fused_optimizer.py:362:_update_scale] 
Grad overflow on iteration 1
[2023-09-03 05:23:14,111] [INFO] [fused_optimizer.py:362:_update_scale] 
Grad overflow on iteration 1
[2023-09-03 05:23:14,111] [INFO] [fused_optimizer.py:362:_update_scale] 
Grad overflow on iteration 1
[2023-09-03 05:23:14,111] [INFO] [fused_optimizer.py:362:_update_scale] 
Grad overflow on iteration 1
[2023-09-03 05:23:14,111] [INFO] [fused_optimizer.py:362:_update_scale] 
Grad overflow on iteration 1
[2023-09-03 05:23:14,111] [INFO] [fused_optimizer.py:362:_update_scale] 
Grad overflow on iteration 1
[2023-09-03 05:23:14,111] [INFO] [fused_optimizer.py:363:_update_scale] Reducing dynamic loss scale from 32768.0 to 16384.0
[2023-09-03 05:23:14,111] [INFO] [fused_optimizer.py:363:_update_scale] Reducing dynamic loss scale from 32768.0 to 16384.0
[2023-09-03 05:23:14,111] [INFO] [fused_optimizer.py:363:_update_scale] Reducing dynamic loss scale from 32768.0 to 16384.0
[2023-09-03 05:23:14,111] [INFO] [fused_optimizer.py:363:_update_scale] Reducing dynamic loss scale from 32768.0 to 16384.0
[2023-09-03 05:23:14,111] [INFO] [fused_optimizer.py:363:_update_scale] Reducing dynamic loss scale from 32768.0 to 16384.0
[2023-09-03 05:23:14,111] [INFO] [fused_optimizer.py:363:_update_scale] Reducing dynamic loss scale from 32768.0 to 16384.0
[2023-09-03 05:23:14,111] [INFO] [logging.py:96:log_dist] [Rank 0] Overflow detected. Skipping step. Attempted loss scale: 32768.0, reducing to 16384.0
[2023-09-03 05:23:14,111] [INFO] [fused_optimizer.py:362:_update_scale] 
Grad overflow on iteration 1
[2023-09-03 05:23:14,111] [INFO] [fused_optimizer.py:363:_update_scale] Reducing dynamic loss scale from 32768.0 to 16384.0
[2023-09-03 05:23:14,114] [INFO] [fused_optimizer.py:362:_update_scale] 
Grad overflow on iteration 1
[2023-09-03 05:23:14,114] [INFO] [fused_optimizer.py:363:_update_scale] Reducing dynamic loss scale from 32768.0 to 16384.0
[2023-09-03 05:23:14,201] [INFO] [fused_optimizer.py:362:_update_scale] 
Grad overflow on iteration 2
[2023-09-03 05:23:14,201] [INFO] [fused_optimizer.py:362:_update_scale] 
Grad overflow on iteration 2
[2023-09-03 05:23:14,201] [INFO] [fused_optimizer.py:363:_update_scale] Reducing dynamic loss scale from 16384.0 to 8192.0
[2023-09-03 05:23:14,201] [INFO] [fused_optimizer.py:363:_update_scale] Reducing dynamic loss scale from 16384.0 to 8192.0
[2023-09-03 05:23:14,201] [INFO] [fused_optimizer.py:362:_update_scale] 
Grad overflow on iteration 2
[2023-09-03 05:23:14,201] [INFO] [logging.py:96:log_dist] [Rank 0] Overflow detected. Skipping step. Attempted loss scale: 16384.0, reducing to 8192.0
[2023-09-03 05:23:14,201] [INFO] [fused_optimizer.py:363:_update_scale] Reducing dynamic loss scale from 16384.0 to 8192.0
[2023-09-03 05:23:14,201] [INFO] [fused_optimizer.py:362:_update_scale] 
Grad overflow on iteration 2
[2023-09-03 05:23:14,201] [INFO] [fused_optimizer.py:362:_update_scale] 
Grad overflow on iteration 2
[2023-09-03 05:23:14,201] [INFO] [fused_optimizer.py:362:_update_scale] 
Grad overflow on iteration 2
[2023-09-03 05:23:14,201] [INFO] [fused_optimizer.py:362:_update_scale] 
Grad overflow on iteration 2
[2023-09-03 05:23:14,201] [INFO] [fused_optimizer.py:362:_update_scale] 
Grad overflow on iteration 2
[2023-09-03 05:23:14,202] [INFO] [fused_optimizer.py:363:_update_scale] Reducing dynamic loss scale from 16384.0 to 8192.0
[2023-09-03 05:23:14,202] [INFO] [fused_optimizer.py:363:_update_scale] Reducing dynamic loss scale from 16384.0 to 8192.0
[2023-09-03 05:23:14,202] [INFO] [fused_optimizer.py:363:_update_scale] Reducing dynamic loss scale from 16384.0 to 8192.0
[2023-09-03 05:23:14,202] [INFO] [fused_optimizer.py:363:_update_scale] Reducing dynamic loss scale from 16384.0 to 8192.0
[2023-09-03 05:23:14,202] [INFO] [fused_optimizer.py:363:_update_scale] Reducing dynamic loss scale from 16384.0 to 8192.0
[2023-09-03 05:23:14,276] [INFO] [fused_optimizer.py:362:_update_scale] 
Grad overflow on iteration 3
[2023-09-03 05:23:14,276] [INFO] [fused_optimizer.py:362:_update_scale] 
Grad overflow on iteration 3
[2023-09-03 05:23:14,276] [INFO] [fused_optimizer.py:363:_update_scale] Reducing dynamic loss scale from 8192.0 to 4096.0
[2023-09-03 05:23:14,276] [INFO] [fused_optimizer.py:363:_update_scale] Reducing dynamic loss scale from 8192.0 to 4096.0
[2023-09-03 05:23:14,276] [INFO] [fused_optimizer.py:362:_update_scale] 
Grad overflow on iteration 3
[2023-09-03 05:23:14,276] [INFO] [fused_optimizer.py:362:_update_scale] 
Grad overflow on iteration 3
[2023-09-03 05:23:14,276] [INFO] [logging.py:96:log_dist] [Rank 0] Overflow detected. Skipping step. Attempted loss scale: 8192.0, reducing to 4096.0
[2023-09-03 05:23:14,276] [INFO] [fused_optimizer.py:363:_update_scale] Reducing dynamic loss scale from 8192.0 to 4096.0
[2023-09-03 05:23:14,276] [INFO] [fused_optimizer.py:362:_update_scale] 
Grad overflow on iteration 3
[2023-09-03 05:23:14,276] [INFO] [fused_optimizer.py:362:_update_scale] 
Grad overflow on iteration 3
[2023-09-03 05:23:14,276] [INFO] [fused_optimizer.py:362:_update_scale] 
Grad overflow on iteration 3
[2023-09-03 05:23:14,276] [INFO] [fused_optimizer.py:363:_update_scale] Reducing dynamic loss scale from 8192.0 to 4096.0
[2023-09-03 05:23:14,276] [INFO] [fused_optimizer.py:363:_update_scale] Reducing dynamic loss scale from 8192.0 to 4096.0
[2023-09-03 05:23:14,276] [INFO] [fused_optimizer.py:363:_update_scale] Reducing dynamic loss scale from 8192.0 to 4096.0
[2023-09-03 05:23:14,276] [INFO] [fused_optimizer.py:363:_update_scale] Reducing dynamic loss scale from 8192.0 to 4096.0
[2023-09-03 05:23:14,276] [INFO] [fused_optimizer.py:362:_update_scale] 
Grad overflow on iteration 3
[2023-09-03 05:23:14,276] [INFO] [fused_optimizer.py:363:_update_scale] Reducing dynamic loss scale from 8192.0 to 4096.0
[2023-09-03 05:23:14,348] [INFO] [fused_optimizer.py:362:_update_scale] 
Grad overflow on iteration 4
[2023-09-03 05:23:14,348] [INFO] [fused_optimizer.py:362:_update_scale] 
Grad overflow on iteration 4
[2023-09-03 05:23:14,348] [INFO] [fused_optimizer.py:363:_update_scale] Reducing dynamic loss scale from 4096.0 to 2048.0
[2023-09-03 05:23:14,348] [INFO] [fused_optimizer.py:362:_update_scale] 
Grad overflow on iteration 4
[2023-09-03 05:23:14,348] [INFO] [fused_optimizer.py:362:_update_scale] 
Grad overflow on iteration 4
[2023-09-03 05:23:14,348] [INFO] [fused_optimizer.py:363:_update_scale] Reducing dynamic loss scale from 4096.0 to 2048.0
[2023-09-03 05:23:14,348] [INFO] [fused_optimizer.py:363:_update_scale] Reducing dynamic loss scale from 4096.0 to 2048.0
[2023-09-03 05:23:14,348] [INFO] [fused_optimizer.py:362:_update_scale] 
Grad overflow on iteration 4
[2023-09-03 05:23:14,348] [INFO] [logging.py:96:log_dist] [Rank 0] Overflow detected. Skipping step. Attempted loss scale: 4096.0, reducing to 2048.0
[2023-09-03 05:23:14,348] [INFO] [fused_optimizer.py:363:_update_scale] Reducing dynamic loss scale from 4096.0 to 2048.0
[2023-09-03 05:23:14,348] [INFO] [fused_optimizer.py:363:_update_scale] Reducing dynamic loss scale from 4096.0 to 2048.0
[2023-09-03 05:23:14,348] [INFO] [fused_optimizer.py:362:_update_scale] 
Grad overflow on iteration 4
[2023-09-03 05:23:14,348] [INFO] [fused_optimizer.py:362:_update_scale] 
Grad overflow on iteration 4
[2023-09-03 05:23:14,348] [INFO] [fused_optimizer.py:363:_update_scale] Reducing dynamic loss scale from 4096.0 to 2048.0
[2023-09-03 05:23:14,348] [INFO] [fused_optimizer.py:363:_update_scale] Reducing dynamic loss scale from 4096.0 to 2048.0
[2023-09-03 05:23:14,349] [INFO] [fused_optimizer.py:362:_update_scale] 
Grad overflow on iteration 4
[2023-09-03 05:23:14,349] [INFO] [fused_optimizer.py:363:_update_scale] Reducing dynamic loss scale from 4096.0 to 2048.0
[2023-09-03 05:23:14,419] [INFO] [fused_optimizer.py:362:_update_scale] 
Grad overflow on iteration 5
[2023-09-03 05:23:14,419] [INFO] [fused_optimizer.py:362:_update_scale] 
Grad overflow on iteration 5
[2023-09-03 05:23:14,419] [INFO] [fused_optimizer.py:363:_update_scale] Reducing dynamic loss scale from 2048.0 to 1024.0
[2023-09-03 05:23:14,419] [INFO] [fused_optimizer.py:362:_update_scale] 
Grad overflow on iteration 5
[2023-09-03 05:23:14,419] [INFO] [fused_optimizer.py:363:_update_scale] Reducing dynamic loss scale from 2048.0 to 1024.0
[2023-09-03 05:23:14,419] [INFO] [fused_optimizer.py:363:_update_scale] Reducing dynamic loss scale from 2048.0 to 1024.0
[2023-09-03 05:23:14,419] [INFO] [logging.py:96:log_dist] [Rank 0] Overflow detected. Skipping step. Attempted loss scale: 2048.0, reducing to 1024.0
[2023-09-03 05:23:14,419] [INFO] [fused_optimizer.py:362:_update_scale] 
Grad overflow on iteration 5
[2023-09-03 05:23:14,419] [INFO] [fused_optimizer.py:362:_update_scale] 
Grad overflow on iteration 5
[2023-09-03 05:23:14,419] [INFO] [fused_optimizer.py:362:_update_scale] 
Grad overflow on iteration 5
[2023-09-03 05:23:14,419] [INFO] [fused_optimizer.py:362:_update_scale] 
Grad overflow on iteration 5
[2023-09-03 05:23:14,419] [INFO] [fused_optimizer.py:362:_update_scale] 
Grad overflow on iteration 5
[2023-09-03 05:23:14,419] [INFO] [fused_optimizer.py:363:_update_scale] Reducing dynamic loss scale from 2048.0 to 1024.0
[2023-09-03 05:23:14,419] [INFO] [fused_optimizer.py:363:_update_scale] Reducing dynamic loss scale from 2048.0 to 1024.0
[2023-09-03 05:23:14,419] [INFO] [fused_optimizer.py:363:_update_scale] Reducing dynamic loss scale from 2048.0 to 1024.0
[2023-09-03 05:23:14,419] [INFO] [fused_optimizer.py:363:_update_scale] Reducing dynamic loss scale from 2048.0 to 1024.0
[2023-09-03 05:23:14,419] [INFO] [fused_optimizer.py:363:_update_scale] Reducing dynamic loss scale from 2048.0 to 1024.0
[2023-09-03 05:23:14,491] [INFO] [fused_optimizer.py:362:_update_scale] 
Grad overflow on iteration 6
[2023-09-03 05:23:14,491] [INFO] [fused_optimizer.py:362:_update_scale] 
Grad overflow on iteration 6
[2023-09-03 05:23:14,491] [INFO] [fused_optimizer.py:363:_update_scale] Reducing dynamic loss scale from 1024.0 to 512.0
[2023-09-03 05:23:14,491] [INFO] [fused_optimizer.py:363:_update_scale] Reducing dynamic loss scale from 1024.0 to 512.0
[2023-09-03 05:23:14,491] [INFO] [fused_optimizer.py:362:_update_scale] 
Grad overflow on iteration 6
[2023-09-03 05:23:14,491] [INFO] [fused_optimizer.py:362:_update_scale] 
Grad overflow on iteration 6
[2023-09-03 05:23:14,491] [INFO] [fused_optimizer.py:363:_update_scale] Reducing dynamic loss scale from 1024.0 to 512.0
[2023-09-03 05:23:14,491] [INFO] [logging.py:96:log_dist] [Rank 0] Overflow detected. Skipping step. Attempted loss scale: 1024.0, reducing to 512.0
[2023-09-03 05:23:14,491] [INFO] [fused_optimizer.py:362:_update_scale] 
Grad overflow on iteration 6
[2023-09-03 05:23:14,491] [INFO] [fused_optimizer.py:362:_update_scale] 
Grad overflow on iteration 6
[2023-09-03 05:23:14,491] [INFO] [fused_optimizer.py:363:_update_scale] Reducing dynamic loss scale from 1024.0 to 512.0
[2023-09-03 05:23:14,491] [INFO] [fused_optimizer.py:362:_update_scale] 
Grad overflow on iteration 6
[2023-09-03 05:23:14,491] [INFO] [fused_optimizer.py:362:_update_scale] 
Grad overflow on iteration 6
[2023-09-03 05:23:14,491] [INFO] [fused_optimizer.py:363:_update_scale] Reducing dynamic loss scale from 1024.0 to 512.0
[2023-09-03 05:23:14,491] [INFO] [fused_optimizer.py:363:_update_scale] Reducing dynamic loss scale from 1024.0 to 512.0
[2023-09-03 05:23:14,491] [INFO] [fused_optimizer.py:363:_update_scale] Reducing dynamic loss scale from 1024.0 to 512.0
[2023-09-03 05:23:14,491] [INFO] [fused_optimizer.py:363:_update_scale] Reducing dynamic loss scale from 1024.0 to 512.0
[2023-09-03 05:23:14,812] [INFO] [logging.py:96:log_dist] [Rank 0] step=10, skipped=7, lr=[4.999991801084829e-05, 4.999991801084829e-05], mom=[(0.9, 0.95), (0.9, 0.95)]
[2023-09-03 05:23:14,817] [INFO] [timer.py:215:stop] epoch=0/micro_step=10/global_step=10, RunningAvgSamplesPerSec=364.88767456970965, CurrSamplesPerSec=341.0965185812056, MemAllocated=4.38GB, MaxMemAllocated=12.85GB
[2023-09-03 05:23:15,795] [INFO] [logging.py:96:log_dist] [Rank 0] step=20, skipped=7, lr=[4.999846044088921e-05, 4.999846044088921e-05], mom=[(0.9, 0.95), (0.9, 0.95)]
[2023-09-03 05:23:15,799] [INFO] [timer.py:215:stop] epoch=0/micro_step=20/global_step=20, RunningAvgSamplesPerSec=342.7775937398997, CurrSamplesPerSec=316.4281069866679, MemAllocated=4.38GB, MaxMemAllocated=12.85GB
[2023-09-03 05:23:16,792] [INFO] [logging.py:96:log_dist] [Rank 0] step=30, skipped=7, lr=[4.9995181012051625e-05, 4.9995181012051625e-05], mom=[(0.9, 0.95), (0.9, 0.95)]
[2023-09-03 05:23:16,797] [INFO] [timer.py:215:stop] epoch=0/micro_step=30/global_step=30, RunningAvgSamplesPerSec=334.996301942483, CurrSamplesPerSec=319.43064129963966, MemAllocated=4.38GB, MaxMemAllocated=12.85GB
[2023-09-03 05:23:17,783] [INFO] [logging.py:96:log_dist] [Rank 0] step=40, skipped=7, lr=[4.9990079963336504e-05, 4.9990079963336504e-05], mom=[(0.9, 0.95), (0.9, 0.95)]
[2023-09-03 05:23:17,787] [INFO] [timer.py:215:stop] epoch=0/micro_step=40/global_step=40, RunningAvgSamplesPerSec=332.1811822162864, CurrSamplesPerSec=328.3887295823995, MemAllocated=4.38GB, MaxMemAllocated=12.85GB
[2023-09-03 05:23:18,777] [INFO] [logging.py:96:log_dist] [Rank 0] step=50, skipped=7, lr=[4.998315766650239e-05, 4.998315766650239e-05], mom=[(0.9, 0.95), (0.9, 0.95)]
[2023-09-03 05:23:18,782] [INFO] [timer.py:215:stop] epoch=0/micro_step=50/global_step=50, RunningAvgSamplesPerSec=330.13959099992394, CurrSamplesPerSec=319.54091226165565, MemAllocated=4.38GB, MaxMemAllocated=12.85GB
[2023-09-03 05:23:19,775] [INFO] [logging.py:96:log_dist] [Rank 0] step=60, skipped=7, lr=[4.997441462603825e-05, 4.997441462603825e-05], mom=[(0.9, 0.95), (0.9, 0.95)]
[2023-09-03 05:23:19,779] [INFO] [timer.py:215:stop] epoch=0/micro_step=60/global_step=60, RunningAvgSamplesPerSec=328.70834817201137, CurrSamplesPerSec=326.2328197424997, MemAllocated=4.38GB, MaxMemAllocated=12.85GB
[2023-09-03 05:23:20,764] [INFO] [logging.py:96:log_dist] [Rank 0] step=70, skipped=7, lr=[4.996385147912677e-05, 4.996385147912677e-05], mom=[(0.9, 0.95), (0.9, 0.95)]
[2023-09-03 05:23:20,769] [INFO] [timer.py:215:stop] epoch=0/micro_step=70/global_step=70, RunningAvgSamplesPerSec=328.1144576199529, CurrSamplesPerSec=323.8282151749696, MemAllocated=4.38GB, MaxMemAllocated=12.85GB
[2023-09-03 05:23:21,741] [INFO] [logging.py:96:log_dist] [Rank 0] step=80, skipped=7, lr=[4.995146899559788e-05, 4.995146899559788e-05], mom=[(0.9, 0.95), (0.9, 0.95)]
[2023-09-03 05:23:21,746] [INFO] [timer.py:215:stop] epoch=0/micro_step=80/global_step=80, RunningAvgSamplesPerSec=328.1967623864386, CurrSamplesPerSec=333.7778009882696, MemAllocated=4.38GB, MaxMemAllocated=12.85GB
[2023-09-03 05:23:22,709] [INFO] [logging.py:96:log_dist] [Rank 0] step=90, skipped=7, lr=[4.993726807787265e-05, 4.993726807787265e-05], mom=[(0.9, 0.95), (0.9, 0.95)]
[2023-09-03 05:23:22,714] [INFO] [timer.py:215:stop] epoch=0/micro_step=90/global_step=90, RunningAvgSamplesPerSec=328.59918942736766, CurrSamplesPerSec=325.76881236301676, MemAllocated=4.38GB, MaxMemAllocated=12.85GB
[2023-09-03 05:23:23,675] [INFO] [logging.py:96:log_dist] [Rank 0] step=100, skipped=7, lr=[4.9921249760897536e-05, 4.9921249760897536e-05], mom=[(0.9, 0.95), (0.9, 0.95)]
[2023-09-03 05:23:23,679] [INFO] [timer.py:215:stop] epoch=0/micro_step=100/global_step=100, RunningAvgSamplesPerSec=329.0171732403961, CurrSamplesPerSec=331.8458974726671, MemAllocated=4.38GB, MaxMemAllocated=12.85GB
======================================================================
Execution time: 9.9705 seconds for 100 steps
Throughput: 320.9464 samples/sec
[2023-09-03 05:23:34,456] [INFO] [launch.py:347:main] Process 802136 exits successfully.
[2023-09-03 05:23:34,456] [INFO] [launch.py:347:main] Process 802138 exits successfully.
[2023-09-03 05:23:34,457] [INFO] [launch.py:347:main] Process 802137 exits successfully.
[2023-09-03 05:23:34,457] [INFO] [launch.py:347:main] Process 802134 exits successfully.
[2023-09-03 05:23:35,458] [INFO] [launch.py:347:main] Process 802135 exits successfully.
[2023-09-03 05:23:35,458] [INFO] [launch.py:347:main] Process 802141 exits successfully.
[2023-09-03 05:23:35,458] [INFO] [launch.py:347:main] Process 802140 exits successfully.
[2023-09-03 05:23:35,459] [INFO] [launch.py:347:main] Process 802139 exits successfully.
