[2023-09-03 06:04:20,790] [INFO] [real_accelerator.py:133:get_accelerator] Setting ds_accelerator to cuda (auto detect)
[2023-09-03 06:04:24,803] [WARNING] [runner.py:196:fetch_hostfile] Unable to find hostfile, will proceed with training with local resources only.
[2023-09-03 06:04:25,672] [INFO] [runner.py:555:main] cmd = /home/ubuntu/shared/DeepSpeedExamples/applications/DeepSpeed-Chat/training/.venv/bin/python -u -m deepspeed.launcher.launch --world_info=eyJsb2NhbGhvc3QiOiBbMCwgMSwgMiwgMywgNCwgNSwgNiwgN119 --master_addr=127.0.0.1 --master_port=29500 --enable_each_rank_log=None /home/ubuntu/shared/DeepSpeedExamples/applications/DeepSpeed-Chat/training/step1_supervised_finetuning/main.py --data_path Dahoas/rm-static Dahoas/full-hh-rlhf Dahoas/synthetic-instruct-gptj-pairwise yitingxie/rlhf-reward-datasets --data_split 2,4,4 --data_output_path /home/ubuntu/shared/.cache/data_files/opt-13b_step1 --model_name_or_path facebook/opt-13b --per_device_train_batch_size 4 --per_device_eval_batch_size 4 --max_seq_len 512 --learning_rate 1e-8 --weight_decay 0.1 --num_train_epochs 2 --gradient_accumulation_steps 1 --lr_scheduler_type cosine --num_warmup_steps 0 --seed 1234 --gradient_checkpointing --zero_stage 3 --lora_dim 128 --lora_module_name decoder.layers. --deepspeed --max_steps 100
[2023-09-03 06:04:27,523] [INFO] [real_accelerator.py:133:get_accelerator] Setting ds_accelerator to cuda (auto detect)
[2023-09-03 06:04:28,999] [INFO] [launch.py:145:main] WORLD INFO DICT: {'localhost': [0, 1, 2, 3, 4, 5, 6, 7]}
[2023-09-03 06:04:28,999] [INFO] [launch.py:151:main] nnodes=1, num_local_procs=8, node_rank=0
[2023-09-03 06:04:28,999] [INFO] [launch.py:162:main] global_rank_mapping=defaultdict(<class 'list'>, {'localhost': [0, 1, 2, 3, 4, 5, 6, 7]})
[2023-09-03 06:04:28,999] [INFO] [launch.py:163:main] dist_world_size=8
[2023-09-03 06:04:28,999] [INFO] [launch.py:165:main] Setting CUDA_VISIBLE_DEVICES=0,1,2,3,4,5,6,7
[2023-09-03 06:04:31,107] [INFO] [real_accelerator.py:133:get_accelerator] Setting ds_accelerator to cuda (auto detect)
[2023-09-03 06:04:31,129] [INFO] [real_accelerator.py:133:get_accelerator] Setting ds_accelerator to cuda (auto detect)
[2023-09-03 06:04:31,162] [INFO] [real_accelerator.py:133:get_accelerator] Setting ds_accelerator to cuda (auto detect)
[2023-09-03 06:04:31,178] [INFO] [real_accelerator.py:133:get_accelerator] Setting ds_accelerator to cuda (auto detect)
[2023-09-03 06:04:31,190] [INFO] [real_accelerator.py:133:get_accelerator] Setting ds_accelerator to cuda (auto detect)
[2023-09-03 06:04:31,199] [INFO] [real_accelerator.py:133:get_accelerator] Setting ds_accelerator to cuda (auto detect)
[2023-09-03 06:04:31,204] [INFO] [real_accelerator.py:133:get_accelerator] Setting ds_accelerator to cuda (auto detect)
[2023-09-03 06:04:31,428] [INFO] [real_accelerator.py:133:get_accelerator] Setting ds_accelerator to cuda (auto detect)
[2023-09-03 06:04:35,502] [WARNING] [comm.py:152:init_deepspeed_backend] NCCL backend in DeepSpeed not yet implemented
[2023-09-03 06:04:35,502] [INFO] [comm.py:616:init_distributed] cdb=None
[2023-09-03 06:04:35,504] [WARNING] [comm.py:152:init_deepspeed_backend] NCCL backend in DeepSpeed not yet implemented
[2023-09-03 06:04:35,504] [WARNING] [comm.py:152:init_deepspeed_backend] NCCL backend in DeepSpeed not yet implemented
[2023-09-03 06:04:35,505] [INFO] [comm.py:616:init_distributed] cdb=None
[2023-09-03 06:04:35,505] [INFO] [comm.py:616:init_distributed] cdb=None
[2023-09-03 06:04:35,505] [INFO] [comm.py:643:init_distributed] Initializing TorchBackend in DeepSpeed with backend nccl
[2023-09-03 06:04:35,509] [WARNING] [comm.py:152:init_deepspeed_backend] NCCL backend in DeepSpeed not yet implemented
[2023-09-03 06:04:35,509] [INFO] [comm.py:616:init_distributed] cdb=None
[2023-09-03 06:04:36,587] [WARNING] [comm.py:152:init_deepspeed_backend] NCCL backend in DeepSpeed not yet implemented
[2023-09-03 06:04:36,587] [INFO] [comm.py:616:init_distributed] cdb=None
[2023-09-03 06:04:36,599] [WARNING] [comm.py:152:init_deepspeed_backend] NCCL backend in DeepSpeed not yet implemented
[2023-09-03 06:04:36,599] [INFO] [comm.py:616:init_distributed] cdb=None
[2023-09-03 06:04:36,604] [WARNING] [comm.py:152:init_deepspeed_backend] NCCL backend in DeepSpeed not yet implemented
[2023-09-03 06:04:36,604] [INFO] [comm.py:616:init_distributed] cdb=None
[2023-09-03 06:04:36,610] [WARNING] [comm.py:152:init_deepspeed_backend] NCCL backend in DeepSpeed not yet implemented
[2023-09-03 06:04:36,610] [INFO] [comm.py:616:init_distributed] cdb=None
[2023-09-03 06:04:56,419] [INFO] [partition_parameters.py:326:__exit__] finished initializing model with 13.11B parameters
ninja: no work to do.
Time to load fused_adam op: 0.09073185920715332 seconds
ninja: no work to do.
Time to load fused_adam op: 0.08352851867675781 seconds
Time to load fused_adam op: 0.10153365135192871 seconds
ninja: no work to do.
Time to load fused_adam op: 0.08394384384155273 seconds
ninja: no work to do.
Time to load fused_adam op: 0.07956767082214355 seconds
ninja: no work to do.
Time to load fused_adam op: 0.08361601829528809 seconds
Time to load fused_adam op: 0.10129642486572266 seconds
Time to load fused_adam op: 0.10132861137390137 seconds
[2023-09-03 06:07:00,676] [INFO] [logging.py:96:log_dist] [Rank 0] DeepSpeed info: version=0.10.0, git-hash=unknown, git-branch=unknown
[2023-09-03 06:07:00,676] [INFO] [comm.py:637:init_distributed] Distributed backend already initialized
[2023-09-03 06:07:05,265] [INFO] [logging.py:96:log_dist] [Rank 0] DeepSpeed Flops Profiler Enabled: False
[2023-09-03 06:07:05,269] [INFO] [logging.py:96:log_dist] [Rank 0] Removing param_group that has no 'params' in the client Optimizer
[2023-09-03 06:07:05,269] [INFO] [logging.py:96:log_dist] [Rank 0] Using client Optimizer as basic optimizer
[2023-09-03 06:07:05,387] [INFO] [logging.py:96:log_dist] [Rank 0] DeepSpeed Basic Optimizer = FusedAdam
[2023-09-03 06:07:05,387] [INFO] [utils.py:54:is_zero_supported_optimizer] Checking ZeRO support for optimizer=FusedAdam type=<class 'deepspeed.ops.adam.fused_adam.FusedAdam'>
[2023-09-03 06:07:05,387] [INFO] [logging.py:96:log_dist] [Rank 0] Creating fp16 ZeRO stage 3 optimizer, MiCS is enabled False, Hierarchical params gather False
[2023-09-03 06:07:05,387] [INFO] [logging.py:96:log_dist] [Rank 0] Creating torch.float16 ZeRO stage 3 optimizer
[2023-09-03 06:07:06,079] [INFO] [utils.py:785:see_memory_usage] Stage 3 initialize beginning
[2023-09-03 06:07:06,080] [INFO] [utils.py:786:see_memory_usage] MA 3.93 GB         Max_MA 4.43 GB         CA 5.53 GB         Max_CA 6 GB 
[2023-09-03 06:07:06,080] [INFO] [utils.py:793:see_memory_usage] CPU Virtual Memory:  used = 76.45 GB, percent = 4.3%
[2023-09-03 06:07:06,084] [INFO] [stage3.py:117:__init__] Reduce bucket size 500,000,000
[2023-09-03 06:07:06,084] [INFO] [stage3.py:118:__init__] Prefetch bucket size 30000000
[2023-09-03 06:07:06,642] [INFO] [utils.py:785:see_memory_usage] DeepSpeedZeRoOffload initialize [begin]
[2023-09-03 06:07:06,643] [INFO] [utils.py:786:see_memory_usage] MA 3.93 GB         Max_MA 3.93 GB         CA 5.53 GB         Max_CA 6 GB 
[2023-09-03 06:07:06,643] [INFO] [utils.py:793:see_memory_usage] CPU Virtual Memory:  used = 76.43 GB, percent = 4.3%
Parameter Offload: Total persistent parameters: 1853440 in 362 params
[2023-09-03 06:07:07,819] [INFO] [utils.py:785:see_memory_usage] DeepSpeedZeRoOffload initialize [end]
[2023-09-03 06:07:07,820] [INFO] [utils.py:786:see_memory_usage] MA 3.16 GB         Max_MA 3.93 GB         CA 5.64 GB         Max_CA 6 GB 
[2023-09-03 06:07:07,821] [INFO] [utils.py:793:see_memory_usage] CPU Virtual Memory:  used = 76.43 GB, percent = 4.3%
[2023-09-03 06:07:08,401] [INFO] [utils.py:785:see_memory_usage] Before creating fp16 partitions
[2023-09-03 06:07:08,402] [INFO] [utils.py:786:see_memory_usage] MA 3.16 GB         Max_MA 3.16 GB         CA 5.64 GB         Max_CA 6 GB 
[2023-09-03 06:07:08,402] [INFO] [utils.py:793:see_memory_usage] CPU Virtual Memory:  used = 76.48 GB, percent = 4.3%
[2023-09-03 06:07:10,835] [INFO] [utils.py:785:see_memory_usage] After creating fp16 partitions: 3
[2023-09-03 06:07:10,837] [INFO] [utils.py:786:see_memory_usage] MA 3.16 GB         Max_MA 3.16 GB         CA 3.79 GB         Max_CA 6 GB 
[2023-09-03 06:07:10,837] [INFO] [utils.py:793:see_memory_usage] CPU Virtual Memory:  used = 76.43 GB, percent = 4.3%
[2023-09-03 06:07:11,397] [INFO] [utils.py:785:see_memory_usage] Before creating fp32 partitions
[2023-09-03 06:07:11,398] [INFO] [utils.py:786:see_memory_usage] MA 3.16 GB         Max_MA 3.16 GB         CA 3.79 GB         Max_CA 4 GB 
[2023-09-03 06:07:11,398] [INFO] [utils.py:793:see_memory_usage] CPU Virtual Memory:  used = 76.48 GB, percent = 4.3%
[2023-09-03 06:07:11,952] [INFO] [utils.py:785:see_memory_usage] After creating fp32 partitions
[2023-09-03 06:07:11,953] [INFO] [utils.py:786:see_memory_usage] MA 3.51 GB         Max_MA 3.62 GB         CA 3.79 GB         Max_CA 4 GB 
[2023-09-03 06:07:11,953] [INFO] [utils.py:793:see_memory_usage] CPU Virtual Memory:  used = 76.49 GB, percent = 4.3%
[2023-09-03 06:07:12,503] [INFO] [utils.py:785:see_memory_usage] Before initializing optimizer states
[2023-09-03 06:07:12,504] [INFO] [utils.py:786:see_memory_usage] MA 3.51 GB         Max_MA 3.51 GB         CA 3.79 GB         Max_CA 4 GB 
[2023-09-03 06:07:12,504] [INFO] [utils.py:793:see_memory_usage] CPU Virtual Memory:  used = 76.43 GB, percent = 4.3%
[2023-09-03 06:07:13,662] [INFO] [utils.py:785:see_memory_usage] After initializing optimizer states
[2023-09-03 06:07:13,663] [INFO] [utils.py:786:see_memory_usage] MA 4.2 GB         Max_MA 4.42 GB         CA 4.57 GB         Max_CA 5 GB 
[2023-09-03 06:07:13,663] [INFO] [utils.py:793:see_memory_usage] CPU Virtual Memory:  used = 76.43 GB, percent = 4.3%
[2023-09-03 06:07:13,664] [INFO] [stage3.py:424:_setup_for_real_optimizer] optimizer state initialized
[2023-09-03 06:07:15,112] [INFO] [utils.py:785:see_memory_usage] After initializing ZeRO optimizer
[2023-09-03 06:07:15,114] [INFO] [utils.py:786:see_memory_usage] MA 5.31 GB         Max_MA 6.27 GB         CA 6.95 GB         Max_CA 7 GB 
[2023-09-03 06:07:15,114] [INFO] [utils.py:793:see_memory_usage] CPU Virtual Memory:  used = 76.43 GB, percent = 4.3%
[2023-09-03 06:07:15,114] [INFO] [logging.py:96:log_dist] [Rank 0] DeepSpeed Final Optimizer = FusedAdam
[2023-09-03 06:07:15,114] [INFO] [logging.py:96:log_dist] [Rank 0] DeepSpeed using client LR scheduler
[2023-09-03 06:07:15,114] [INFO] [logging.py:96:log_dist] [Rank 0] DeepSpeed LR Scheduler = <torch.optim.lr_scheduler.LambdaLR object at 0x7fbe93a7ec80>
[2023-09-03 06:07:15,115] [INFO] [logging.py:96:log_dist] [Rank 0] step=0, skipped=0, lr=[1e-08, 0.0005, 1e-08], mom=[(0.9, 0.95), (0.9, 0.95), (0.9, 0.95)]
[2023-09-03 06:07:15,116] [INFO] [config.py:960:print] DeepSpeedEngine configuration:
[2023-09-03 06:07:15,117] [INFO] [config.py:964:print]   activation_checkpointing_config  {
    "partition_activations": false, 
    "contiguous_memory_optimization": false, 
    "cpu_checkpointing": false, 
    "number_checkpoints": null, 
    "synchronize_checkpoint_boundary": false, 
    "profile": false
}
[2023-09-03 06:07:15,117] [INFO] [config.py:964:print]   aio_config ................... {'block_size': 1048576, 'queue_depth': 8, 'thread_count': 1, 'single_submit': False, 'overlap_events': True}
[2023-09-03 06:07:15,117] [INFO] [config.py:964:print]   amp_enabled .................. False
[2023-09-03 06:07:15,117] [INFO] [config.py:964:print]   amp_params ................... False
[2023-09-03 06:07:15,118] [INFO] [config.py:964:print]   autotuning_config ............ {
    "enabled": false, 
    "start_step": null, 
    "end_step": null, 
    "metric_path": null, 
    "arg_mappings": null, 
    "metric": "throughput", 
    "model_info": null, 
    "results_dir": "autotuning_results", 
    "exps_dir": "autotuning_exps", 
    "overwrite": true, 
    "fast": true, 
    "start_profile_step": 3, 
    "end_profile_step": 5, 
    "tuner_type": "gridsearch", 
    "tuner_early_stopping": 5, 
    "tuner_num_trials": 50, 
    "model_info_path": null, 
    "mp_size": 1, 
    "max_train_batch_size": null, 
    "min_train_batch_size": 1, 
    "max_train_micro_batch_size_per_gpu": 1.024000e+03, 
    "min_train_micro_batch_size_per_gpu": 1, 
    "num_tuning_micro_batch_sizes": 3
}
[2023-09-03 06:07:15,118] [INFO] [config.py:964:print]   bfloat16_enabled ............. False
[2023-09-03 06:07:15,118] [INFO] [config.py:964:print]   checkpoint_parallel_write_pipeline  False
[2023-09-03 06:07:15,118] [INFO] [config.py:964:print]   checkpoint_tag_validation_enabled  True
[2023-09-03 06:07:15,118] [INFO] [config.py:964:print]   checkpoint_tag_validation_fail  False
[2023-09-03 06:07:15,118] [INFO] [config.py:964:print]   comms_config ................. <deepspeed.comm.config.DeepSpeedCommsConfig object at 0x7fbe93a7fe20>
[2023-09-03 06:07:15,118] [INFO] [config.py:964:print]   communication_data_type ...... None
[2023-09-03 06:07:15,118] [INFO] [config.py:964:print]   compression_config ........... {'weight_quantization': {'shared_parameters': {'enabled': False, 'quantizer_kernel': False, 'schedule_offset': 0, 'quantize_groups': 1, 'quantize_verbose': False, 'quantization_type': 'symmetric', 'quantize_weight_in_forward': False, 'rounding': 'nearest', 'fp16_mixed_quantize': False, 'quantize_change_ratio': 0.001}, 'different_groups': {}}, 'activation_quantization': {'shared_parameters': {'enabled': False, 'quantization_type': 'symmetric', 'range_calibration': 'dynamic', 'schedule_offset': 1000}, 'different_groups': {}}, 'sparse_pruning': {'shared_parameters': {'enabled': False, 'method': 'l1', 'schedule_offset': 1000}, 'different_groups': {}}, 'row_pruning': {'shared_parameters': {'enabled': False, 'method': 'l1', 'schedule_offset': 1000}, 'different_groups': {}}, 'head_pruning': {'shared_parameters': {'enabled': False, 'method': 'topk', 'schedule_offset': 1000}, 'different_groups': {}}, 'channel_pruning': {'shared_parameters': {'enabled': False, 'method': 'l1', 'schedule_offset': 1000}, 'different_groups': {}}, 'layer_reduction': {'enabled': False}}
[2023-09-03 06:07:15,118] [INFO] [config.py:964:print]   curriculum_enabled_legacy .... False
[2023-09-03 06:07:15,118] [INFO] [config.py:964:print]   curriculum_params_legacy ..... False
[2023-09-03 06:07:15,118] [INFO] [config.py:964:print]   data_efficiency_config ....... {'enabled': False, 'seed': 1234, 'data_sampling': {'enabled': False, 'num_epochs': 1000, 'num_workers': 0, 'curriculum_learning': {'enabled': False}}, 'data_routing': {'enabled': False, 'random_ltd': {'enabled': False, 'layer_token_lr_schedule': {'enabled': False}}}}
[2023-09-03 06:07:15,118] [INFO] [config.py:964:print]   data_efficiency_enabled ...... False
[2023-09-03 06:07:15,118] [INFO] [config.py:964:print]   dataloader_drop_last ......... False
[2023-09-03 06:07:15,118] [INFO] [config.py:964:print]   disable_allgather ............ False
[2023-09-03 06:07:15,118] [INFO] [config.py:964:print]   dump_state ................... False
[2023-09-03 06:07:15,118] [INFO] [config.py:964:print]   dynamic_loss_scale_args ...... {'init_scale': 65536, 'scale_window': 100, 'delayed_shift': 2, 'consecutive_hysteresis': False, 'min_scale': 1}
[2023-09-03 06:07:15,118] [INFO] [config.py:964:print]   eigenvalue_enabled ........... False
[2023-09-03 06:07:15,119] [INFO] [config.py:964:print]   eigenvalue_gas_boundary_resolution  1
[2023-09-03 06:07:15,119] [INFO] [config.py:964:print]   eigenvalue_layer_name ........ bert.encoder.layer
[2023-09-03 06:07:15,119] [INFO] [config.py:964:print]   eigenvalue_layer_num ......... 0
[2023-09-03 06:07:15,119] [INFO] [config.py:964:print]   eigenvalue_max_iter .......... 100
[2023-09-03 06:07:15,119] [INFO] [config.py:964:print]   eigenvalue_stability ......... 1e-06
[2023-09-03 06:07:15,119] [INFO] [config.py:964:print]   eigenvalue_tol ............... 0.01
[2023-09-03 06:07:15,119] [INFO] [config.py:964:print]   eigenvalue_verbose ........... False
[2023-09-03 06:07:15,119] [INFO] [config.py:964:print]   elasticity_enabled ........... False
[2023-09-03 06:07:15,119] [INFO] [config.py:964:print]   flops_profiler_config ........ {
    "enabled": false, 
    "recompute_fwd_factor": 0.0, 
    "profile_step": 1, 
    "module_depth": -1, 
    "top_modules": 1, 
    "detailed": true, 
    "output_file": null
}
[2023-09-03 06:07:15,119] [INFO] [config.py:964:print]   fp16_auto_cast ............... False
[2023-09-03 06:07:15,119] [INFO] [config.py:964:print]   fp16_enabled ................. True
[2023-09-03 06:07:15,119] [INFO] [config.py:964:print]   fp16_master_weights_and_gradients  False
[2023-09-03 06:07:15,119] [INFO] [config.py:964:print]   global_rank .................. 0
[2023-09-03 06:07:15,119] [INFO] [config.py:964:print]   grad_accum_dtype ............. None
[2023-09-03 06:07:15,119] [INFO] [config.py:964:print]   gradient_accumulation_steps .. 1
[2023-09-03 06:07:15,119] [INFO] [config.py:964:print]   gradient_clipping ............ 1.0
[2023-09-03 06:07:15,119] [INFO] [config.py:964:print]   gradient_predivide_factor .... 1.0
[2023-09-03 06:07:15,119] [INFO] [config.py:964:print]   hybrid_engine ................ enabled=False max_out_tokens=512 inference_tp_size=1 release_inference_cache=False pin_parameters=True tp_gather_partition_size=8
[2023-09-03 06:07:15,119] [INFO] [config.py:964:print]   initial_dynamic_scale ........ 65536
[2023-09-03 06:07:15,120] [INFO] [config.py:964:print]   load_universal_checkpoint .... False
[2023-09-03 06:07:15,120] [INFO] [config.py:964:print]   loss_scale ................... 0
[2023-09-03 06:07:15,120] [INFO] [config.py:964:print]   memory_breakdown ............. False
[2023-09-03 06:07:15,120] [INFO] [config.py:964:print]   mics_hierarchial_params_gather  False
[2023-09-03 06:07:15,120] [INFO] [config.py:964:print]   mics_shard_size .............. -1
[2023-09-03 06:07:15,120] [INFO] [config.py:964:print]   monitor_config ............... tensorboard=TensorBoardConfig(enabled=False, output_path='step1_tensorboard/ds_tensorboard_logs/', job_name='step1_model_tensorboard') wandb=WandbConfig(enabled=False, group=None, team=None, project='deepspeed') csv_monitor=CSVConfig(enabled=False, output_path='', job_name='DeepSpeedJobName') enabled=False
[2023-09-03 06:07:15,120] [INFO] [config.py:964:print]   nebula_config ................ {
    "enabled": false, 
    "persistent_storage_path": null, 
    "persistent_time_interval": 100, 
    "num_of_version_in_retention": 2, 
    "enable_nebula_load": true, 
    "load_path": null
}
[2023-09-03 06:07:15,120] [INFO] [config.py:964:print]   optimizer_legacy_fusion ...... False
[2023-09-03 06:07:15,120] [INFO] [config.py:964:print]   optimizer_name ............... None
[2023-09-03 06:07:15,120] [INFO] [config.py:964:print]   optimizer_params ............. None
[2023-09-03 06:07:15,120] [INFO] [config.py:964:print]   pipeline ..................... {'stages': 'auto', 'partition': 'best', 'seed_layers': False, 'activation_checkpoint_interval': 0}
[2023-09-03 06:07:15,120] [INFO] [config.py:964:print]   pld_enabled .................. False
[2023-09-03 06:07:15,120] [INFO] [config.py:964:print]   pld_params ................... False
[2023-09-03 06:07:15,120] [INFO] [config.py:964:print]   prescale_gradients ........... False
[2023-09-03 06:07:15,120] [INFO] [config.py:964:print]   scheduler_name ............... None
[2023-09-03 06:07:15,120] [INFO] [config.py:964:print]   scheduler_params ............. None
[2023-09-03 06:07:15,120] [INFO] [config.py:964:print]   sparse_attention ............. None
[2023-09-03 06:07:15,120] [INFO] [config.py:964:print]   sparse_gradients_enabled ..... False
[2023-09-03 06:07:15,121] [INFO] [config.py:964:print]   steps_per_print .............. 10
[2023-09-03 06:07:15,121] [INFO] [config.py:964:print]   train_batch_size ............. 32
[2023-09-03 06:07:15,121] [INFO] [config.py:964:print]   train_micro_batch_size_per_gpu  4
[2023-09-03 06:07:15,121] [INFO] [config.py:964:print]   use_node_local_storage ....... False
[2023-09-03 06:07:15,121] [INFO] [config.py:964:print]   wall_clock_breakdown ......... False
[2023-09-03 06:07:15,121] [INFO] [config.py:964:print]   world_size ................... 8
[2023-09-03 06:07:15,121] [INFO] [config.py:964:print]   zero_allow_untested_optimizer  False
[2023-09-03 06:07:15,121] [INFO] [config.py:964:print]   zero_config .................. stage=3 contiguous_gradients=True reduce_scatter=True reduce_bucket_size=500,000,000 allgather_partitions=True allgather_bucket_size=500,000,000 overlap_comm=True load_from_fp32_weights=True elastic_checkpoint=False offload_param=DeepSpeedZeroOffloadParamConfig(device='none', nvme_path=None, buffer_count=5, buffer_size=100,000,000, max_in_cpu=1,000,000,000, pin_memory=False) offload_optimizer=DeepSpeedZeroOffloadOptimizerConfig(device='none', nvme_path=None, buffer_count=4, pin_memory=False, pipeline=False, pipeline_read=False, pipeline_write=False, fast_init=False) sub_group_size=1,000,000,000 cpu_offload_param=None cpu_offload_use_pin_memory=None cpu_offload=None prefetch_bucket_size=30000000 param_persistence_threshold=10000 model_persistence_threshold=sys.maxsize max_live_parameters=30000000 max_reuse_distance=1,000,000,000 gather_16bit_weights_on_model_save=False stage3_gather_fp16_weights_on_model_save=False ignore_unused_parameters=True legacy_stage1=False round_robin_gradients=False zero_hpz_partition_size=1 zero_quantized_weights=False zero_quantized_gradients=False mics_shard_size=-1 mics_hierarchical_params_gather=False memory_efficient_linear=False
[2023-09-03 06:07:15,121] [INFO] [config.py:964:print]   zero_enabled ................. True
[2023-09-03 06:07:15,121] [INFO] [config.py:964:print]   zero_force_ds_cpu_optimizer .. True
[2023-09-03 06:07:15,121] [INFO] [config.py:964:print]   zero_optimization_stage ...... 3
[2023-09-03 06:07:15,121] [INFO] [config.py:950:print_user_config]   json = {
    "train_batch_size": 32, 
    "train_micro_batch_size_per_gpu": 4, 
    "steps_per_print": 10, 
    "zero_optimization": {
        "stage": 3, 
        "offload_param": {
            "device": "none"
        }, 
        "offload_optimizer": {
            "device": "none"
        }, 
        "stage3_param_persistence_threshold": 1.000000e+04, 
        "stage3_max_live_parameters": 3.000000e+07, 
        "stage3_prefetch_bucket_size": 3.000000e+07, 
        "memory_efficient_linear": false
    }, 
    "fp16": {
        "enabled": true, 
        "loss_scale_window": 100
    }, 
    "gradient_clipping": 1.0, 
    "prescale_gradients": false, 
    "wall_clock_breakdown": false, 
    "hybrid_engine": {
        "enabled": false, 
        "max_out_tokens": 512, 
        "inference_tp_size": 1, 
        "release_inference_cache": false, 
        "pin_parameters": true, 
        "tp_gather_partition_size": 8
    }, 
    "tensorboard": {
        "enabled": false, 
        "output_path": "step1_tensorboard/ds_tensorboard_logs/", 
        "job_name": "step1_model_tensorboard"
    }
}
***** Running training *****
***** Evaluating perplexity, Epoch 0/2 *****
ppl: 2906.83447265625
Beginning of Epoch 1/2, Total Micro Batches 1840
[2023-09-03 06:09:19,644] [INFO] [loss_scaler.py:190:update_scale] [deepspeed] OVERFLOW! Rank 0 Skipping step. Attempted loss scale: 65536, but hysteresis is 2. Reducing hysteresis to 1
Invalidate trace cache @ step 0: expected module 13, but got module 0
[2023-09-03 06:09:23,339] [INFO] [loss_scaler.py:183:update_scale] [deepspeed] OVERFLOW! Rank 0 Skipping step. Attempted loss scale: 65536, reducing to 32768
[2023-09-03 06:09:26,708] [INFO] [loss_scaler.py:183:update_scale] [deepspeed] OVERFLOW! Rank 0 Skipping step. Attempted loss scale: 32768, reducing to 16384
[2023-09-03 06:09:31,570] [INFO] [loss_scaler.py:183:update_scale] [deepspeed] OVERFLOW! Rank 0 Skipping step. Attempted loss scale: 16384, reducing to 8192
[2023-09-03 06:09:34,045] [INFO] [loss_scaler.py:183:update_scale] [deepspeed] OVERFLOW! Rank 0 Skipping step. Attempted loss scale: 8192, reducing to 4096
[2023-09-03 06:09:37,118] [INFO] [loss_scaler.py:183:update_scale] [deepspeed] OVERFLOW! Rank 0 Skipping step. Attempted loss scale: 4096, reducing to 2048
[2023-09-03 06:09:39,603] [INFO] [loss_scaler.py:183:update_scale] [deepspeed] OVERFLOW! Rank 0 Skipping step. Attempted loss scale: 2048, reducing to 1024
[2023-09-03 06:09:47,146] [INFO] [logging.py:96:log_dist] [Rank 0] step=10, skipped=7, lr=[9.999983602169657e-09, 0.0004999991801084828, 9.999983602169657e-09], mom=[(0.9, 0.95), (0.9, 0.95), (0.9, 0.95)]
[2023-09-03 06:09:47,147] [INFO] [timer.py:215:stop] epoch=0/micro_step=10/global_step=10, RunningAvgSamplesPerSec=10.760861098729414, CurrSamplesPerSec=12.867703635911644, MemAllocated=5.52GB, MaxMemAllocated=9.67GB
[2023-09-03 06:10:11,809] [INFO] [logging.py:96:log_dist] [Rank 0] step=20, skipped=7, lr=[9.999692088177842e-09, 0.000499984604408892, 9.999692088177842e-09], mom=[(0.9, 0.95), (0.9, 0.95), (0.9, 0.95)]
[2023-09-03 06:10:11,810] [INFO] [timer.py:215:stop] epoch=0/micro_step=20/global_step=20, RunningAvgSamplesPerSec=11.894209105966896, CurrSamplesPerSec=12.937989044647999, MemAllocated=5.52GB, MaxMemAllocated=9.67GB
[2023-09-03 06:10:34,343] [INFO] [logging.py:96:log_dist] [Rank 0] step=30, skipped=7, lr=[9.999036202410324e-09, 0.0004999518101205162, 9.999036202410324e-09], mom=[(0.9, 0.95), (0.9, 0.95), (0.9, 0.95)]
[2023-09-03 06:10:34,344] [INFO] [timer.py:215:stop] epoch=0/micro_step=30/global_step=30, RunningAvgSamplesPerSec=12.631255253617066, CurrSamplesPerSec=19.63648163653577, MemAllocated=5.52GB, MaxMemAllocated=9.67GB
[2023-09-03 06:10:51,548] [INFO] [logging.py:96:log_dist] [Rank 0] step=40, skipped=7, lr=[9.998015992667302e-09, 0.000499900799633365, 9.998015992667302e-09], mom=[(0.9, 0.95), (0.9, 0.95), (0.9, 0.95)]
[2023-09-03 06:10:51,549] [INFO] [timer.py:215:stop] epoch=0/micro_step=40/global_step=40, RunningAvgSamplesPerSec=13.799368366453354, CurrSamplesPerSec=19.623272407855172, MemAllocated=5.52GB, MaxMemAllocated=9.67GB
[2023-09-03 06:11:07,977] [INFO] [logging.py:96:log_dist] [Rank 0] step=50, skipped=7, lr=[9.996631533300478e-09, 0.0004998315766650238, 9.996631533300478e-09], mom=[(0.9, 0.95), (0.9, 0.95), (0.9, 0.95)]
[2023-09-03 06:11:07,978] [INFO] [timer.py:215:stop] epoch=0/micro_step=50/global_step=50, RunningAvgSamplesPerSec=14.694663727206702, CurrSamplesPerSec=19.639159525731582, MemAllocated=5.52GB, MaxMemAllocated=9.67GB
[2023-09-03 06:11:24,683] [INFO] [logging.py:96:log_dist] [Rank 0] step=60, skipped=7, lr=[9.99488292520765e-09, 0.0004997441462603825, 9.99488292520765e-09], mom=[(0.9, 0.95), (0.9, 0.95), (0.9, 0.95)]
[2023-09-03 06:11:24,684] [INFO] [timer.py:215:stop] epoch=0/micro_step=60/global_step=60, RunningAvgSamplesPerSec=15.311955360707723, CurrSamplesPerSec=19.59737645938827, MemAllocated=5.52GB, MaxMemAllocated=9.67GB
[2023-09-03 06:11:43,111] [INFO] [logging.py:96:log_dist] [Rank 0] step=70, skipped=7, lr=[9.992770295825354e-09, 0.0004996385147912677, 9.992770295825354e-09], mom=[(0.9, 0.95), (0.9, 0.95), (0.9, 0.95)]
[2023-09-03 06:11:43,112] [INFO] [timer.py:215:stop] epoch=0/micro_step=70/global_step=70, RunningAvgSamplesPerSec=15.58533990820666, CurrSamplesPerSec=19.493665613344106, MemAllocated=5.52GB, MaxMemAllocated=9.67GB
[2023-09-03 06:11:59,730] [INFO] [logging.py:96:log_dist] [Rank 0] step=80, skipped=7, lr=[9.990293799119577e-09, 0.0004995146899559788, 9.990293799119577e-09], mom=[(0.9, 0.95), (0.9, 0.95), (0.9, 0.95)]
[2023-09-03 06:11:59,731] [INFO] [timer.py:215:stop] epoch=0/micro_step=80/global_step=80, RunningAvgSamplesPerSec=15.977968638921483, CurrSamplesPerSec=18.213384635280367, MemAllocated=5.52GB, MaxMemAllocated=9.67GB
[2023-09-03 06:12:16,319] [INFO] [logging.py:96:log_dist] [Rank 0] step=90, skipped=7, lr=[9.98745361557453e-09, 0.0004993726807787265, 9.98745361557453e-09], mom=[(0.9, 0.95), (0.9, 0.95), (0.9, 0.95)]
[2023-09-03 06:12:16,319] [INFO] [timer.py:215:stop] epoch=0/micro_step=90/global_step=90, RunningAvgSamplesPerSec=16.298003555841973, CurrSamplesPerSec=17.991095449993438, MemAllocated=5.52GB, MaxMemAllocated=9.67GB
[2023-09-03 06:12:32,823] [INFO] [logging.py:96:log_dist] [Rank 0] step=100, skipped=7, lr=[9.984249952179506e-09, 0.0004992124976089754, 9.984249952179506e-09], mom=[(0.9, 0.95), (0.9, 0.95), (0.9, 0.95)]
[2023-09-03 06:12:32,824] [INFO] [timer.py:215:stop] epoch=0/micro_step=100/global_step=100, RunningAvgSamplesPerSec=16.569435302441864, CurrSamplesPerSec=18.734058682061367, MemAllocated=5.52GB, MaxMemAllocated=9.67GB
======================================================================
Execution time: 199.8305 seconds for 100 steps
Throughput: 16.0136 samples/sec
[2023-09-03 06:12:39,536] [INFO] [launch.py:347:main] Process 303848 exits successfully.
[2023-09-03 06:12:39,536] [INFO] [launch.py:347:main] Process 303845 exits successfully.
[2023-09-03 06:12:39,536] [INFO] [launch.py:347:main] Process 303850 exits successfully.
[2023-09-03 06:12:39,536] [INFO] [launch.py:347:main] Process 303847 exits successfully.
[2023-09-03 06:12:39,536] [INFO] [launch.py:347:main] Process 303849 exits successfully.
[2023-09-03 06:12:40,538] [INFO] [launch.py:347:main] Process 303846 exits successfully.
[2023-09-03 06:12:41,539] [INFO] [launch.py:347:main] Process 303844 exits successfully.
[2023-09-03 06:12:41,539] [INFO] [launch.py:347:main] Process 303843 exits successfully.
