[2023-09-03 06:16:15,465] [INFO] [real_accelerator.py:133:get_accelerator] Setting ds_accelerator to cuda (auto detect)
[2023-09-03 06:16:20,247] [WARNING] [runner.py:196:fetch_hostfile] Unable to find hostfile, will proceed with training with local resources only.
[2023-09-03 06:16:21,152] [INFO] [runner.py:555:main] cmd = /home/ubuntu/shared/DeepSpeedExamples/applications/DeepSpeed-Chat/training/.venv/bin/python -u -m deepspeed.launcher.launch --world_info=eyJsb2NhbGhvc3QiOiBbMCwgMSwgMiwgMywgNCwgNSwgNiwgN119 --master_addr=127.0.0.1 --master_port=12346 --enable_each_rank_log=None /home/ubuntu/shared/DeepSpeedExamples/applications/DeepSpeed-Chat/training/step3_rlhf_finetuning/main.py --data_path Dahoas/rm-static Dahoas/full-hh-rlhf Dahoas/synthetic-instruct-gptj-pairwise yitingxie/rlhf-reward-datasets --data_split 2,4,4 --data_output_path /home/ubuntu/shared/.cache/data_files/opt-13b_step3 --actor_model_name_or_path /home/ubuntu/shared/.cache/huggingface/transformers/models--facebook--opt-13b/snapshots/e515202d1e7750da62d245fbccb2723b9c1790f5 --critic_model_name_or_path /home/ubuntu/shared/.cache/huggingface/transformers/models--facebook--opt-350m/snapshots/cb32f77e905cccbca1d970436fb0f5e6b58ee3c5 --num_padding_at_beginning 1 --per_device_train_batch_size 16 --per_device_mini_train_batch_size 16 --generation_batch_numbers 1 --ppo_epochs 1 --max_answer_seq_len 256 --max_prompt_seq_len 256 --actor_learning_rate 5e-4 --critic_learning_rate 5e-6 --num_train_epochs 1 --lr_scheduler_type cosine --gradient_accumulation_steps 1 --num_warmup_steps 100 --deepspeed --seed 1234 --enable_hybrid_engine --inference_tp_size 1 --actor_zero_stage 3 --critic_zero_stage 3 --actor_gradient_checkpointing --disable_actor_dropout --actor_lora_dim 128 --actor_lora_module_name decoder.layers. --max_steps 10
[2023-09-03 06:16:23,076] [INFO] [real_accelerator.py:133:get_accelerator] Setting ds_accelerator to cuda (auto detect)
[2023-09-03 06:16:24,491] [INFO] [launch.py:145:main] WORLD INFO DICT: {'localhost': [0, 1, 2, 3, 4, 5, 6, 7]}
[2023-09-03 06:16:24,491] [INFO] [launch.py:151:main] nnodes=1, num_local_procs=8, node_rank=0
[2023-09-03 06:16:24,491] [INFO] [launch.py:162:main] global_rank_mapping=defaultdict(<class 'list'>, {'localhost': [0, 1, 2, 3, 4, 5, 6, 7]})
[2023-09-03 06:16:24,491] [INFO] [launch.py:163:main] dist_world_size=8
[2023-09-03 06:16:24,491] [INFO] [launch.py:165:main] Setting CUDA_VISIBLE_DEVICES=0,1,2,3,4,5,6,7
[2023-09-03 06:16:26,630] [INFO] [real_accelerator.py:133:get_accelerator] Setting ds_accelerator to cuda (auto detect)
[2023-09-03 06:16:26,672] [INFO] [real_accelerator.py:133:get_accelerator] Setting ds_accelerator to cuda (auto detect)
[2023-09-03 06:16:26,677] [INFO] [real_accelerator.py:133:get_accelerator] Setting ds_accelerator to cuda (auto detect)
[2023-09-03 06:16:26,706] [INFO] [real_accelerator.py:133:get_accelerator] Setting ds_accelerator to cuda (auto detect)
[2023-09-03 06:16:26,738] [INFO] [real_accelerator.py:133:get_accelerator] Setting ds_accelerator to cuda (auto detect)
[2023-09-03 06:16:26,750] [INFO] [real_accelerator.py:133:get_accelerator] Setting ds_accelerator to cuda (auto detect)
[2023-09-03 06:16:26,751] [INFO] [real_accelerator.py:133:get_accelerator] Setting ds_accelerator to cuda (auto detect)
[2023-09-03 06:16:26,787] [INFO] [real_accelerator.py:133:get_accelerator] Setting ds_accelerator to cuda (auto detect)
[2023-09-03 06:16:29,827] [WARNING] [comm.py:152:init_deepspeed_backend] NCCL backend in DeepSpeed not yet implemented
[2023-09-03 06:16:29,827] [INFO] [comm.py:616:init_distributed] cdb=None
[2023-09-03 06:16:30,953] [WARNING] [comm.py:152:init_deepspeed_backend] NCCL backend in DeepSpeed not yet implemented
[2023-09-03 06:16:30,953] [INFO] [comm.py:616:init_distributed] cdb=None
[2023-09-03 06:16:30,954] [WARNING] [comm.py:152:init_deepspeed_backend] NCCL backend in DeepSpeed not yet implemented
[2023-09-03 06:16:30,954] [INFO] [comm.py:616:init_distributed] cdb=None
[2023-09-03 06:16:30,956] [WARNING] [comm.py:152:init_deepspeed_backend] NCCL backend in DeepSpeed not yet implemented
[2023-09-03 06:16:30,956] [INFO] [comm.py:616:init_distributed] cdb=None
[2023-09-03 06:16:30,969] [WARNING] [comm.py:152:init_deepspeed_backend] NCCL backend in DeepSpeed not yet implemented
[2023-09-03 06:16:30,969] [INFO] [comm.py:616:init_distributed] cdb=None
[2023-09-03 06:16:30,994] [WARNING] [comm.py:152:init_deepspeed_backend] NCCL backend in DeepSpeed not yet implemented
[2023-09-03 06:16:30,994] [INFO] [comm.py:616:init_distributed] cdb=None
[2023-09-03 06:16:31,002] [WARNING] [comm.py:152:init_deepspeed_backend] NCCL backend in DeepSpeed not yet implemented
[2023-09-03 06:16:31,003] [INFO] [comm.py:616:init_distributed] cdb=None
[2023-09-03 06:16:31,017] [WARNING] [comm.py:152:init_deepspeed_backend] NCCL backend in DeepSpeed not yet implemented
[2023-09-03 06:16:31,017] [INFO] [comm.py:616:init_distributed] cdb=None
[2023-09-03 06:16:31,017] [INFO] [comm.py:643:init_distributed] Initializing TorchBackend in DeepSpeed with backend nccl
************************[start] Initializing Actor Model [start] *************************
[2023-09-03 06:17:24,280] [INFO] [partition_parameters.py:326:__exit__] finished initializing model with 13.11B parameters
ninja: no work to do.
Time to load fused_adam op: 0.08446407318115234 seconds
ninja: no work to do.
Time to load fused_adam op: 0.08262991905212402 seconds
Time to load fused_adam op: 0.10232353210449219 seconds
Time to load fused_adam op: 0.1021420955657959 seconds
ninja: no work to do.
Time to load fused_adam op: 0.08288860321044922 seconds
Time to load fused_adam op: 0.2022552490234375 seconds
[2023-09-03 06:19:10,637] [INFO] [logging.py:96:log_dist] [Rank 0] DeepSpeed info: version=0.10.0, git-hash=unknown, git-branch=unknown
Time to load fused_adam op: 0.10187768936157227 seconds
Time to load fused_adam op: 0.10205483436584473 seconds
[2023-09-03 06:19:15,464] [INFO] [logging.py:96:log_dist] [Rank 0] DeepSpeed Flops Profiler Enabled: False
[2023-09-03 06:19:15,468] [INFO] [logging.py:96:log_dist] [Rank 0] Removing param_group that has no 'params' in the client Optimizer
[2023-09-03 06:19:15,468] [INFO] [logging.py:96:log_dist] [Rank 0] Using client Optimizer as basic optimizer
[2023-09-03 06:19:15,597] [INFO] [logging.py:96:log_dist] [Rank 0] DeepSpeed Basic Optimizer = FusedAdam
[2023-09-03 06:19:15,597] [INFO] [utils.py:54:is_zero_supported_optimizer] Checking ZeRO support for optimizer=FusedAdam type=<class 'deepspeed.ops.adam.fused_adam.FusedAdam'>
[2023-09-03 06:19:15,597] [INFO] [logging.py:96:log_dist] [Rank 0] Creating fp16 ZeRO stage 3 optimizer, MiCS is enabled False, Hierarchical params gather False
[2023-09-03 06:19:15,597] [INFO] [logging.py:96:log_dist] [Rank 0] Creating torch.float16 ZeRO stage 3 optimizer
[2023-09-03 06:19:16,870] [INFO] [utils.py:785:see_memory_usage] Stage 3 initialize beginning
[2023-09-03 06:19:16,871] [INFO] [utils.py:786:see_memory_usage] MA 3.93 GB         Max_MA 4.43 GB         CA 17.25 GB         Max_CA 17 GB 
[2023-09-03 06:19:16,872] [INFO] [utils.py:793:see_memory_usage] CPU Virtual Memory:  used = 71.34 GB, percent = 4.0%
[2023-09-03 06:19:16,875] [INFO] [stage3.py:117:__init__] Reduce bucket size 500,000,000
[2023-09-03 06:19:16,875] [INFO] [stage3.py:118:__init__] Prefetch bucket size 30000000
[2023-09-03 06:19:17,806] [INFO] [utils.py:785:see_memory_usage] DeepSpeedZeRoOffload initialize [begin]
[2023-09-03 06:19:17,807] [INFO] [utils.py:786:see_memory_usage] MA 3.93 GB         Max_MA 3.93 GB         CA 17.25 GB         Max_CA 17 GB 
[2023-09-03 06:19:17,807] [INFO] [utils.py:793:see_memory_usage] CPU Virtual Memory:  used = 71.4 GB, percent = 4.0%
Parameter Offload: Total persistent parameters: 1853440 in 362 params
[2023-09-03 06:19:20,640] [INFO] [utils.py:785:see_memory_usage] DeepSpeedZeRoOffload initialize [end]
[2023-09-03 06:19:20,642] [INFO] [utils.py:786:see_memory_usage] MA 3.16 GB         Max_MA 3.93 GB         CA 17.36 GB         Max_CA 17 GB 
[2023-09-03 06:19:20,642] [INFO] [utils.py:793:see_memory_usage] CPU Virtual Memory:  used = 71.36 GB, percent = 4.0%
[2023-09-03 06:19:21,716] [INFO] [utils.py:785:see_memory_usage] Before creating fp16 partitions
[2023-09-03 06:19:21,717] [INFO] [utils.py:786:see_memory_usage] MA 3.16 GB         Max_MA 3.16 GB         CA 17.36 GB         Max_CA 17 GB 
[2023-09-03 06:19:21,717] [INFO] [utils.py:793:see_memory_usage] CPU Virtual Memory:  used = 71.37 GB, percent = 4.0%
[2023-09-03 06:19:24,687] [INFO] [utils.py:785:see_memory_usage] After creating fp16 partitions: 3
[2023-09-03 06:19:24,690] [INFO] [utils.py:786:see_memory_usage] MA 3.16 GB         Max_MA 3.16 GB         CA 8.97 GB         Max_CA 17 GB 
[2023-09-03 06:19:24,690] [INFO] [utils.py:793:see_memory_usage] CPU Virtual Memory:  used = 71.4 GB, percent = 4.0%
[2023-09-03 06:19:25,818] [INFO] [utils.py:785:see_memory_usage] Before creating fp32 partitions
[2023-09-03 06:19:25,819] [INFO] [utils.py:786:see_memory_usage] MA 3.16 GB         Max_MA 3.16 GB         CA 8.97 GB         Max_CA 9 GB 
[2023-09-03 06:19:25,820] [INFO] [utils.py:793:see_memory_usage] CPU Virtual Memory:  used = 71.41 GB, percent = 4.0%
[2023-09-03 06:19:26,959] [INFO] [utils.py:785:see_memory_usage] After creating fp32 partitions
[2023-09-03 06:19:26,960] [INFO] [utils.py:786:see_memory_usage] MA 3.51 GB         Max_MA 3.62 GB         CA 8.97 GB         Max_CA 9 GB 
[2023-09-03 06:19:26,961] [INFO] [utils.py:793:see_memory_usage] CPU Virtual Memory:  used = 71.41 GB, percent = 4.0%
[2023-09-03 06:19:28,125] [INFO] [utils.py:785:see_memory_usage] Before initializing optimizer states
[2023-09-03 06:19:28,127] [INFO] [utils.py:786:see_memory_usage] MA 3.51 GB         Max_MA 3.51 GB         CA 8.97 GB         Max_CA 9 GB 
[2023-09-03 06:19:28,127] [INFO] [utils.py:793:see_memory_usage] CPU Virtual Memory:  used = 71.42 GB, percent = 4.0%
[2023-09-03 06:19:29,193] [INFO] [utils.py:785:see_memory_usage] After initializing optimizer states
[2023-09-03 06:19:29,195] [INFO] [utils.py:786:see_memory_usage] MA 4.2 GB         Max_MA 4.42 GB         CA 8.97 GB         Max_CA 9 GB 
[2023-09-03 06:19:29,195] [INFO] [utils.py:793:see_memory_usage] CPU Virtual Memory:  used = 71.41 GB, percent = 4.0%
[2023-09-03 06:19:29,196] [INFO] [stage3.py:424:_setup_for_real_optimizer] optimizer state initialized
[2023-09-03 06:19:31,704] [INFO] [utils.py:785:see_memory_usage] After initializing ZeRO optimizer
[2023-09-03 06:19:31,705] [INFO] [utils.py:786:see_memory_usage] MA 5.3 GB         Max_MA 6.26 GB         CA 11.34 GB         Max_CA 11 GB 
[2023-09-03 06:19:31,705] [INFO] [utils.py:793:see_memory_usage] CPU Virtual Memory:  used = 71.42 GB, percent = 4.0%
[2023-09-03 06:19:31,706] [INFO] [logging.py:96:log_dist] [Rank 0] DeepSpeed Final Optimizer = FusedAdam
[2023-09-03 06:19:31,706] [INFO] [logging.py:96:log_dist] [Rank 0] DeepSpeed using client LR scheduler
[2023-09-03 06:19:31,706] [INFO] [logging.py:96:log_dist] [Rank 0] DeepSpeed LR Scheduler = <torch.optim.lr_scheduler.LambdaLR object at 0x7fe47c5c5900>
[2023-09-03 06:19:31,706] [INFO] [logging.py:96:log_dist] [Rank 0] step=0, skipped=0, lr=[0.0, 0.0, 0.0], mom=[(0.9, 0.95), (0.9, 0.95), (0.9, 0.95)]
[2023-09-03 06:19:31,709] [INFO] [config.py:960:print] DeepSpeedEngine configuration:
[2023-09-03 06:19:31,709] [INFO] [config.py:964:print]   activation_checkpointing_config  {
    "partition_activations": false, 
    "contiguous_memory_optimization": false, 
    "cpu_checkpointing": false, 
    "number_checkpoints": null, 
    "synchronize_checkpoint_boundary": false, 
    "profile": false
}
[2023-09-03 06:19:31,709] [INFO] [config.py:964:print]   aio_config ................... {'block_size': 1048576, 'queue_depth': 8, 'thread_count': 1, 'single_submit': False, 'overlap_events': True}
[2023-09-03 06:19:31,709] [INFO] [config.py:964:print]   amp_enabled .................. False
[2023-09-03 06:19:31,709] [INFO] [config.py:964:print]   amp_params ................... False
[2023-09-03 06:19:31,710] [INFO] [config.py:964:print]   autotuning_config ............ {
    "enabled": false, 
    "start_step": null, 
    "end_step": null, 
    "metric_path": null, 
    "arg_mappings": null, 
    "metric": "throughput", 
    "model_info": null, 
    "results_dir": "autotuning_results", 
    "exps_dir": "autotuning_exps", 
    "overwrite": true, 
    "fast": true, 
    "start_profile_step": 3, 
    "end_profile_step": 5, 
    "tuner_type": "gridsearch", 
    "tuner_early_stopping": 5, 
    "tuner_num_trials": 50, 
    "model_info_path": null, 
    "mp_size": 1, 
    "max_train_batch_size": null, 
    "min_train_batch_size": 1, 
    "max_train_micro_batch_size_per_gpu": 1.024000e+03, 
    "min_train_micro_batch_size_per_gpu": 1, 
    "num_tuning_micro_batch_sizes": 3
}
[2023-09-03 06:19:31,710] [INFO] [config.py:964:print]   bfloat16_enabled ............. False
[2023-09-03 06:19:31,710] [INFO] [config.py:964:print]   checkpoint_parallel_write_pipeline  False
[2023-09-03 06:19:31,710] [INFO] [config.py:964:print]   checkpoint_tag_validation_enabled  True
[2023-09-03 06:19:31,710] [INFO] [config.py:964:print]   checkpoint_tag_validation_fail  False
[2023-09-03 06:19:31,710] [INFO] [config.py:964:print]   comms_config ................. <deepspeed.comm.config.DeepSpeedCommsConfig object at 0x7fe2863201f0>
[2023-09-03 06:19:31,710] [INFO] [config.py:964:print]   communication_data_type ...... None
[2023-09-03 06:19:31,710] [INFO] [config.py:964:print]   compression_config ........... {'weight_quantization': {'shared_parameters': {'enabled': False, 'quantizer_kernel': False, 'schedule_offset': 0, 'quantize_groups': 1, 'quantize_verbose': False, 'quantization_type': 'symmetric', 'quantize_weight_in_forward': False, 'rounding': 'nearest', 'fp16_mixed_quantize': False, 'quantize_change_ratio': 0.001}, 'different_groups': {}}, 'activation_quantization': {'shared_parameters': {'enabled': False, 'quantization_type': 'symmetric', 'range_calibration': 'dynamic', 'schedule_offset': 1000}, 'different_groups': {}}, 'sparse_pruning': {'shared_parameters': {'enabled': False, 'method': 'l1', 'schedule_offset': 1000}, 'different_groups': {}}, 'row_pruning': {'shared_parameters': {'enabled': False, 'method': 'l1', 'schedule_offset': 1000}, 'different_groups': {}}, 'head_pruning': {'shared_parameters': {'enabled': False, 'method': 'topk', 'schedule_offset': 1000}, 'different_groups': {}}, 'channel_pruning': {'shared_parameters': {'enabled': False, 'method': 'l1', 'schedule_offset': 1000}, 'different_groups': {}}, 'layer_reduction': {'enabled': False}}
[2023-09-03 06:19:31,710] [INFO] [config.py:964:print]   curriculum_enabled_legacy .... False
[2023-09-03 06:19:31,710] [INFO] [config.py:964:print]   curriculum_params_legacy ..... False
[2023-09-03 06:19:31,710] [INFO] [config.py:964:print]   data_efficiency_config ....... {'enabled': False, 'seed': 1234, 'data_sampling': {'enabled': False, 'num_epochs': 1000, 'num_workers': 0, 'curriculum_learning': {'enabled': False}}, 'data_routing': {'enabled': False, 'random_ltd': {'enabled': False, 'layer_token_lr_schedule': {'enabled': False}}}}
[2023-09-03 06:19:31,711] [INFO] [config.py:964:print]   data_efficiency_enabled ...... False
[2023-09-03 06:19:31,711] [INFO] [config.py:964:print]   dataloader_drop_last ......... False
[2023-09-03 06:19:31,711] [INFO] [config.py:964:print]   disable_allgather ............ False
[2023-09-03 06:19:31,711] [INFO] [config.py:964:print]   dump_state ................... False
[2023-09-03 06:19:31,711] [INFO] [config.py:964:print]   dynamic_loss_scale_args ...... {'init_scale': 65536, 'scale_window': 100, 'delayed_shift': 2, 'consecutive_hysteresis': False, 'min_scale': 1}
[2023-09-03 06:19:31,711] [INFO] [config.py:964:print]   eigenvalue_enabled ........... False
[2023-09-03 06:19:31,711] [INFO] [config.py:964:print]   eigenvalue_gas_boundary_resolution  1
[2023-09-03 06:19:31,711] [INFO] [config.py:964:print]   eigenvalue_layer_name ........ bert.encoder.layer
[2023-09-03 06:19:31,711] [INFO] [config.py:964:print]   eigenvalue_layer_num ......... 0
[2023-09-03 06:19:31,711] [INFO] [config.py:964:print]   eigenvalue_max_iter .......... 100
[2023-09-03 06:19:31,711] [INFO] [config.py:964:print]   eigenvalue_stability ......... 1e-06
[2023-09-03 06:19:31,711] [INFO] [config.py:964:print]   eigenvalue_tol ............... 0.01
[2023-09-03 06:19:31,711] [INFO] [config.py:964:print]   eigenvalue_verbose ........... False
[2023-09-03 06:19:31,711] [INFO] [config.py:964:print]   elasticity_enabled ........... False
[2023-09-03 06:19:31,711] [INFO] [config.py:964:print]   flops_profiler_config ........ {
    "enabled": false, 
    "recompute_fwd_factor": 0.0, 
    "profile_step": 1, 
    "module_depth": -1, 
    "top_modules": 1, 
    "detailed": true, 
    "output_file": null
}
[2023-09-03 06:19:31,711] [INFO] [config.py:964:print]   fp16_auto_cast ............... False
[2023-09-03 06:19:31,711] [INFO] [config.py:964:print]   fp16_enabled ................. True
[2023-09-03 06:19:31,711] [INFO] [config.py:964:print]   fp16_master_weights_and_gradients  False
[2023-09-03 06:19:31,711] [INFO] [config.py:964:print]   global_rank .................. 0
[2023-09-03 06:19:31,712] [INFO] [config.py:964:print]   grad_accum_dtype ............. None
[2023-09-03 06:19:31,712] [INFO] [config.py:964:print]   gradient_accumulation_steps .. 1
[2023-09-03 06:19:31,712] [INFO] [config.py:964:print]   gradient_clipping ............ 1.0
[2023-09-03 06:19:31,712] [INFO] [config.py:964:print]   gradient_predivide_factor .... 1.0
[2023-09-03 06:19:31,712] [INFO] [config.py:964:print]   hybrid_engine ................ enabled=True max_out_tokens=512 inference_tp_size=1 release_inference_cache=False pin_parameters=True tp_gather_partition_size=8
[2023-09-03 06:19:31,712] [INFO] [config.py:964:print]   initial_dynamic_scale ........ 65536
[2023-09-03 06:19:31,712] [INFO] [config.py:964:print]   load_universal_checkpoint .... False
[2023-09-03 06:19:31,712] [INFO] [config.py:964:print]   loss_scale ................... 0
[2023-09-03 06:19:31,712] [INFO] [config.py:964:print]   memory_breakdown ............. False
[2023-09-03 06:19:31,712] [INFO] [config.py:964:print]   mics_hierarchial_params_gather  False
[2023-09-03 06:19:31,712] [INFO] [config.py:964:print]   mics_shard_size .............. -1
[2023-09-03 06:19:31,712] [INFO] [config.py:964:print]   monitor_config ............... tensorboard=TensorBoardConfig(enabled=False, output_path='step3_tensorboard/ds_tensorboard_logs/', job_name='step3_actor_tensorboard') wandb=WandbConfig(enabled=False, group=None, team=None, project='deepspeed') csv_monitor=CSVConfig(enabled=False, output_path='', job_name='DeepSpeedJobName') enabled=False
[2023-09-03 06:19:31,712] [INFO] [config.py:964:print]   nebula_config ................ {
    "enabled": false, 
    "persistent_storage_path": null, 
    "persistent_time_interval": 100, 
    "num_of_version_in_retention": 2, 
    "enable_nebula_load": true, 
    "load_path": null
}
[2023-09-03 06:19:31,712] [INFO] [config.py:964:print]   optimizer_legacy_fusion ...... False
[2023-09-03 06:19:31,712] [INFO] [config.py:964:print]   optimizer_name ............... None
[2023-09-03 06:19:31,712] [INFO] [config.py:964:print]   optimizer_params ............. None
[2023-09-03 06:19:31,712] [INFO] [config.py:964:print]   pipeline ..................... {'stages': 'auto', 'partition': 'best', 'seed_layers': False, 'activation_checkpoint_interval': 0}
[2023-09-03 06:19:31,713] [INFO] [config.py:964:print]   pld_enabled .................. False
[2023-09-03 06:19:31,713] [INFO] [config.py:964:print]   pld_params ................... False
[2023-09-03 06:19:31,713] [INFO] [config.py:964:print]   prescale_gradients ........... False
[2023-09-03 06:19:31,713] [INFO] [config.py:964:print]   scheduler_name ............... None
[2023-09-03 06:19:31,713] [INFO] [config.py:964:print]   scheduler_params ............. None
[2023-09-03 06:19:31,713] [INFO] [config.py:964:print]   sparse_attention ............. None
[2023-09-03 06:19:31,713] [INFO] [config.py:964:print]   sparse_gradients_enabled ..... False
[2023-09-03 06:19:31,713] [INFO] [config.py:964:print]   steps_per_print .............. 10
[2023-09-03 06:19:31,713] [INFO] [config.py:964:print]   train_batch_size ............. 128
[2023-09-03 06:19:31,713] [INFO] [config.py:964:print]   train_micro_batch_size_per_gpu  16
[2023-09-03 06:19:31,713] [INFO] [config.py:964:print]   use_node_local_storage ....... False
[2023-09-03 06:19:31,713] [INFO] [config.py:964:print]   wall_clock_breakdown ......... False
[2023-09-03 06:19:31,713] [INFO] [config.py:964:print]   world_size ................... 8
[2023-09-03 06:19:31,713] [INFO] [config.py:964:print]   zero_allow_untested_optimizer  False
[2023-09-03 06:19:31,713] [INFO] [config.py:964:print]   zero_config .................. stage=3 contiguous_gradients=True reduce_scatter=True reduce_bucket_size=500,000,000 allgather_partitions=True allgather_bucket_size=500,000,000 overlap_comm=True load_from_fp32_weights=True elastic_checkpoint=False offload_param=DeepSpeedZeroOffloadParamConfig(device='none', nvme_path=None, buffer_count=5, buffer_size=100,000,000, max_in_cpu=1,000,000,000, pin_memory=False) offload_optimizer=DeepSpeedZeroOffloadOptimizerConfig(device='none', nvme_path=None, buffer_count=4, pin_memory=False, pipeline=False, pipeline_read=False, pipeline_write=False, fast_init=False) sub_group_size=1,000,000,000 cpu_offload_param=None cpu_offload_use_pin_memory=None cpu_offload=None prefetch_bucket_size=30000000 param_persistence_threshold=10000 model_persistence_threshold=sys.maxsize max_live_parameters=30000000 max_reuse_distance=1,000,000,000 gather_16bit_weights_on_model_save=False stage3_gather_fp16_weights_on_model_save=False ignore_unused_parameters=True legacy_stage1=False round_robin_gradients=False zero_hpz_partition_size=1 zero_quantized_weights=False zero_quantized_gradients=False mics_shard_size=-1 mics_hierarchical_params_gather=False memory_efficient_linear=False
[2023-09-03 06:19:31,713] [INFO] [config.py:964:print]   zero_enabled ................. True
[2023-09-03 06:19:31,713] [INFO] [config.py:964:print]   zero_force_ds_cpu_optimizer .. True
[2023-09-03 06:19:31,713] [INFO] [config.py:964:print]   zero_optimization_stage ...... 3
[2023-09-03 06:19:31,714] [INFO] [config.py:950:print_user_config]   json = {
    "train_batch_size": 128, 
    "train_micro_batch_size_per_gpu": 16, 
    "steps_per_print": 10, 
    "zero_optimization": {
        "stage": 3, 
        "offload_param": {
            "device": "none"
        }, 
        "offload_optimizer": {
            "device": "none"
        }, 
        "stage3_param_persistence_threshold": 1.000000e+04, 
        "stage3_max_live_parameters": 3.000000e+07, 
        "stage3_prefetch_bucket_size": 3.000000e+07, 
        "memory_efficient_linear": false
    }, 
    "fp16": {
        "enabled": true, 
        "loss_scale_window": 100
    }, 
    "gradient_clipping": 1.0, 
    "prescale_gradients": false, 
    "wall_clock_breakdown": false, 
    "hybrid_engine": {
        "enabled": true, 
        "max_out_tokens": 512, 
        "inference_tp_size": 1, 
        "release_inference_cache": false, 
        "pin_parameters": true, 
        "tp_gather_partition_size": 8
    }, 
    "tensorboard": {
        "enabled": false, 
        "output_path": "step3_tensorboard/ds_tensorboard_logs/", 
        "job_name": "step3_actor_tensorboard"
    }
}
ninja: no work to do.
Time to load transformer_inference op: 0.08455920219421387 seconds
Time to load transformer_inference op: 0.0035102367401123047 seconds
Time to load transformer_inference op: 0.1069481372833252 seconds
Time to load transformer_inference op: 0.10774636268615723 seconds
Time to load transformer_inference op: 0.10726332664489746 seconds
Time to load transformer_inference op: 0.1073756217956543 seconds
Time to load transformer_inference op: 0.0034503936767578125 seconds
Time to load transformer_inference op: 0.10738658905029297 seconds
Time to load transformer_inference op: 0.10687685012817383 seconds
[2023-09-03 06:19:31,869] [INFO] [logging.py:96:log_dist] [Rank 0] DeepSpeed-Inference config: {'layer_id': 0, 'hidden_size': 5120, 'intermediate_size': 20480, 'heads': 40, 'num_hidden_layers': -1, 'dtype': torch.float16, 'pre_layer_norm': True, 'norm_type': <NormType.LayerNorm: 1>, 'local_rank': -1, 'stochastic_mode': False, 'epsilon': 1e-05, 'mp_size': 1, 'scale_attention': True, 'triangular_masking': True, 'local_attention': False, 'window_size': 1, 'rotary_dim': -1, 'rotate_half': False, 'rotate_every_two': True, 'return_tuple': True, 'mlp_after_attn': True, 'mlp_act_func_type': <ActivationFuncType.ReLU: 2>, 'specialized_mode': False, 'training_mp_size': 1, 'bigscience_bloom': False, 'max_out_tokens': 512, 'min_out_tokens': 512, 'scale_attn_by_inverse_layer_idx': False, 'enable_qkv_quantization': False, 'use_mup': False, 'return_single_tuple': False, 'set_empty_params': True, 'transposed_mode': True, 'use_triton': False, 'triton_autotune': False}
Time to load transformer_inference op: 0.10647058486938477 seconds
Time to load transformer_inference op: 0.0038509368896484375 seconds
Time to load transformer_inference op: 0.0036766529083251953 seconds
Time to load transformer_inference op: 0.003810882568359375 seconds
Time to load transformer_inference op: 0.003709554672241211 seconds
Time to load transformer_inference op: 0.004128694534301758 seconds
Time to load transformer_inference op: 0.0034248828887939453 seconds
Time to load transformer_inference op: 0.0035390853881835938 seconds
Time to load transformer_inference op: 0.0045337677001953125 seconds
Time to load transformer_inference op: 0.0035123825073242188 seconds
Time to load transformer_inference op: 0.003543853759765625 seconds
Time to load transformer_inference op: 0.00357818603515625 seconds
Time to load transformer_inference op: 0.003985404968261719 seconds
Time to load transformer_inference op: 0.003796100616455078 seconds
Time to load transformer_inference op: 0.0038285255432128906 seconds
*****************[end] Initialized Actor Model [end] (duration: 141.10s)******************
*************************[start] Initializing Ref Model [start] **************************
[2023-09-03 06:19:33,179] [INFO] [partition_parameters.py:326:__exit__] finished initializing model with 26.22B parameters
[2023-09-03 06:19:56,801] [INFO] [logging.py:96:log_dist] [Rank 0] DeepSpeed info: version=0.10.0, git-hash=unknown, git-branch=unknown
[2023-09-03 06:19:56,823] [INFO] [logging.py:96:log_dist] [Rank 0] DeepSpeed Flops Profiler Enabled: False
[2023-09-03 06:19:56,826] [INFO] [logging.py:96:log_dist] [Rank 0] Creating ZeRO Offload
[2023-09-03 06:19:57,750] [INFO] [utils.py:785:see_memory_usage] DeepSpeedZeRoOffload initialize [begin]
[2023-09-03 06:19:57,752] [INFO] [utils.py:786:see_memory_usage] MA 8.7 GB         Max_MA 10.08 GB         CA 12.98 GB         Max_CA 13 GB 
[2023-09-03 06:19:57,752] [INFO] [utils.py:793:see_memory_usage] CPU Virtual Memory:  used = 71.52 GB, percent = 4.0%
Parameter Offload: Total persistent parameters: 1853440 in 362 params
[2023-09-03 06:19:58,687] [INFO] [utils.py:785:see_memory_usage] DeepSpeedZeRoOffload initialize [end]
[2023-09-03 06:19:58,688] [INFO] [utils.py:786:see_memory_usage] MA 8.7 GB         Max_MA 8.7 GB         CA 12.98 GB         Max_CA 13 GB 
[2023-09-03 06:19:58,688] [INFO] [utils.py:793:see_memory_usage] CPU Virtual Memory:  used = 71.52 GB, percent = 4.0%
[2023-09-03 06:19:58,690] [INFO] [config.py:960:print] DeepSpeedEngine configuration:
[2023-09-03 06:19:58,690] [INFO] [config.py:964:print]   activation_checkpointing_config  {
    "partition_activations": false, 
    "contiguous_memory_optimization": false, 
    "cpu_checkpointing": false, 
    "number_checkpoints": null, 
    "synchronize_checkpoint_boundary": false, 
    "profile": false
}
[2023-09-03 06:19:58,690] [INFO] [config.py:964:print]   aio_config ................... {'block_size': 1048576, 'queue_depth': 8, 'thread_count': 1, 'single_submit': False, 'overlap_events': True}
[2023-09-03 06:19:58,690] [INFO] [config.py:964:print]   amp_enabled .................. False
[2023-09-03 06:19:58,690] [INFO] [config.py:964:print]   amp_params ................... False
[2023-09-03 06:19:58,690] [INFO] [config.py:964:print]   autotuning_config ............ {
    "enabled": false, 
    "start_step": null, 
    "end_step": null, 
    "metric_path": null, 
    "arg_mappings": null, 
    "metric": "throughput", 
    "model_info": null, 
    "results_dir": "autotuning_results", 
    "exps_dir": "autotuning_exps", 
    "overwrite": true, 
    "fast": true, 
    "start_profile_step": 3, 
    "end_profile_step": 5, 
    "tuner_type": "gridsearch", 
    "tuner_early_stopping": 5, 
    "tuner_num_trials": 50, 
    "model_info_path": null, 
    "mp_size": 1, 
    "max_train_batch_size": null, 
    "min_train_batch_size": 1, 
    "max_train_micro_batch_size_per_gpu": 1.024000e+03, 
    "min_train_micro_batch_size_per_gpu": 1, 
    "num_tuning_micro_batch_sizes": 3
}
[2023-09-03 06:19:58,691] [INFO] [config.py:964:print]   bfloat16_enabled ............. False
[2023-09-03 06:19:58,691] [INFO] [config.py:964:print]   checkpoint_parallel_write_pipeline  False
[2023-09-03 06:19:58,691] [INFO] [config.py:964:print]   checkpoint_tag_validation_enabled  True
[2023-09-03 06:19:58,691] [INFO] [config.py:964:print]   checkpoint_tag_validation_fail  False
[2023-09-03 06:19:58,691] [INFO] [config.py:964:print]   comms_config ................. <deepspeed.comm.config.DeepSpeedCommsConfig object at 0x7fe51c3054b0>
[2023-09-03 06:19:58,691] [INFO] [config.py:964:print]   communication_data_type ...... None
[2023-09-03 06:19:58,691] [INFO] [config.py:964:print]   compression_config ........... {'weight_quantization': {'shared_parameters': {'enabled': False, 'quantizer_kernel': False, 'schedule_offset': 0, 'quantize_groups': 1, 'quantize_verbose': False, 'quantization_type': 'symmetric', 'quantize_weight_in_forward': False, 'rounding': 'nearest', 'fp16_mixed_quantize': False, 'quantize_change_ratio': 0.001}, 'different_groups': {}}, 'activation_quantization': {'shared_parameters': {'enabled': False, 'quantization_type': 'symmetric', 'range_calibration': 'dynamic', 'schedule_offset': 1000}, 'different_groups': {}}, 'sparse_pruning': {'shared_parameters': {'enabled': False, 'method': 'l1', 'schedule_offset': 1000}, 'different_groups': {}}, 'row_pruning': {'shared_parameters': {'enabled': False, 'method': 'l1', 'schedule_offset': 1000}, 'different_groups': {}}, 'head_pruning': {'shared_parameters': {'enabled': False, 'method': 'topk', 'schedule_offset': 1000}, 'different_groups': {}}, 'channel_pruning': {'shared_parameters': {'enabled': False, 'method': 'l1', 'schedule_offset': 1000}, 'different_groups': {}}, 'layer_reduction': {'enabled': False}}
[2023-09-03 06:19:58,691] [INFO] [config.py:964:print]   curriculum_enabled_legacy .... False
[2023-09-03 06:19:58,691] [INFO] [config.py:964:print]   curriculum_params_legacy ..... False
[2023-09-03 06:19:58,691] [INFO] [config.py:964:print]   data_efficiency_config ....... {'enabled': False, 'seed': 1234, 'data_sampling': {'enabled': False, 'num_epochs': 1000, 'num_workers': 0, 'curriculum_learning': {'enabled': False}}, 'data_routing': {'enabled': False, 'random_ltd': {'enabled': False, 'layer_token_lr_schedule': {'enabled': False}}}}
[2023-09-03 06:19:58,691] [INFO] [config.py:964:print]   data_efficiency_enabled ...... False
[2023-09-03 06:19:58,691] [INFO] [config.py:964:print]   dataloader_drop_last ......... False
[2023-09-03 06:19:58,691] [INFO] [config.py:964:print]   disable_allgather ............ False
[2023-09-03 06:19:58,691] [INFO] [config.py:964:print]   dump_state ................... False
[2023-09-03 06:19:58,691] [INFO] [config.py:964:print]   dynamic_loss_scale_args ...... None
[2023-09-03 06:19:58,691] [INFO] [config.py:964:print]   eigenvalue_enabled ........... False
[2023-09-03 06:19:58,691] [INFO] [config.py:964:print]   eigenvalue_gas_boundary_resolution  1
[2023-09-03 06:19:58,691] [INFO] [config.py:964:print]   eigenvalue_layer_name ........ bert.encoder.layer
[2023-09-03 06:19:58,691] [INFO] [config.py:964:print]   eigenvalue_layer_num ......... 0
[2023-09-03 06:19:58,691] [INFO] [config.py:964:print]   eigenvalue_max_iter .......... 100
[2023-09-03 06:19:58,691] [INFO] [config.py:964:print]   eigenvalue_stability ......... 1e-06
[2023-09-03 06:19:58,691] [INFO] [config.py:964:print]   eigenvalue_tol ............... 0.01
[2023-09-03 06:19:58,691] [INFO] [config.py:964:print]   eigenvalue_verbose ........... False
[2023-09-03 06:19:58,691] [INFO] [config.py:964:print]   elasticity_enabled ........... False
[2023-09-03 06:19:58,691] [INFO] [config.py:964:print]   flops_profiler_config ........ {
    "enabled": false, 
    "recompute_fwd_factor": 0.0, 
    "profile_step": 1, 
    "module_depth": -1, 
    "top_modules": 1, 
    "detailed": true, 
    "output_file": null
}
[2023-09-03 06:19:58,691] [INFO] [config.py:964:print]   fp16_auto_cast ............... False
[2023-09-03 06:19:58,691] [INFO] [config.py:964:print]   fp16_enabled ................. True
[2023-09-03 06:19:58,691] [INFO] [config.py:964:print]   fp16_master_weights_and_gradients  False
[2023-09-03 06:19:58,691] [INFO] [config.py:964:print]   global_rank .................. 0
[2023-09-03 06:19:58,691] [INFO] [config.py:964:print]   grad_accum_dtype ............. None
[2023-09-03 06:19:58,691] [INFO] [config.py:964:print]   gradient_accumulation_steps .. 1
[2023-09-03 06:19:58,691] [INFO] [config.py:964:print]   gradient_clipping ............ 1.0
[2023-09-03 06:19:58,692] [INFO] [config.py:964:print]   gradient_predivide_factor .... 1.0
[2023-09-03 06:19:58,692] [INFO] [config.py:964:print]   hybrid_engine ................ enabled=False max_out_tokens=512 inference_tp_size=1 release_inference_cache=False pin_parameters=True tp_gather_partition_size=8
[2023-09-03 06:19:58,692] [INFO] [config.py:964:print]   initial_dynamic_scale ........ 65536
[2023-09-03 06:19:58,692] [INFO] [config.py:964:print]   load_universal_checkpoint .... False
[2023-09-03 06:19:58,692] [INFO] [config.py:964:print]   loss_scale ................... 0
[2023-09-03 06:19:58,692] [INFO] [config.py:964:print]   memory_breakdown ............. False
[2023-09-03 06:19:58,692] [INFO] [config.py:964:print]   mics_hierarchial_params_gather  False
[2023-09-03 06:19:58,692] [INFO] [config.py:964:print]   mics_shard_size .............. -1
[2023-09-03 06:19:58,692] [INFO] [config.py:964:print]   monitor_config ............... tensorboard=TensorBoardConfig(enabled=False, output_path='', job_name='DeepSpeedJobName') wandb=WandbConfig(enabled=False, group=None, team=None, project='deepspeed') csv_monitor=CSVConfig(enabled=False, output_path='', job_name='DeepSpeedJobName') enabled=False
[2023-09-03 06:19:58,692] [INFO] [config.py:964:print]   nebula_config ................ {
    "enabled": false, 
    "persistent_storage_path": null, 
    "persistent_time_interval": 100, 
    "num_of_version_in_retention": 2, 
    "enable_nebula_load": true, 
    "load_path": null
}
[2023-09-03 06:19:58,692] [INFO] [config.py:964:print]   optimizer_legacy_fusion ...... False
[2023-09-03 06:19:58,692] [INFO] [config.py:964:print]   optimizer_name ............... None
[2023-09-03 06:19:58,692] [INFO] [config.py:964:print]   optimizer_params ............. None
[2023-09-03 06:19:58,692] [INFO] [config.py:964:print]   pipeline ..................... {'stages': 'auto', 'partition': 'best', 'seed_layers': False, 'activation_checkpoint_interval': 0}
[2023-09-03 06:19:58,692] [INFO] [config.py:964:print]   pld_enabled .................. False
[2023-09-03 06:19:58,692] [INFO] [config.py:964:print]   pld_params ................... False
[2023-09-03 06:19:58,692] [INFO] [config.py:964:print]   prescale_gradients ........... False
[2023-09-03 06:19:58,692] [INFO] [config.py:964:print]   scheduler_name ............... None
[2023-09-03 06:19:58,692] [INFO] [config.py:964:print]   scheduler_params ............. None
[2023-09-03 06:19:58,692] [INFO] [config.py:964:print]   sparse_attention ............. None
[2023-09-03 06:19:58,692] [INFO] [config.py:964:print]   sparse_gradients_enabled ..... False
[2023-09-03 06:19:58,692] [INFO] [config.py:964:print]   steps_per_print .............. 10
[2023-09-03 06:19:58,692] [INFO] [config.py:964:print]   train_batch_size ............. 128
[2023-09-03 06:19:58,692] [INFO] [config.py:964:print]   train_micro_batch_size_per_gpu  16
[2023-09-03 06:19:58,692] [INFO] [config.py:964:print]   use_node_local_storage ....... False
[2023-09-03 06:19:58,692] [INFO] [config.py:964:print]   wall_clock_breakdown ......... False
[2023-09-03 06:19:58,692] [INFO] [config.py:964:print]   world_size ................... 8
[2023-09-03 06:19:58,692] [INFO] [config.py:964:print]   zero_allow_untested_optimizer  False
[2023-09-03 06:19:58,693] [INFO] [config.py:964:print]   zero_config .................. stage=3 contiguous_gradients=True reduce_scatter=True reduce_bucket_size=500,000,000 allgather_partitions=True allgather_bucket_size=500,000,000 overlap_comm=True load_from_fp32_weights=True elastic_checkpoint=False offload_param=DeepSpeedZeroOffloadParamConfig(device='none', nvme_path=None, buffer_count=5, buffer_size=100,000,000, max_in_cpu=1,000,000,000, pin_memory=False) offload_optimizer=None sub_group_size=1,000,000,000 cpu_offload_param=None cpu_offload_use_pin_memory=None cpu_offload=None prefetch_bucket_size=50,000,000 param_persistence_threshold=10000 model_persistence_threshold=sys.maxsize max_live_parameters=1,000,000,000 max_reuse_distance=1,000,000,000 gather_16bit_weights_on_model_save=False stage3_gather_fp16_weights_on_model_save=False ignore_unused_parameters=True legacy_stage1=False round_robin_gradients=False zero_hpz_partition_size=1 zero_quantized_weights=False zero_quantized_gradients=False mics_shard_size=-1 mics_hierarchical_params_gather=False memory_efficient_linear=False
[2023-09-03 06:19:58,693] [INFO] [config.py:964:print]   zero_enabled ................. True
[2023-09-03 06:19:58,693] [INFO] [config.py:964:print]   zero_force_ds_cpu_optimizer .. True
[2023-09-03 06:19:58,693] [INFO] [config.py:964:print]   zero_optimization_stage ...... 3
[2023-09-03 06:19:58,693] [INFO] [config.py:950:print_user_config]   json = {
    "train_batch_size": 128, 
    "train_micro_batch_size_per_gpu": 16, 
    "steps_per_print": 10, 
    "zero_optimization": {
        "stage": 3, 
        "stage3_param_persistence_threshold": 1.000000e+04, 
        "offload_param": {
            "device": "none"
        }, 
        "memory_efficient_linear": false
    }, 
    "fp16": {
        "enabled": true
    }, 
    "gradient_clipping": 1.0, 
    "prescale_gradients": false, 
    "wall_clock_breakdown": false
}
*******************[end] Initialized Ref Model [end] (duration: 26.73s)*******************
************************[start] Initializing Critic Model [start] ************************
Time to load fused_adam op: 0.0008213520050048828 seconds
Time to load fused_adam op: 0.0008075237274169922 seconds
Time to load fused_adam op: 0.0008835792541503906 seconds
Time to load fused_adam op: 0.0010216236114501953 seconds
Time to load fused_adam op: 0.0009682178497314453 seconds
Time to load fused_adam op: 0.009388446807861328 seconds
Time to load fused_adam op: 0.0009021759033203125 seconds
Time to load fused_adam op: 0.0008542537689208984 seconds
[2023-09-03 06:20:09,758] [INFO] [logging.py:96:log_dist] [Rank 0] DeepSpeed info: version=0.10.0, git-hash=unknown, git-branch=unknown
[2023-09-03 06:20:18,487] [INFO] [logging.py:96:log_dist] [Rank 0] DeepSpeed Flops Profiler Enabled: False
[2023-09-03 06:20:18,489] [INFO] [logging.py:96:log_dist] [Rank 0] Removing param_group that has no 'params' in the client Optimizer
[2023-09-03 06:20:18,489] [INFO] [logging.py:96:log_dist] [Rank 0] Using client Optimizer as basic optimizer
[2023-09-03 06:20:18,514] [INFO] [logging.py:96:log_dist] [Rank 0] DeepSpeed Basic Optimizer = FusedAdam
[2023-09-03 06:20:18,514] [INFO] [utils.py:54:is_zero_supported_optimizer] Checking ZeRO support for optimizer=FusedAdam type=<class 'deepspeed.ops.adam.fused_adam.FusedAdam'>
[2023-09-03 06:20:18,515] [INFO] [logging.py:96:log_dist] [Rank 0] Creating fp16 ZeRO stage 3 optimizer, MiCS is enabled False, Hierarchical params gather False
[2023-09-03 06:20:18,515] [INFO] [logging.py:96:log_dist] [Rank 0] Creating torch.float16 ZeRO stage 3 optimizer
[2023-09-03 06:20:19,816] [INFO] [utils.py:785:see_memory_usage] Stage 3 initialize beginning
[2023-09-03 06:20:19,818] [INFO] [utils.py:786:see_memory_usage] MA 9.32 GB         Max_MA 9.32 GB         CA 12.98 GB         Max_CA 13 GB 
[2023-09-03 06:20:19,818] [INFO] [utils.py:793:see_memory_usage] CPU Virtual Memory:  used = 72.93 GB, percent = 4.1%
[2023-09-03 06:20:19,820] [INFO] [stage3.py:117:__init__] Reduce bucket size 500,000,000
[2023-09-03 06:20:19,820] [INFO] [stage3.py:118:__init__] Prefetch bucket size 30000000
[2023-09-03 06:20:20,765] [INFO] [utils.py:785:see_memory_usage] DeepSpeedZeRoOffload initialize [begin]
[2023-09-03 06:20:20,766] [INFO] [utils.py:786:see_memory_usage] MA 9.32 GB         Max_MA 9.32 GB         CA 12.98 GB         Max_CA 13 GB 
[2023-09-03 06:20:20,766] [INFO] [utils.py:793:see_memory_usage] CPU Virtual Memory:  used = 72.99 GB, percent = 4.1%
Parameter Offload: Total persistent parameters: 320000 in 241 params
[2023-09-03 06:20:22,401] [INFO] [utils.py:785:see_memory_usage] DeepSpeedZeRoOffload initialize [end]
[2023-09-03 06:20:22,402] [INFO] [utils.py:786:see_memory_usage] MA 8.78 GB         Max_MA 9.33 GB         CA 13.05 GB         Max_CA 13 GB 
[2023-09-03 06:20:22,402] [INFO] [utils.py:793:see_memory_usage] CPU Virtual Memory:  used = 72.95 GB, percent = 4.1%
[2023-09-03 06:20:23,580] [INFO] [utils.py:785:see_memory_usage] Before creating fp16 partitions
[2023-09-03 06:20:23,581] [INFO] [utils.py:786:see_memory_usage] MA 8.78 GB         Max_MA 8.78 GB         CA 13.05 GB         Max_CA 13 GB 
[2023-09-03 06:20:23,581] [INFO] [utils.py:793:see_memory_usage] CPU Virtual Memory:  used = 73.01 GB, percent = 4.1%
[2023-09-03 06:20:26,300] [INFO] [utils.py:785:see_memory_usage] After creating fp16 partitions: 2
[2023-09-03 06:20:26,302] [INFO] [utils.py:786:see_memory_usage] MA 8.78 GB         Max_MA 8.78 GB         CA 11.34 GB         Max_CA 13 GB 
[2023-09-03 06:20:26,302] [INFO] [utils.py:793:see_memory_usage] CPU Virtual Memory:  used = 72.95 GB, percent = 4.1%
[2023-09-03 06:20:27,345] [INFO] [utils.py:785:see_memory_usage] Before creating fp32 partitions
[2023-09-03 06:20:27,346] [INFO] [utils.py:786:see_memory_usage] MA 8.78 GB         Max_MA 8.78 GB         CA 11.34 GB         Max_CA 11 GB 
[2023-09-03 06:20:27,346] [INFO] [utils.py:793:see_memory_usage] CPU Virtual Memory:  used = 72.96 GB, percent = 4.1%
[2023-09-03 06:20:28,459] [INFO] [utils.py:785:see_memory_usage] After creating fp32 partitions
[2023-09-03 06:20:28,460] [INFO] [utils.py:786:see_memory_usage] MA 8.93 GB         Max_MA 9.01 GB         CA 11.34 GB         Max_CA 11 GB 
[2023-09-03 06:20:28,460] [INFO] [utils.py:793:see_memory_usage] CPU Virtual Memory:  used = 72.96 GB, percent = 4.1%
[2023-09-03 06:20:29,555] [INFO] [utils.py:785:see_memory_usage] Before initializing optimizer states
[2023-09-03 06:20:29,556] [INFO] [utils.py:786:see_memory_usage] MA 8.93 GB         Max_MA 8.93 GB         CA 11.34 GB         Max_CA 11 GB 
[2023-09-03 06:20:29,556] [INFO] [utils.py:793:see_memory_usage] CPU Virtual Memory:  used = 73.01 GB, percent = 4.1%
[2023-09-03 06:20:30,531] [INFO] [utils.py:785:see_memory_usage] After initializing optimizer states
[2023-09-03 06:20:30,532] [INFO] [utils.py:786:see_memory_usage] MA 9.24 GB         Max_MA 9.39 GB         CA 11.34 GB         Max_CA 11 GB 
[2023-09-03 06:20:30,533] [INFO] [utils.py:793:see_memory_usage] CPU Virtual Memory:  used = 72.96 GB, percent = 4.1%
[2023-09-03 06:20:30,533] [INFO] [stage3.py:424:_setup_for_real_optimizer] optimizer state initialized
[2023-09-03 06:20:32,401] [INFO] [utils.py:785:see_memory_usage] After initializing ZeRO optimizer
[2023-09-03 06:20:32,402] [INFO] [utils.py:786:see_memory_usage] MA 10.25 GB         Max_MA 10.35 GB         CA 12.28 GB         Max_CA 12 GB 
[2023-09-03 06:20:32,403] [INFO] [utils.py:793:see_memory_usage] CPU Virtual Memory:  used = 74.57 GB, percent = 4.2%
[2023-09-03 06:20:32,403] [INFO] [logging.py:96:log_dist] [Rank 0] DeepSpeed Final Optimizer = FusedAdam
[2023-09-03 06:20:32,403] [INFO] [logging.py:96:log_dist] [Rank 0] DeepSpeed using client LR scheduler
[2023-09-03 06:20:32,403] [INFO] [logging.py:96:log_dist] [Rank 0] DeepSpeed LR Scheduler = <torch.optim.lr_scheduler.LambdaLR object at 0x7fe47c5c6fb0>
[2023-09-03 06:20:32,403] [INFO] [logging.py:96:log_dist] [Rank 0] step=0, skipped=0, lr=[0.0, 0.0], mom=[(0.9, 0.95), (0.9, 0.95)]
[2023-09-03 06:20:32,404] [INFO] [config.py:960:print] DeepSpeedEngine configuration:
[2023-09-03 06:20:32,405] [INFO] [config.py:964:print]   activation_checkpointing_config  {
    "partition_activations": false, 
    "contiguous_memory_optimization": false, 
    "cpu_checkpointing": false, 
    "number_checkpoints": null, 
    "synchronize_checkpoint_boundary": false, 
    "profile": false
}
[2023-09-03 06:20:32,405] [INFO] [config.py:964:print]   aio_config ................... {'block_size': 1048576, 'queue_depth': 8, 'thread_count': 1, 'single_submit': False, 'overlap_events': True}
[2023-09-03 06:20:32,405] [INFO] [config.py:964:print]   amp_enabled .................. False
[2023-09-03 06:20:32,405] [INFO] [config.py:964:print]   amp_params ................... False
[2023-09-03 06:20:32,405] [INFO] [config.py:964:print]   autotuning_config ............ {
    "enabled": false, 
    "start_step": null, 
    "end_step": null, 
    "metric_path": null, 
    "arg_mappings": null, 
    "metric": "throughput", 
    "model_info": null, 
    "results_dir": "autotuning_results", 
    "exps_dir": "autotuning_exps", 
    "overwrite": true, 
    "fast": true, 
    "start_profile_step": 3, 
    "end_profile_step": 5, 
    "tuner_type": "gridsearch", 
    "tuner_early_stopping": 5, 
    "tuner_num_trials": 50, 
    "model_info_path": null, 
    "mp_size": 1, 
    "max_train_batch_size": null, 
    "min_train_batch_size": 1, 
    "max_train_micro_batch_size_per_gpu": 1.024000e+03, 
    "min_train_micro_batch_size_per_gpu": 1, 
    "num_tuning_micro_batch_sizes": 3
}
[2023-09-03 06:20:32,405] [INFO] [config.py:964:print]   bfloat16_enabled ............. False
[2023-09-03 06:20:32,405] [INFO] [config.py:964:print]   checkpoint_parallel_write_pipeline  False
[2023-09-03 06:20:32,406] [INFO] [config.py:964:print]   checkpoint_tag_validation_enabled  True
[2023-09-03 06:20:32,406] [INFO] [config.py:964:print]   checkpoint_tag_validation_fail  False
[2023-09-03 06:20:32,406] [INFO] [config.py:964:print]   comms_config ................. <deepspeed.comm.config.DeepSpeedCommsConfig object at 0x7fe4f44b64d0>
[2023-09-03 06:20:32,406] [INFO] [config.py:964:print]   communication_data_type ...... None
[2023-09-03 06:20:32,406] [INFO] [config.py:964:print]   compression_config ........... {'weight_quantization': {'shared_parameters': {'enabled': False, 'quantizer_kernel': False, 'schedule_offset': 0, 'quantize_groups': 1, 'quantize_verbose': False, 'quantization_type': 'symmetric', 'quantize_weight_in_forward': False, 'rounding': 'nearest', 'fp16_mixed_quantize': False, 'quantize_change_ratio': 0.001}, 'different_groups': {}}, 'activation_quantization': {'shared_parameters': {'enabled': False, 'quantization_type': 'symmetric', 'range_calibration': 'dynamic', 'schedule_offset': 1000}, 'different_groups': {}}, 'sparse_pruning': {'shared_parameters': {'enabled': False, 'method': 'l1', 'schedule_offset': 1000}, 'different_groups': {}}, 'row_pruning': {'shared_parameters': {'enabled': False, 'method': 'l1', 'schedule_offset': 1000}, 'different_groups': {}}, 'head_pruning': {'shared_parameters': {'enabled': False, 'method': 'topk', 'schedule_offset': 1000}, 'different_groups': {}}, 'channel_pruning': {'shared_parameters': {'enabled': False, 'method': 'l1', 'schedule_offset': 1000}, 'different_groups': {}}, 'layer_reduction': {'enabled': False}}
[2023-09-03 06:20:32,406] [INFO] [config.py:964:print]   curriculum_enabled_legacy .... False
[2023-09-03 06:20:32,406] [INFO] [config.py:964:print]   curriculum_params_legacy ..... False
[2023-09-03 06:20:32,406] [INFO] [config.py:964:print]   data_efficiency_config ....... {'enabled': False, 'seed': 1234, 'data_sampling': {'enabled': False, 'num_epochs': 1000, 'num_workers': 0, 'curriculum_learning': {'enabled': False}}, 'data_routing': {'enabled': False, 'random_ltd': {'enabled': False, 'layer_token_lr_schedule': {'enabled': False}}}}
[2023-09-03 06:20:32,406] [INFO] [config.py:964:print]   data_efficiency_enabled ...... False
[2023-09-03 06:20:32,406] [INFO] [config.py:964:print]   dataloader_drop_last ......... False
[2023-09-03 06:20:32,406] [INFO] [config.py:964:print]   disable_allgather ............ False
[2023-09-03 06:20:32,406] [INFO] [config.py:964:print]   dump_state ................... False
[2023-09-03 06:20:32,406] [INFO] [config.py:964:print]   dynamic_loss_scale_args ...... {'init_scale': 65536, 'scale_window': 100, 'delayed_shift': 2, 'consecutive_hysteresis': False, 'min_scale': 1}
[2023-09-03 06:20:32,406] [INFO] [config.py:964:print]   eigenvalue_enabled ........... False
[2023-09-03 06:20:32,406] [INFO] [config.py:964:print]   eigenvalue_gas_boundary_resolution  1
[2023-09-03 06:20:32,406] [INFO] [config.py:964:print]   eigenvalue_layer_name ........ bert.encoder.layer
[2023-09-03 06:20:32,406] [INFO] [config.py:964:print]   eigenvalue_layer_num ......... 0
[2023-09-03 06:20:32,407] [INFO] [config.py:964:print]   eigenvalue_max_iter .......... 100
[2023-09-03 06:20:32,407] [INFO] [config.py:964:print]   eigenvalue_stability ......... 1e-06
[2023-09-03 06:20:32,407] [INFO] [config.py:964:print]   eigenvalue_tol ............... 0.01
[2023-09-03 06:20:32,407] [INFO] [config.py:964:print]   eigenvalue_verbose ........... False
[2023-09-03 06:20:32,407] [INFO] [config.py:964:print]   elasticity_enabled ........... False
[2023-09-03 06:20:32,407] [INFO] [config.py:964:print]   flops_profiler_config ........ {
    "enabled": false, 
    "recompute_fwd_factor": 0.0, 
    "profile_step": 1, 
    "module_depth": -1, 
    "top_modules": 1, 
    "detailed": true, 
    "output_file": null
}
[2023-09-03 06:20:32,407] [INFO] [config.py:964:print]   fp16_auto_cast ............... False
[2023-09-03 06:20:32,407] [INFO] [config.py:964:print]   fp16_enabled ................. True
[2023-09-03 06:20:32,407] [INFO] [config.py:964:print]   fp16_master_weights_and_gradients  False
[2023-09-03 06:20:32,407] [INFO] [config.py:964:print]   global_rank .................. 0
[2023-09-03 06:20:32,407] [INFO] [config.py:964:print]   grad_accum_dtype ............. None
[2023-09-03 06:20:32,407] [INFO] [config.py:964:print]   gradient_accumulation_steps .. 1
[2023-09-03 06:20:32,407] [INFO] [config.py:964:print]   gradient_clipping ............ 1.0
[2023-09-03 06:20:32,407] [INFO] [config.py:964:print]   gradient_predivide_factor .... 1.0
[2023-09-03 06:20:32,407] [INFO] [config.py:964:print]   hybrid_engine ................ enabled=False max_out_tokens=512 inference_tp_size=1 release_inference_cache=False pin_parameters=True tp_gather_partition_size=8
[2023-09-03 06:20:32,407] [INFO] [config.py:964:print]   initial_dynamic_scale ........ 65536
[2023-09-03 06:20:32,407] [INFO] [config.py:964:print]   load_universal_checkpoint .... False
[2023-09-03 06:20:32,408] [INFO] [config.py:964:print]   loss_scale ................... 0
[2023-09-03 06:20:32,408] [INFO] [config.py:964:print]   memory_breakdown ............. False
[2023-09-03 06:20:32,408] [INFO] [config.py:964:print]   mics_hierarchial_params_gather  False
[2023-09-03 06:20:32,408] [INFO] [config.py:964:print]   mics_shard_size .............. -1
[2023-09-03 06:20:32,408] [INFO] [config.py:964:print]   monitor_config ............... tensorboard=TensorBoardConfig(enabled=False, output_path='step3_tensorboard/ds_tensorboard_logs/', job_name='step3_critic_tensorboard') wandb=WandbConfig(enabled=False, group=None, team=None, project='deepspeed') csv_monitor=CSVConfig(enabled=False, output_path='', job_name='DeepSpeedJobName') enabled=False
[2023-09-03 06:20:32,408] [INFO] [config.py:964:print]   nebula_config ................ {
    "enabled": false, 
    "persistent_storage_path": null, 
    "persistent_time_interval": 100, 
    "num_of_version_in_retention": 2, 
    "enable_nebula_load": true, 
    "load_path": null
}
[2023-09-03 06:20:32,408] [INFO] [config.py:964:print]   optimizer_legacy_fusion ...... False
[2023-09-03 06:20:32,408] [INFO] [config.py:964:print]   optimizer_name ............... None
[2023-09-03 06:20:32,408] [INFO] [config.py:964:print]   optimizer_params ............. None
[2023-09-03 06:20:32,408] [INFO] [config.py:964:print]   pipeline ..................... {'stages': 'auto', 'partition': 'best', 'seed_layers': False, 'activation_checkpoint_interval': 0}
[2023-09-03 06:20:32,408] [INFO] [config.py:964:print]   pld_enabled .................. False
[2023-09-03 06:20:32,408] [INFO] [config.py:964:print]   pld_params ................... False
[2023-09-03 06:20:32,408] [INFO] [config.py:964:print]   prescale_gradients ........... False
[2023-09-03 06:20:32,408] [INFO] [config.py:964:print]   scheduler_name ............... None
[2023-09-03 06:20:32,408] [INFO] [config.py:964:print]   scheduler_params ............. None
[2023-09-03 06:20:32,408] [INFO] [config.py:964:print]   sparse_attention ............. None
[2023-09-03 06:20:32,408] [INFO] [config.py:964:print]   sparse_gradients_enabled ..... False
[2023-09-03 06:20:32,409] [INFO] [config.py:964:print]   steps_per_print .............. 10
[2023-09-03 06:20:32,409] [INFO] [config.py:964:print]   train_batch_size ............. 128
[2023-09-03 06:20:32,409] [INFO] [config.py:964:print]   train_micro_batch_size_per_gpu  16
[2023-09-03 06:20:32,409] [INFO] [config.py:964:print]   use_node_local_storage ....... False
[2023-09-03 06:20:32,409] [INFO] [config.py:964:print]   wall_clock_breakdown ......... False
[2023-09-03 06:20:32,409] [INFO] [config.py:964:print]   world_size ................... 8
[2023-09-03 06:20:32,409] [INFO] [config.py:964:print]   zero_allow_untested_optimizer  False
[2023-09-03 06:20:32,409] [INFO] [config.py:964:print]   zero_config .................. stage=3 contiguous_gradients=True reduce_scatter=True reduce_bucket_size=500,000,000 allgather_partitions=True allgather_bucket_size=500,000,000 overlap_comm=True load_from_fp32_weights=True elastic_checkpoint=False offload_param=DeepSpeedZeroOffloadParamConfig(device='none', nvme_path=None, buffer_count=5, buffer_size=100,000,000, max_in_cpu=1,000,000,000, pin_memory=False) offload_optimizer=DeepSpeedZeroOffloadOptimizerConfig(device='none', nvme_path=None, buffer_count=4, pin_memory=False, pipeline=False, pipeline_read=False, pipeline_write=False, fast_init=False) sub_group_size=1,000,000,000 cpu_offload_param=None cpu_offload_use_pin_memory=None cpu_offload=None prefetch_bucket_size=30000000 param_persistence_threshold=10000 model_persistence_threshold=sys.maxsize max_live_parameters=30000000 max_reuse_distance=1,000,000,000 gather_16bit_weights_on_model_save=False stage3_gather_fp16_weights_on_model_save=False ignore_unused_parameters=True legacy_stage1=False round_robin_gradients=False zero_hpz_partition_size=1 zero_quantized_weights=False zero_quantized_gradients=False mics_shard_size=-1 mics_hierarchical_params_gather=False memory_efficient_linear=False
[2023-09-03 06:20:32,409] [INFO] [config.py:964:print]   zero_enabled ................. True
[2023-09-03 06:20:32,409] [INFO] [config.py:964:print]   zero_force_ds_cpu_optimizer .. True
[2023-09-03 06:20:32,409] [INFO] [config.py:964:print]   zero_optimization_stage ...... 3
[2023-09-03 06:20:32,409] [INFO] [config.py:950:print_user_config]   json = {
    "train_batch_size": 128, 
    "train_micro_batch_size_per_gpu": 16, 
    "steps_per_print": 10, 
    "zero_optimization": {
        "stage": 3, 
        "offload_param": {
            "device": "none"
        }, 
        "offload_optimizer": {
            "device": "none"
        }, 
        "stage3_param_persistence_threshold": 1.000000e+04, 
        "stage3_max_live_parameters": 3.000000e+07, 
        "stage3_prefetch_bucket_size": 3.000000e+07, 
        "memory_efficient_linear": false
    }, 
    "fp16": {
        "enabled": true, 
        "loss_scale_window": 100
    }, 
    "gradient_clipping": 1.0, 
    "prescale_gradients": false, 
    "wall_clock_breakdown": false, 
    "hybrid_engine": {
        "enabled": false, 
        "max_out_tokens": 512, 
        "inference_tp_size": 1, 
        "release_inference_cache": false, 
        "pin_parameters": true, 
        "tp_gather_partition_size": 8
    }, 
    "tensorboard": {
        "enabled": false, 
        "output_path": "step3_tensorboard/ds_tensorboard_logs/", 
        "job_name": "step3_critic_tensorboard"
    }
}
*****************[end] Initialized Critic Model [end] (duration: 33.72s)******************
************************[start] Initializing Reward Model [start] ************************
[2023-09-03 06:20:47,520] [INFO] [logging.py:96:log_dist] [Rank 0] DeepSpeed info: version=0.10.0, git-hash=unknown, git-branch=unknown
[2023-09-03 06:20:52,867] [INFO] [logging.py:96:log_dist] [Rank 0] DeepSpeed Flops Profiler Enabled: False
[2023-09-03 06:20:52,869] [INFO] [logging.py:96:log_dist] [Rank 0] Creating ZeRO Offload
[2023-09-03 06:20:54,184] [INFO] [utils.py:785:see_memory_usage] DeepSpeedZeRoOffload initialize [begin]
[2023-09-03 06:20:54,185] [INFO] [utils.py:786:see_memory_usage] MA 10.87 GB         Max_MA 10.87 GB         CA 12.28 GB         Max_CA 12 GB 
[2023-09-03 06:20:54,186] [INFO] [utils.py:793:see_memory_usage] CPU Virtual Memory:  used = 78.22 GB, percent = 4.4%
Parameter Offload: Total persistent parameters: 320000 in 241 params
[2023-09-03 06:20:55,666] [INFO] [utils.py:785:see_memory_usage] DeepSpeedZeRoOffload initialize [end]
[2023-09-03 06:20:55,667] [INFO] [utils.py:786:see_memory_usage] MA 10.32 GB         Max_MA 10.88 GB         CA 12.35 GB         Max_CA 12 GB 
[2023-09-03 06:20:55,667] [INFO] [utils.py:793:see_memory_usage] CPU Virtual Memory:  used = 78.29 GB, percent = 4.4%
[2023-09-03 06:20:55,668] [INFO] [config.py:960:print] DeepSpeedEngine configuration:
[2023-09-03 06:20:55,668] [INFO] [config.py:964:print]   activation_checkpointing_config  {
    "partition_activations": false, 
    "contiguous_memory_optimization": false, 
    "cpu_checkpointing": false, 
    "number_checkpoints": null, 
    "synchronize_checkpoint_boundary": false, 
    "profile": false
}
[2023-09-03 06:20:55,668] [INFO] [config.py:964:print]   aio_config ................... {'block_size': 1048576, 'queue_depth': 8, 'thread_count': 1, 'single_submit': False, 'overlap_events': True}
[2023-09-03 06:20:55,669] [INFO] [config.py:964:print]   amp_enabled .................. False
[2023-09-03 06:20:55,669] [INFO] [config.py:964:print]   amp_params ................... False
[2023-09-03 06:20:55,669] [INFO] [config.py:964:print]   autotuning_config ............ {
    "enabled": false, 
    "start_step": null, 
    "end_step": null, 
    "metric_path": null, 
    "arg_mappings": null, 
    "metric": "throughput", 
    "model_info": null, 
    "results_dir": "autotuning_results", 
    "exps_dir": "autotuning_exps", 
    "overwrite": true, 
    "fast": true, 
    "start_profile_step": 3, 
    "end_profile_step": 5, 
    "tuner_type": "gridsearch", 
    "tuner_early_stopping": 5, 
    "tuner_num_trials": 50, 
    "model_info_path": null, 
    "mp_size": 1, 
    "max_train_batch_size": null, 
    "min_train_batch_size": 1, 
    "max_train_micro_batch_size_per_gpu": 1.024000e+03, 
    "min_train_micro_batch_size_per_gpu": 1, 
    "num_tuning_micro_batch_sizes": 3
}
[2023-09-03 06:20:55,669] [INFO] [config.py:964:print]   bfloat16_enabled ............. False
[2023-09-03 06:20:55,669] [INFO] [config.py:964:print]   checkpoint_parallel_write_pipeline  False
[2023-09-03 06:20:55,669] [INFO] [config.py:964:print]   checkpoint_tag_validation_enabled  True
[2023-09-03 06:20:55,669] [INFO] [config.py:964:print]   checkpoint_tag_validation_fail  False
[2023-09-03 06:20:55,669] [INFO] [config.py:964:print]   comms_config ................. <deepspeed.comm.config.DeepSpeedCommsConfig object at 0x7fe4bc7d6e30>
[2023-09-03 06:20:55,669] [INFO] [config.py:964:print]   communication_data_type ...... None
[2023-09-03 06:20:55,669] [INFO] [config.py:964:print]   compression_config ........... {'weight_quantization': {'shared_parameters': {'enabled': False, 'quantizer_kernel': False, 'schedule_offset': 0, 'quantize_groups': 1, 'quantize_verbose': False, 'quantization_type': 'symmetric', 'quantize_weight_in_forward': False, 'rounding': 'nearest', 'fp16_mixed_quantize': False, 'quantize_change_ratio': 0.001}, 'different_groups': {}}, 'activation_quantization': {'shared_parameters': {'enabled': False, 'quantization_type': 'symmetric', 'range_calibration': 'dynamic', 'schedule_offset': 1000}, 'different_groups': {}}, 'sparse_pruning': {'shared_parameters': {'enabled': False, 'method': 'l1', 'schedule_offset': 1000}, 'different_groups': {}}, 'row_pruning': {'shared_parameters': {'enabled': False, 'method': 'l1', 'schedule_offset': 1000}, 'different_groups': {}}, 'head_pruning': {'shared_parameters': {'enabled': False, 'method': 'topk', 'schedule_offset': 1000}, 'different_groups': {}}, 'channel_pruning': {'shared_parameters': {'enabled': False, 'method': 'l1', 'schedule_offset': 1000}, 'different_groups': {}}, 'layer_reduction': {'enabled': False}}
[2023-09-03 06:20:55,669] [INFO] [config.py:964:print]   curriculum_enabled_legacy .... False
[2023-09-03 06:20:55,669] [INFO] [config.py:964:print]   curriculum_params_legacy ..... False
[2023-09-03 06:20:55,669] [INFO] [config.py:964:print]   data_efficiency_config ....... {'enabled': False, 'seed': 1234, 'data_sampling': {'enabled': False, 'num_epochs': 1000, 'num_workers': 0, 'curriculum_learning': {'enabled': False}}, 'data_routing': {'enabled': False, 'random_ltd': {'enabled': False, 'layer_token_lr_schedule': {'enabled': False}}}}
[2023-09-03 06:20:55,669] [INFO] [config.py:964:print]   data_efficiency_enabled ...... False
[2023-09-03 06:20:55,670] [INFO] [config.py:964:print]   dataloader_drop_last ......... False
[2023-09-03 06:20:55,670] [INFO] [config.py:964:print]   disable_allgather ............ False
[2023-09-03 06:20:55,670] [INFO] [config.py:964:print]   dump_state ................... False
[2023-09-03 06:20:55,670] [INFO] [config.py:964:print]   dynamic_loss_scale_args ...... None
[2023-09-03 06:20:55,670] [INFO] [config.py:964:print]   eigenvalue_enabled ........... False
[2023-09-03 06:20:55,670] [INFO] [config.py:964:print]   eigenvalue_gas_boundary_resolution  1
[2023-09-03 06:20:55,670] [INFO] [config.py:964:print]   eigenvalue_layer_name ........ bert.encoder.layer
[2023-09-03 06:20:55,670] [INFO] [config.py:964:print]   eigenvalue_layer_num ......... 0
[2023-09-03 06:20:55,670] [INFO] [config.py:964:print]   eigenvalue_max_iter .......... 100
[2023-09-03 06:20:55,670] [INFO] [config.py:964:print]   eigenvalue_stability ......... 1e-06
[2023-09-03 06:20:55,670] [INFO] [config.py:964:print]   eigenvalue_tol ............... 0.01
[2023-09-03 06:20:55,670] [INFO] [config.py:964:print]   eigenvalue_verbose ........... False
[2023-09-03 06:20:55,670] [INFO] [config.py:964:print]   elasticity_enabled ........... False
[2023-09-03 06:20:55,670] [INFO] [config.py:964:print]   flops_profiler_config ........ {
    "enabled": false, 
    "recompute_fwd_factor": 0.0, 
    "profile_step": 1, 
    "module_depth": -1, 
    "top_modules": 1, 
    "detailed": true, 
    "output_file": null
}
[2023-09-03 06:20:55,670] [INFO] [config.py:964:print]   fp16_auto_cast ............... False
[2023-09-03 06:20:55,670] [INFO] [config.py:964:print]   fp16_enabled ................. True
[2023-09-03 06:20:55,670] [INFO] [config.py:964:print]   fp16_master_weights_and_gradients  False
[2023-09-03 06:20:55,670] [INFO] [config.py:964:print]   global_rank .................. 0
[2023-09-03 06:20:55,670] [INFO] [config.py:964:print]   grad_accum_dtype ............. None
[2023-09-03 06:20:55,670] [INFO] [config.py:964:print]   gradient_accumulation_steps .. 1
[2023-09-03 06:20:55,670] [INFO] [config.py:964:print]   gradient_clipping ............ 1.0
[2023-09-03 06:20:55,670] [INFO] [config.py:964:print]   gradient_predivide_factor .... 1.0
[2023-09-03 06:20:55,670] [INFO] [config.py:964:print]   hybrid_engine ................ enabled=False max_out_tokens=512 inference_tp_size=1 release_inference_cache=False pin_parameters=True tp_gather_partition_size=8
[2023-09-03 06:20:55,670] [INFO] [config.py:964:print]   initial_dynamic_scale ........ 65536
[2023-09-03 06:20:55,671] [INFO] [config.py:964:print]   load_universal_checkpoint .... False
[2023-09-03 06:20:55,671] [INFO] [config.py:964:print]   loss_scale ................... 0
[2023-09-03 06:20:55,671] [INFO] [config.py:964:print]   memory_breakdown ............. False
[2023-09-03 06:20:55,671] [INFO] [config.py:964:print]   mics_hierarchial_params_gather  False
[2023-09-03 06:20:55,671] [INFO] [config.py:964:print]   mics_shard_size .............. -1
[2023-09-03 06:20:55,671] [INFO] [config.py:964:print]   monitor_config ............... tensorboard=TensorBoardConfig(enabled=False, output_path='', job_name='DeepSpeedJobName') wandb=WandbConfig(enabled=False, group=None, team=None, project='deepspeed') csv_monitor=CSVConfig(enabled=False, output_path='', job_name='DeepSpeedJobName') enabled=False
[2023-09-03 06:20:55,671] [INFO] [config.py:964:print]   nebula_config ................ {
    "enabled": false, 
    "persistent_storage_path": null, 
    "persistent_time_interval": 100, 
    "num_of_version_in_retention": 2, 
    "enable_nebula_load": true, 
    "load_path": null
}
[2023-09-03 06:20:55,671] [INFO] [config.py:964:print]   optimizer_legacy_fusion ...... False
[2023-09-03 06:20:55,671] [INFO] [config.py:964:print]   optimizer_name ............... None
[2023-09-03 06:20:55,671] [INFO] [config.py:964:print]   optimizer_params ............. None
[2023-09-03 06:20:55,671] [INFO] [config.py:964:print]   pipeline ..................... {'stages': 'auto', 'partition': 'best', 'seed_layers': False, 'activation_checkpoint_interval': 0}
[2023-09-03 06:20:55,671] [INFO] [config.py:964:print]   pld_enabled .................. False
[2023-09-03 06:20:55,671] [INFO] [config.py:964:print]   pld_params ................... False
[2023-09-03 06:20:55,671] [INFO] [config.py:964:print]   prescale_gradients ........... False
[2023-09-03 06:20:55,671] [INFO] [config.py:964:print]   scheduler_name ............... None
[2023-09-03 06:20:55,671] [INFO] [config.py:964:print]   scheduler_params ............. None
[2023-09-03 06:20:55,671] [INFO] [config.py:964:print]   sparse_attention ............. None
[2023-09-03 06:20:55,671] [INFO] [config.py:964:print]   sparse_gradients_enabled ..... False
[2023-09-03 06:20:55,671] [INFO] [config.py:964:print]   steps_per_print .............. 10
[2023-09-03 06:20:55,671] [INFO] [config.py:964:print]   train_batch_size ............. 128
[2023-09-03 06:20:55,671] [INFO] [config.py:964:print]   train_micro_batch_size_per_gpu  16
[2023-09-03 06:20:55,671] [INFO] [config.py:964:print]   use_node_local_storage ....... False
[2023-09-03 06:20:55,671] [INFO] [config.py:964:print]   wall_clock_breakdown ......... False
[2023-09-03 06:20:55,671] [INFO] [config.py:964:print]   world_size ................... 8
[2023-09-03 06:20:55,672] [INFO] [config.py:964:print]   zero_allow_untested_optimizer  False
[2023-09-03 06:20:55,672] [INFO] [config.py:964:print]   zero_config .................. stage=3 contiguous_gradients=True reduce_scatter=True reduce_bucket_size=500,000,000 allgather_partitions=True allgather_bucket_size=500,000,000 overlap_comm=True load_from_fp32_weights=True elastic_checkpoint=False offload_param=DeepSpeedZeroOffloadParamConfig(device='none', nvme_path=None, buffer_count=5, buffer_size=100,000,000, max_in_cpu=1,000,000,000, pin_memory=False) offload_optimizer=None sub_group_size=1,000,000,000 cpu_offload_param=None cpu_offload_use_pin_memory=None cpu_offload=None prefetch_bucket_size=50,000,000 param_persistence_threshold=10000 model_persistence_threshold=sys.maxsize max_live_parameters=1,000,000,000 max_reuse_distance=1,000,000,000 gather_16bit_weights_on_model_save=False stage3_gather_fp16_weights_on_model_save=False ignore_unused_parameters=True legacy_stage1=False round_robin_gradients=False zero_hpz_partition_size=1 zero_quantized_weights=False zero_quantized_gradients=False mics_shard_size=-1 mics_hierarchical_params_gather=False memory_efficient_linear=False
[2023-09-03 06:20:55,672] [INFO] [config.py:964:print]   zero_enabled ................. True
[2023-09-03 06:20:55,672] [INFO] [config.py:964:print]   zero_force_ds_cpu_optimizer .. True
[2023-09-03 06:20:55,672] [INFO] [config.py:964:print]   zero_optimization_stage ...... 3
[2023-09-03 06:20:55,672] [INFO] [config.py:950:print_user_config]   json = {
    "train_batch_size": 128, 
    "train_micro_batch_size_per_gpu": 16, 
    "steps_per_print": 10, 
    "zero_optimization": {
        "stage": 3, 
        "stage3_param_persistence_threshold": 1.000000e+04, 
        "offload_param": {
            "device": "none"
        }, 
        "memory_efficient_linear": false
    }, 
    "fp16": {
        "enabled": true
    }, 
    "gradient_clipping": 1.0, 
    "prescale_gradients": false, 
    "wall_clock_breakdown": false
}
*****************[end] Initialized Reward Model [end] (duration: 23.26s)******************
***** Running training *****
Beginning of Epoch 1/1, Total Generation Batches 920
------------------------------------------------------
Free memory : 41.442932 (GigaBytes)  
Total memory: 79.324768 (GigaBytes)  
Requested memory: 14.687500 (GigaBytes) 
Setting maximum total tokens (input + output) to 512 
WorkSpace: 0x7fccf2000000 
------------------------------------------------------
[2023-09-03 06:21:25,597] [INFO] [loss_scaler.py:190:update_scale] [deepspeed] OVERFLOW! Rank 0 Skipping step. Attempted loss scale: 65536, but hysteresis is 2. Reducing hysteresis to 1
[2023-09-03 06:21:28,682] [INFO] [loss_scaler.py:190:update_scale] [deepspeed] OVERFLOW! Rank 0 Skipping step. Attempted loss scale: 65536, but hysteresis is 2. Reducing hysteresis to 1
epoch: 0|step: 0|ppo_ep: 1|act_loss: 0.030670166015625|cri_loss: 0.02166748046875|unsuper_loss: 0.0
average reward score: -0.35498046875
-------------------------------------------------------------------------------------
|E2E latency=32.00s |Gather latency=1.40s (4.38%) |Generate time=18.13s (56.64%) |Training time=9.34s (29.20%) |Others=4.53 (14.16%)|CurSamplesPerSec=4.00 |AvgSamplesPerSec=4.00
[2023-09-03 06:22:04,495] [INFO] [loss_scaler.py:183:update_scale] [deepspeed] OVERFLOW! Rank 0 Skipping step. Attempted loss scale: 65536, reducing to 32768
[2023-09-03 06:22:06,698] [INFO] [loss_scaler.py:183:update_scale] [deepspeed] OVERFLOW! Rank 0 Skipping step. Attempted loss scale: 65536, reducing to 32768
epoch: 0|step: 1|ppo_ep: 1|act_loss: 0.0296630859375|cri_loss: 0.01995849609375|unsuper_loss: 0.0
average reward score: -0.3330078125
-------------------------------------------------------------------------------------
|E2E latency=38.02s |Gather latency=3.27s (8.59%) |Generate time=10.45s (27.49%) |Training time=18.34s (48.24%) |Others=9.23 (24.27%)|CurSamplesPerSec=3.37 |AvgSamplesPerSec=3.66
epoch: 0|step: 2|ppo_ep: 1|act_loss: 0.030517578125|cri_loss: 0.020477294921875|unsuper_loss: 0.0
average reward score: -0.336669921875
-------------------------------------------------------------------------------------
|E2E latency=32.76s |Gather latency=3.38s (10.32%) |Generate time=10.05s (30.67%) |Training time=13.98s (42.67%) |Others=8.74 (26.66%)|CurSamplesPerSec=3.91 |AvgSamplesPerSec=3.74
epoch: 0|step: 3|ppo_ep: 1|act_loss: 0.028656005859375|cri_loss: 0.0198211669921875|unsuper_loss: 0.0
average reward score: -0.33544921875
-------------------------------------------------------------------------------------
|E2E latency=31.01s |Gather latency=3.53s (11.37%) |Generate time=9.95s (32.08%) |Training time=11.87s (38.28%) |Others=9.19 (29.64%)|CurSamplesPerSec=4.13 |AvgSamplesPerSec=3.83
epoch: 0|step: 4|ppo_ep: 1|act_loss: 0.031005859375|cri_loss: 0.019500732421875|unsuper_loss: 0.0
average reward score: -0.3310546875
-------------------------------------------------------------------------------------
|E2E latency=32.57s |Gather latency=3.69s (11.32%) |Generate time=11.02s (33.83%) |Training time=12.15s (37.30%) |Others=9.40 (28.87%)|CurSamplesPerSec=3.93 |AvgSamplesPerSec=3.85
epoch: 0|step: 5|ppo_ep: 1|act_loss: 0.034576416015625|cri_loss: 0.02239990234375|unsuper_loss: 0.0
average reward score: -0.347900390625
-------------------------------------------------------------------------------------
|E2E latency=31.29s |Gather latency=3.51s (11.22%) |Generate time=10.17s (32.49%) |Training time=11.71s (37.42%) |Others=9.42 (30.09%)|CurSamplesPerSec=4.09 |AvgSamplesPerSec=3.89
epoch: 0|step: 6|ppo_ep: 1|act_loss: 0.028167724609375|cri_loss: 0.020416259765625|unsuper_loss: 0.0
average reward score: -0.338134765625
-------------------------------------------------------------------------------------
|E2E latency=32.27s |Gather latency=2.66s (8.23%) |Generate time=10.97s (34.00%) |Training time=11.80s (36.56%) |Others=9.50 (29.44%)|CurSamplesPerSec=3.97 |AvgSamplesPerSec=3.90
epoch: 0|step: 7|ppo_ep: 1|act_loss: 0.023193359375|cri_loss: 0.0200653076171875|unsuper_loss: 0.0
average reward score: -0.32568359375
-------------------------------------------------------------------------------------
|E2E latency=33.28s |Gather latency=3.62s (10.88%) |Generate time=9.99s (30.01%) |Training time=13.93s (41.84%) |Others=9.37 (28.14%)|CurSamplesPerSec=3.85 |AvgSamplesPerSec=3.89
epoch: 0|step: 8|ppo_ep: 1|act_loss: 0.022613525390625|cri_loss: 0.0201263427734375|unsuper_loss: 0.0
average reward score: -0.334228515625
-------------------------------------------------------------------------------------
|E2E latency=31.72s |Gather latency=3.33s (10.50%) |Generate time=10.03s (31.62%) |Training time=12.28s (38.69%) |Others=9.42 (29.69%)|CurSamplesPerSec=4.03 |AvgSamplesPerSec=3.91
[2023-09-03 06:26:21,219] [INFO] [logging.py:96:log_dist] [Rank 0] step=10, skipped=2, lr=[4e-05, 4e-05, 4e-05], mom=[(0.9, 0.95), (0.9, 0.95), (0.9, 0.95)]
[2023-09-03 06:26:21,220] [INFO] [timer.py:215:stop] epoch=0/micro_step=10/global_step=10, RunningAvgSamplesPerSec=24.475545031655898, CurrSamplesPerSec=24.947843774262616, MemAllocated=11.73GB, MaxMemAllocated=35.58GB
[2023-09-03 06:26:23,197] [INFO] [logging.py:96:log_dist] [Rank 0] step=10, skipped=2, lr=[4.0000000000000003e-07, 4.0000000000000003e-07], mom=[(0.9, 0.95), (0.9, 0.95)]
epoch: 0|step: 9|ppo_ep: 1|act_loss: 0.016326904296875|cri_loss: 0.018402099609375|unsuper_loss: 0.0
average reward score: -0.32958984375
-------------------------------------------------------------------------------------
======================================================================
Execution time: 327.5110 seconds for 10 steps
Throughput: 3.9083 samples/sec
[2023-09-03 06:26:30,161] [INFO] [launch.py:347:main] Process 327844 exits successfully.
[2023-09-03 06:26:30,161] [INFO] [launch.py:347:main] Process 327848 exits successfully.
[2023-09-03 06:26:31,162] [INFO] [launch.py:347:main] Process 327841 exits successfully.
[2023-09-03 06:26:32,164] [INFO] [launch.py:347:main] Process 327846 exits successfully.
[2023-09-03 06:26:33,165] [INFO] [launch.py:347:main] Process 327845 exits successfully.
[2023-09-03 06:26:33,165] [INFO] [launch.py:347:main] Process 327842 exits successfully.
[2023-09-03 06:26:33,165] [INFO] [launch.py:347:main] Process 327847 exits successfully.
[2023-09-03 06:26:33,166] [INFO] [launch.py:347:main] Process 327843 exits successfully.
