[2023-09-03 14:46:19,089] [INFO] [real_accelerator.py:133:get_accelerator] Setting ds_accelerator to cuda (auto detect)
[2023-09-03 14:46:23,638] [WARNING] [runner.py:196:fetch_hostfile] Unable to find hostfile, will proceed with training with local resources only.
[2023-09-03 14:46:24,555] [INFO] [runner.py:555:main] cmd = /home/ubuntu/shared/DeepSpeedExamples/applications/DeepSpeed-Chat/training/.venv/bin/python -u -m deepspeed.launcher.launch --world_info=eyJsb2NhbGhvc3QiOiBbMCwgMSwgMiwgMywgNCwgNSwgNiwgN119 --master_addr=127.0.0.1 --master_port=29500 --enable_each_rank_log=None /home/ubuntu/shared/DeepSpeedExamples/applications/DeepSpeed-Chat/training/step1_supervised_finetuning/main.py --data_path Dahoas/rm-static Dahoas/full-hh-rlhf Dahoas/synthetic-instruct-gptj-pairwise yitingxie/rlhf-reward-datasets --data_split 2,4,4 --data_output_path /home/ubuntu/shared/.cache/data_files/opt-66b_step1 --model_name_or_path facebook/opt-66b --per_device_train_batch_size 4 --per_device_eval_batch_size 4 --max_seq_len 512 --learning_rate 1e-8 --weight_decay 0.1 --num_train_epochs 2 --gradient_accumulation_steps 1 --lr_scheduler_type cosine --num_warmup_steps 0 --seed 1234 --gradient_checkpointing --zero_stage 3 --lora_dim 128 --lora_module_name decoder.layers. --deepspeed --max_steps 100
[2023-09-03 14:46:26,419] [INFO] [real_accelerator.py:133:get_accelerator] Setting ds_accelerator to cuda (auto detect)
[2023-09-03 14:46:27,880] [INFO] [launch.py:145:main] WORLD INFO DICT: {'localhost': [0, 1, 2, 3, 4, 5, 6, 7]}
[2023-09-03 14:46:27,880] [INFO] [launch.py:151:main] nnodes=1, num_local_procs=8, node_rank=0
[2023-09-03 14:46:27,880] [INFO] [launch.py:162:main] global_rank_mapping=defaultdict(<class 'list'>, {'localhost': [0, 1, 2, 3, 4, 5, 6, 7]})
[2023-09-03 14:46:27,880] [INFO] [launch.py:163:main] dist_world_size=8
[2023-09-03 14:46:27,880] [INFO] [launch.py:165:main] Setting CUDA_VISIBLE_DEVICES=0,1,2,3,4,5,6,7
[2023-09-03 14:46:29,958] [INFO] [real_accelerator.py:133:get_accelerator] Setting ds_accelerator to cuda (auto detect)
[2023-09-03 14:46:30,006] [INFO] [real_accelerator.py:133:get_accelerator] Setting ds_accelerator to cuda (auto detect)
[2023-09-03 14:46:30,048] [INFO] [real_accelerator.py:133:get_accelerator] Setting ds_accelerator to cuda (auto detect)
[2023-09-03 14:46:30,053] [INFO] [real_accelerator.py:133:get_accelerator] Setting ds_accelerator to cuda (auto detect)
[2023-09-03 14:46:30,054] [INFO] [real_accelerator.py:133:get_accelerator] Setting ds_accelerator to cuda (auto detect)
[2023-09-03 14:46:30,095] [INFO] [real_accelerator.py:133:get_accelerator] Setting ds_accelerator to cuda (auto detect)
[2023-09-03 14:46:30,101] [INFO] [real_accelerator.py:133:get_accelerator] Setting ds_accelerator to cuda (auto detect)
[2023-09-03 14:46:30,101] [INFO] [real_accelerator.py:133:get_accelerator] Setting ds_accelerator to cuda (auto detect)
[2023-09-03 14:46:34,293] [WARNING] [comm.py:152:init_deepspeed_backend] NCCL backend in DeepSpeed not yet implemented
[2023-09-03 14:46:34,293] [INFO] [comm.py:616:init_distributed] cdb=None
[2023-09-03 14:46:34,313] [WARNING] [comm.py:152:init_deepspeed_backend] NCCL backend in DeepSpeed not yet implemented
[2023-09-03 14:46:34,313] [WARNING] [comm.py:152:init_deepspeed_backend] NCCL backend in DeepSpeed not yet implemented
[2023-09-03 14:46:34,313] [INFO] [comm.py:616:init_distributed] cdb=None
[2023-09-03 14:46:34,313] [INFO] [comm.py:616:init_distributed] cdb=None
[2023-09-03 14:46:35,423] [WARNING] [comm.py:152:init_deepspeed_backend] NCCL backend in DeepSpeed not yet implemented
[2023-09-03 14:46:35,423] [INFO] [comm.py:616:init_distributed] cdb=None
[2023-09-03 14:46:35,434] [WARNING] [comm.py:152:init_deepspeed_backend] NCCL backend in DeepSpeed not yet implemented
[2023-09-03 14:46:35,434] [INFO] [comm.py:616:init_distributed] cdb=None
[2023-09-03 14:46:35,441] [WARNING] [comm.py:152:init_deepspeed_backend] NCCL backend in DeepSpeed not yet implemented
[2023-09-03 14:46:35,441] [INFO] [comm.py:616:init_distributed] cdb=None
[2023-09-03 14:46:35,441] [INFO] [comm.py:643:init_distributed] Initializing TorchBackend in DeepSpeed with backend nccl
[2023-09-03 14:46:35,443] [WARNING] [comm.py:152:init_deepspeed_backend] NCCL backend in DeepSpeed not yet implemented
[2023-09-03 14:46:35,443] [INFO] [comm.py:616:init_distributed] cdb=None
[2023-09-03 14:46:35,448] [WARNING] [comm.py:152:init_deepspeed_backend] NCCL backend in DeepSpeed not yet implemented
[2023-09-03 14:46:35,448] [INFO] [comm.py:616:init_distributed] cdb=None
[2023-09-03 14:46:56,697] [INFO] [partition_parameters.py:326:__exit__] finished initializing model with 66.18B parameters
ninja: no work to do.
Time to load fused_adam op: 0.08443999290466309 seconds
ninja: no work to do.
Time to load fused_adam op: 0.08115625381469727 seconds
ninja: no work to do.
Time to load fused_adam op: 0.08254194259643555 seconds
ninja: no work to do.
Time to load fused_adam op: 0.08194375038146973 seconds
ninja: no work to do.
Time to load fused_adam op: 0.08379101753234863 seconds
[2023-09-03 14:51:29,734] [INFO] [logging.py:96:log_dist] [Rank 0] DeepSpeed info: version=0.10.0, git-hash=unknown, git-branch=unknown
[2023-09-03 14:51:29,734] [INFO] [comm.py:637:init_distributed] Distributed backend already initialized
Time to load fused_adam op: 0.10184240341186523 seconds
ninja: no work to do.
Time to load fused_adam op: 0.08200955390930176 seconds
ninja: no work to do.
Time to load fused_adam op: 0.0811777114868164 seconds
[2023-09-03 14:51:34,962] [INFO] [logging.py:96:log_dist] [Rank 0] DeepSpeed Flops Profiler Enabled: False
[2023-09-03 14:51:34,967] [INFO] [logging.py:96:log_dist] [Rank 0] Removing param_group that has no 'params' in the client Optimizer
[2023-09-03 14:51:34,967] [INFO] [logging.py:96:log_dist] [Rank 0] Using client Optimizer as basic optimizer
[2023-09-03 14:51:35,260] [INFO] [logging.py:96:log_dist] [Rank 0] DeepSpeed Basic Optimizer = FusedAdam
[2023-09-03 14:51:35,260] [INFO] [utils.py:54:is_zero_supported_optimizer] Checking ZeRO support for optimizer=FusedAdam type=<class 'deepspeed.ops.adam.fused_adam.FusedAdam'>
[2023-09-03 14:51:35,261] [INFO] [logging.py:96:log_dist] [Rank 0] Creating fp16 ZeRO stage 3 optimizer, MiCS is enabled False, Hierarchical params gather False
[2023-09-03 14:51:35,261] [INFO] [logging.py:96:log_dist] [Rank 0] Creating torch.float16 ZeRO stage 3 optimizer
[2023-09-03 14:51:36,005] [INFO] [utils.py:785:see_memory_usage] Stage 3 initialize beginning
[2023-09-03 14:51:36,006] [INFO] [utils.py:786:see_memory_usage] MA 17.94 GB         Max_MA 17.96 GB         CA 30.9 GB         Max_CA 31 GB 
[2023-09-03 14:51:36,006] [INFO] [utils.py:793:see_memory_usage] CPU Virtual Memory:  used = 76.84 GB, percent = 4.3%
[2023-09-03 14:51:36,011] [INFO] [stage3.py:117:__init__] Reduce bucket size 500,000,000
[2023-09-03 14:51:36,011] [INFO] [stage3.py:118:__init__] Prefetch bucket size 30000000
[2023-09-03 14:51:36,621] [INFO] [utils.py:785:see_memory_usage] DeepSpeedZeRoOffload initialize [begin]
[2023-09-03 14:51:36,622] [INFO] [utils.py:786:see_memory_usage] MA 17.94 GB         Max_MA 17.94 GB         CA 30.9 GB         Max_CA 31 GB 
[2023-09-03 14:51:36,623] [INFO] [utils.py:793:see_memory_usage] CPU Virtual Memory:  used = 76.85 GB, percent = 4.3%
Parameter Offload: Total persistent parameters: 5326848 in 578 params
[2023-09-03 14:51:39,465] [INFO] [utils.py:785:see_memory_usage] DeepSpeedZeRoOffload initialize [end]
[2023-09-03 14:51:39,467] [INFO] [utils.py:786:see_memory_usage] MA 15.73 GB         Max_MA 17.94 GB         CA 31.08 GB         Max_CA 31 GB 
[2023-09-03 14:51:39,467] [INFO] [utils.py:793:see_memory_usage] CPU Virtual Memory:  used = 76.84 GB, percent = 4.3%
[2023-09-03 14:51:40,104] [INFO] [utils.py:785:see_memory_usage] Before creating fp16 partitions
[2023-09-03 14:51:40,105] [INFO] [utils.py:786:see_memory_usage] MA 15.73 GB         Max_MA 15.73 GB         CA 31.08 GB         Max_CA 31 GB 
[2023-09-03 14:51:40,106] [INFO] [utils.py:793:see_memory_usage] CPU Virtual Memory:  used = 76.84 GB, percent = 4.3%
[2023-09-03 14:51:42,778] [INFO] [utils.py:785:see_memory_usage] After creating fp16 partitions: 3
[2023-09-03 14:51:42,780] [INFO] [utils.py:786:see_memory_usage] MA 15.73 GB         Max_MA 15.73 GB         CA 18.41 GB         Max_CA 31 GB 
[2023-09-03 14:51:42,780] [INFO] [utils.py:793:see_memory_usage] CPU Virtual Memory:  used = 76.94 GB, percent = 4.3%
[2023-09-03 14:51:43,387] [INFO] [utils.py:785:see_memory_usage] Before creating fp32 partitions
[2023-09-03 14:51:43,388] [INFO] [utils.py:786:see_memory_usage] MA 15.73 GB         Max_MA 15.73 GB         CA 18.41 GB         Max_CA 18 GB 
[2023-09-03 14:51:43,388] [INFO] [utils.py:793:see_memory_usage] CPU Virtual Memory:  used = 76.86 GB, percent = 4.3%
[2023-09-03 14:51:44,285] [INFO] [utils.py:785:see_memory_usage] After creating fp32 partitions
[2023-09-03 14:51:44,286] [INFO] [utils.py:786:see_memory_usage] MA 16.59 GB         Max_MA 16.9 GB         CA 19.04 GB         Max_CA 19 GB 
[2023-09-03 14:51:44,286] [INFO] [utils.py:793:see_memory_usage] CPU Virtual Memory:  used = 76.86 GB, percent = 4.3%
[2023-09-03 14:51:44,883] [INFO] [utils.py:785:see_memory_usage] Before initializing optimizer states
[2023-09-03 14:51:44,884] [INFO] [utils.py:786:see_memory_usage] MA 16.59 GB         Max_MA 16.59 GB         CA 19.04 GB         Max_CA 19 GB 
[2023-09-03 14:51:44,884] [INFO] [utils.py:793:see_memory_usage] CPU Virtual Memory:  used = 76.87 GB, percent = 4.3%
[2023-09-03 14:51:45,510] [INFO] [utils.py:785:see_memory_usage] After initializing optimizer states
[2023-09-03 14:51:45,511] [INFO] [utils.py:786:see_memory_usage] MA 18.31 GB         Max_MA 18.94 GB         CA 20.94 GB         Max_CA 21 GB 
[2023-09-03 14:51:45,512] [INFO] [utils.py:793:see_memory_usage] CPU Virtual Memory:  used = 76.86 GB, percent = 4.3%
[2023-09-03 14:51:45,512] [INFO] [stage3.py:424:_setup_for_real_optimizer] optimizer state initialized
[2023-09-03 14:51:47,412] [INFO] [utils.py:785:see_memory_usage] After initializing ZeRO optimizer
[2023-09-03 14:51:47,413] [INFO] [utils.py:786:see_memory_usage] MA 19.67 GB         Max_MA 21.4 GB         CA 24.47 GB         Max_CA 24 GB 
[2023-09-03 14:51:47,414] [INFO] [utils.py:793:see_memory_usage] CPU Virtual Memory:  used = 76.86 GB, percent = 4.3%
[2023-09-03 14:51:47,414] [INFO] [logging.py:96:log_dist] [Rank 0] DeepSpeed Final Optimizer = FusedAdam
[2023-09-03 14:51:47,414] [INFO] [logging.py:96:log_dist] [Rank 0] DeepSpeed using client LR scheduler
[2023-09-03 14:51:47,414] [INFO] [logging.py:96:log_dist] [Rank 0] DeepSpeed LR Scheduler = <torch.optim.lr_scheduler.LambdaLR object at 0x7efd444fc760>
[2023-09-03 14:51:47,414] [INFO] [logging.py:96:log_dist] [Rank 0] step=0, skipped=0, lr=[1e-08, 0.0005, 1e-08], mom=[(0.9, 0.95), (0.9, 0.95), (0.9, 0.95)]
[2023-09-03 14:51:47,417] [INFO] [config.py:960:print] DeepSpeedEngine configuration:
[2023-09-03 14:51:47,418] [INFO] [config.py:964:print]   activation_checkpointing_config  {
    "partition_activations": false, 
    "contiguous_memory_optimization": false, 
    "cpu_checkpointing": false, 
    "number_checkpoints": null, 
    "synchronize_checkpoint_boundary": false, 
    "profile": false
}
[2023-09-03 14:51:47,418] [INFO] [config.py:964:print]   aio_config ................... {'block_size': 1048576, 'queue_depth': 8, 'thread_count': 1, 'single_submit': False, 'overlap_events': True}
[2023-09-03 14:51:47,418] [INFO] [config.py:964:print]   amp_enabled .................. False
[2023-09-03 14:51:47,418] [INFO] [config.py:964:print]   amp_params ................... False
[2023-09-03 14:51:47,418] [INFO] [config.py:964:print]   autotuning_config ............ {
    "enabled": false, 
    "start_step": null, 
    "end_step": null, 
    "metric_path": null, 
    "arg_mappings": null, 
    "metric": "throughput", 
    "model_info": null, 
    "results_dir": "autotuning_results", 
    "exps_dir": "autotuning_exps", 
    "overwrite": true, 
    "fast": true, 
    "start_profile_step": 3, 
    "end_profile_step": 5, 
    "tuner_type": "gridsearch", 
    "tuner_early_stopping": 5, 
    "tuner_num_trials": 50, 
    "model_info_path": null, 
    "mp_size": 1, 
    "max_train_batch_size": null, 
    "min_train_batch_size": 1, 
    "max_train_micro_batch_size_per_gpu": 1.024000e+03, 
    "min_train_micro_batch_size_per_gpu": 1, 
    "num_tuning_micro_batch_sizes": 3
}
[2023-09-03 14:51:47,418] [INFO] [config.py:964:print]   bfloat16_enabled ............. False
[2023-09-03 14:51:47,418] [INFO] [config.py:964:print]   checkpoint_parallel_write_pipeline  False
[2023-09-03 14:51:47,418] [INFO] [config.py:964:print]   checkpoint_tag_validation_enabled  True
[2023-09-03 14:51:47,419] [INFO] [config.py:964:print]   checkpoint_tag_validation_fail  False
[2023-09-03 14:51:47,419] [INFO] [config.py:964:print]   comms_config ................. <deepspeed.comm.config.DeepSpeedCommsConfig object at 0x7efd444fc610>
[2023-09-03 14:51:47,419] [INFO] [config.py:964:print]   communication_data_type ...... None
[2023-09-03 14:51:47,419] [INFO] [config.py:964:print]   compression_config ........... {'weight_quantization': {'shared_parameters': {'enabled': False, 'quantizer_kernel': False, 'schedule_offset': 0, 'quantize_groups': 1, 'quantize_verbose': False, 'quantization_type': 'symmetric', 'quantize_weight_in_forward': False, 'rounding': 'nearest', 'fp16_mixed_quantize': False, 'quantize_change_ratio': 0.001}, 'different_groups': {}}, 'activation_quantization': {'shared_parameters': {'enabled': False, 'quantization_type': 'symmetric', 'range_calibration': 'dynamic', 'schedule_offset': 1000}, 'different_groups': {}}, 'sparse_pruning': {'shared_parameters': {'enabled': False, 'method': 'l1', 'schedule_offset': 1000}, 'different_groups': {}}, 'row_pruning': {'shared_parameters': {'enabled': False, 'method': 'l1', 'schedule_offset': 1000}, 'different_groups': {}}, 'head_pruning': {'shared_parameters': {'enabled': False, 'method': 'topk', 'schedule_offset': 1000}, 'different_groups': {}}, 'channel_pruning': {'shared_parameters': {'enabled': False, 'method': 'l1', 'schedule_offset': 1000}, 'different_groups': {}}, 'layer_reduction': {'enabled': False}}
[2023-09-03 14:51:47,419] [INFO] [config.py:964:print]   curriculum_enabled_legacy .... False
[2023-09-03 14:51:47,419] [INFO] [config.py:964:print]   curriculum_params_legacy ..... False
[2023-09-03 14:51:47,419] [INFO] [config.py:964:print]   data_efficiency_config ....... {'enabled': False, 'seed': 1234, 'data_sampling': {'enabled': False, 'num_epochs': 1000, 'num_workers': 0, 'curriculum_learning': {'enabled': False}}, 'data_routing': {'enabled': False, 'random_ltd': {'enabled': False, 'layer_token_lr_schedule': {'enabled': False}}}}
[2023-09-03 14:51:47,419] [INFO] [config.py:964:print]   data_efficiency_enabled ...... False
[2023-09-03 14:51:47,419] [INFO] [config.py:964:print]   dataloader_drop_last ......... False
[2023-09-03 14:51:47,419] [INFO] [config.py:964:print]   disable_allgather ............ False
[2023-09-03 14:51:47,419] [INFO] [config.py:964:print]   dump_state ................... False
[2023-09-03 14:51:47,419] [INFO] [config.py:964:print]   dynamic_loss_scale_args ...... {'init_scale': 65536, 'scale_window': 100, 'delayed_shift': 2, 'consecutive_hysteresis': False, 'min_scale': 1}
[2023-09-03 14:51:47,419] [INFO] [config.py:964:print]   eigenvalue_enabled ........... False
[2023-09-03 14:51:47,419] [INFO] [config.py:964:print]   eigenvalue_gas_boundary_resolution  1
[2023-09-03 14:51:47,419] [INFO] [config.py:964:print]   eigenvalue_layer_name ........ bert.encoder.layer
[2023-09-03 14:51:47,419] [INFO] [config.py:964:print]   eigenvalue_layer_num ......... 0
[2023-09-03 14:51:47,419] [INFO] [config.py:964:print]   eigenvalue_max_iter .......... 100
[2023-09-03 14:51:47,419] [INFO] [config.py:964:print]   eigenvalue_stability ......... 1e-06
[2023-09-03 14:51:47,419] [INFO] [config.py:964:print]   eigenvalue_tol ............... 0.01
[2023-09-03 14:51:47,419] [INFO] [config.py:964:print]   eigenvalue_verbose ........... False
[2023-09-03 14:51:47,419] [INFO] [config.py:964:print]   elasticity_enabled ........... False
[2023-09-03 14:51:47,419] [INFO] [config.py:964:print]   flops_profiler_config ........ {
    "enabled": false, 
    "recompute_fwd_factor": 0.0, 
    "profile_step": 1, 
    "module_depth": -1, 
    "top_modules": 1, 
    "detailed": true, 
    "output_file": null
}
[2023-09-03 14:51:47,420] [INFO] [config.py:964:print]   fp16_auto_cast ............... False
[2023-09-03 14:51:47,420] [INFO] [config.py:964:print]   fp16_enabled ................. True
[2023-09-03 14:51:47,420] [INFO] [config.py:964:print]   fp16_master_weights_and_gradients  False
[2023-09-03 14:51:47,420] [INFO] [config.py:964:print]   global_rank .................. 0
[2023-09-03 14:51:47,420] [INFO] [config.py:964:print]   grad_accum_dtype ............. None
[2023-09-03 14:51:47,420] [INFO] [config.py:964:print]   gradient_accumulation_steps .. 1
[2023-09-03 14:51:47,420] [INFO] [config.py:964:print]   gradient_clipping ............ 1.0
[2023-09-03 14:51:47,420] [INFO] [config.py:964:print]   gradient_predivide_factor .... 1.0
[2023-09-03 14:51:47,420] [INFO] [config.py:964:print]   hybrid_engine ................ enabled=False max_out_tokens=512 inference_tp_size=1 release_inference_cache=False pin_parameters=True tp_gather_partition_size=8
[2023-09-03 14:51:47,420] [INFO] [config.py:964:print]   initial_dynamic_scale ........ 65536
[2023-09-03 14:51:47,420] [INFO] [config.py:964:print]   load_universal_checkpoint .... False
[2023-09-03 14:51:47,420] [INFO] [config.py:964:print]   loss_scale ................... 0
[2023-09-03 14:51:47,420] [INFO] [config.py:964:print]   memory_breakdown ............. False
[2023-09-03 14:51:47,420] [INFO] [config.py:964:print]   mics_hierarchial_params_gather  False
[2023-09-03 14:51:47,420] [INFO] [config.py:964:print]   mics_shard_size .............. -1
[2023-09-03 14:51:47,420] [INFO] [config.py:964:print]   monitor_config ............... tensorboard=TensorBoardConfig(enabled=False, output_path='step1_tensorboard/ds_tensorboard_logs/', job_name='step1_model_tensorboard') wandb=WandbConfig(enabled=False, group=None, team=None, project='deepspeed') csv_monitor=CSVConfig(enabled=False, output_path='', job_name='DeepSpeedJobName') enabled=False
[2023-09-03 14:51:47,420] [INFO] [config.py:964:print]   nebula_config ................ {
    "enabled": false, 
    "persistent_storage_path": null, 
    "persistent_time_interval": 100, 
    "num_of_version_in_retention": 2, 
    "enable_nebula_load": true, 
    "load_path": null
}
[2023-09-03 14:51:47,420] [INFO] [config.py:964:print]   optimizer_legacy_fusion ...... False
[2023-09-03 14:51:47,420] [INFO] [config.py:964:print]   optimizer_name ............... None
[2023-09-03 14:51:47,420] [INFO] [config.py:964:print]   optimizer_params ............. None
[2023-09-03 14:51:47,421] [INFO] [config.py:964:print]   pipeline ..................... {'stages': 'auto', 'partition': 'best', 'seed_layers': False, 'activation_checkpoint_interval': 0}
[2023-09-03 14:51:47,421] [INFO] [config.py:964:print]   pld_enabled .................. False
[2023-09-03 14:51:47,421] [INFO] [config.py:964:print]   pld_params ................... False
[2023-09-03 14:51:47,421] [INFO] [config.py:964:print]   prescale_gradients ........... False
[2023-09-03 14:51:47,421] [INFO] [config.py:964:print]   scheduler_name ............... None
[2023-09-03 14:51:47,421] [INFO] [config.py:964:print]   scheduler_params ............. None
[2023-09-03 14:51:47,421] [INFO] [config.py:964:print]   sparse_attention ............. None
[2023-09-03 14:51:47,421] [INFO] [config.py:964:print]   sparse_gradients_enabled ..... False
[2023-09-03 14:51:47,421] [INFO] [config.py:964:print]   steps_per_print .............. 10
[2023-09-03 14:51:47,421] [INFO] [config.py:964:print]   train_batch_size ............. 32
[2023-09-03 14:51:47,421] [INFO] [config.py:964:print]   train_micro_batch_size_per_gpu  4
[2023-09-03 14:51:47,421] [INFO] [config.py:964:print]   use_node_local_storage ....... False
[2023-09-03 14:51:47,421] [INFO] [config.py:964:print]   wall_clock_breakdown ......... False
[2023-09-03 14:51:47,421] [INFO] [config.py:964:print]   world_size ................... 8
[2023-09-03 14:51:47,421] [INFO] [config.py:964:print]   zero_allow_untested_optimizer  False
[2023-09-03 14:51:47,421] [INFO] [config.py:964:print]   zero_config .................. stage=3 contiguous_gradients=True reduce_scatter=True reduce_bucket_size=500,000,000 allgather_partitions=True allgather_bucket_size=500,000,000 overlap_comm=True load_from_fp32_weights=True elastic_checkpoint=False offload_param=DeepSpeedZeroOffloadParamConfig(device='none', nvme_path=None, buffer_count=5, buffer_size=100,000,000, max_in_cpu=1,000,000,000, pin_memory=False) offload_optimizer=DeepSpeedZeroOffloadOptimizerConfig(device='none', nvme_path=None, buffer_count=4, pin_memory=False, pipeline=False, pipeline_read=False, pipeline_write=False, fast_init=False) sub_group_size=1,000,000,000 cpu_offload_param=None cpu_offload_use_pin_memory=None cpu_offload=None prefetch_bucket_size=30000000 param_persistence_threshold=10000 model_persistence_threshold=sys.maxsize max_live_parameters=30000000 max_reuse_distance=1,000,000,000 gather_16bit_weights_on_model_save=False stage3_gather_fp16_weights_on_model_save=False ignore_unused_parameters=True legacy_stage1=False round_robin_gradients=False zero_hpz_partition_size=1 zero_quantized_weights=False zero_quantized_gradients=False mics_shard_size=-1 mics_hierarchical_params_gather=False memory_efficient_linear=False
[2023-09-03 14:51:47,421] [INFO] [config.py:964:print]   zero_enabled ................. True
[2023-09-03 14:51:47,421] [INFO] [config.py:964:print]   zero_force_ds_cpu_optimizer .. True
[2023-09-03 14:51:47,421] [INFO] [config.py:964:print]   zero_optimization_stage ...... 3
[2023-09-03 14:51:47,422] [INFO] [config.py:950:print_user_config]   json = {
    "train_batch_size": 32, 
    "train_micro_batch_size_per_gpu": 4, 
    "steps_per_print": 10, 
    "zero_optimization": {
        "stage": 3, 
        "offload_param": {
            "device": "none"
        }, 
        "offload_optimizer": {
            "device": "none"
        }, 
        "stage3_param_persistence_threshold": 1.000000e+04, 
        "stage3_max_live_parameters": 3.000000e+07, 
        "stage3_prefetch_bucket_size": 3.000000e+07, 
        "memory_efficient_linear": false
    }, 
    "fp16": {
        "enabled": true, 
        "loss_scale_window": 100
    }, 
    "gradient_clipping": 1.0, 
    "prescale_gradients": false, 
    "wall_clock_breakdown": false, 
    "hybrid_engine": {
        "enabled": false, 
        "max_out_tokens": 512, 
        "inference_tp_size": 1, 
        "release_inference_cache": false, 
        "pin_parameters": true, 
        "tp_gather_partition_size": 8
    }, 
    "tensorboard": {
        "enabled": false, 
        "output_path": "step1_tensorboard/ds_tensorboard_logs/", 
        "job_name": "step1_model_tensorboard"
    }
}
***** Running training *****
***** Evaluating perplexity, Epoch 0/2 *****
ppl: 675.8151245117188
Beginning of Epoch 1/2, Total Micro Batches 1840
[2023-09-03 14:58:02,978] [INFO] [loss_scaler.py:190:update_scale] [deepspeed] OVERFLOW! Rank 0 Skipping step. Attempted loss scale: 65536, but hysteresis is 2. Reducing hysteresis to 1
Invalidate trace cache @ step 0: expected module 13, but got module 0
[2023-09-03 14:58:10,409] [INFO] [loss_scaler.py:183:update_scale] [deepspeed] OVERFLOW! Rank 0 Skipping step. Attempted loss scale: 65536, reducing to 32768
[2023-09-03 14:58:18,525] [INFO] [loss_scaler.py:183:update_scale] [deepspeed] OVERFLOW! Rank 0 Skipping step. Attempted loss scale: 32768, reducing to 16384
[2023-09-03 14:58:25,961] [INFO] [loss_scaler.py:183:update_scale] [deepspeed] OVERFLOW! Rank 0 Skipping step. Attempted loss scale: 16384, reducing to 8192
[2023-09-03 14:58:31,711] [INFO] [loss_scaler.py:183:update_scale] [deepspeed] OVERFLOW! Rank 0 Skipping step. Attempted loss scale: 8192, reducing to 4096
[2023-09-03 14:58:38,406] [INFO] [loss_scaler.py:183:update_scale] [deepspeed] OVERFLOW! Rank 0 Skipping step. Attempted loss scale: 4096, reducing to 2048
[2023-09-03 14:58:51,222] [INFO] [loss_scaler.py:183:update_scale] [deepspeed] OVERFLOW! Rank 0 Skipping step. Attempted loss scale: 2048, reducing to 1024
[2023-09-03 14:59:02,709] [INFO] [logging.py:96:log_dist] [Rank 0] step=10, skipped=7, lr=[9.999983602169657e-09, 0.0004999991801084828, 9.999983602169657e-09], mom=[(0.9, 0.95), (0.9, 0.95), (0.9, 0.95)]
[2023-09-03 14:59:02,710] [INFO] [timer.py:215:stop] epoch=0/micro_step=10/global_step=10, RunningAvgSamplesPerSec=4.896742495177065, CurrSamplesPerSec=5.698371780091602, MemAllocated=19.89GB, MaxMemAllocated=31.31GB
[2023-09-03 14:59:58,710] [INFO] [logging.py:96:log_dist] [Rank 0] step=20, skipped=7, lr=[9.999692088177842e-09, 0.000499984604408892, 9.999692088177842e-09], mom=[(0.9, 0.95), (0.9, 0.95), (0.9, 0.95)]
[2023-09-03 14:59:58,711] [INFO] [timer.py:215:stop] epoch=0/micro_step=20/global_step=20, RunningAvgSamplesPerSec=5.320796752300674, CurrSamplesPerSec=5.708096558710566, MemAllocated=19.89GB, MaxMemAllocated=31.31GB
[2023-09-03 15:00:54,692] [INFO] [logging.py:96:log_dist] [Rank 0] step=30, skipped=7, lr=[9.999036202410324e-09, 0.0004999518101205162, 9.999036202410324e-09], mom=[(0.9, 0.95), (0.9, 0.95), (0.9, 0.95)]
[2023-09-03 15:00:54,693] [INFO] [timer.py:215:stop] epoch=0/micro_step=30/global_step=30, RunningAvgSamplesPerSec=5.456469320012371, CurrSamplesPerSec=5.728137367002708, MemAllocated=19.89GB, MaxMemAllocated=31.31GB
[2023-09-03 15:01:51,335] [INFO] [logging.py:96:log_dist] [Rank 0] step=40, skipped=7, lr=[9.998015992667302e-09, 0.000499900799633365, 9.998015992667302e-09], mom=[(0.9, 0.95), (0.9, 0.95), (0.9, 0.95)]
[2023-09-03 15:01:51,336] [INFO] [timer.py:215:stop] epoch=0/micro_step=40/global_step=40, RunningAvgSamplesPerSec=5.506576725010007, CurrSamplesPerSec=5.713421066891961, MemAllocated=19.89GB, MaxMemAllocated=31.31GB
[2023-09-03 15:02:48,047] [INFO] [logging.py:96:log_dist] [Rank 0] step=50, skipped=7, lr=[9.996631533300478e-09, 0.0004998315766650238, 9.996631533300478e-09], mom=[(0.9, 0.95), (0.9, 0.95), (0.9, 0.95)]
[2023-09-03 15:02:48,048] [INFO] [timer.py:215:stop] epoch=0/micro_step=50/global_step=50, RunningAvgSamplesPerSec=5.534846818114116, CurrSamplesPerSec=5.747237836391671, MemAllocated=19.89GB, MaxMemAllocated=31.31GB
[2023-09-03 15:03:43,822] [INFO] [logging.py:96:log_dist] [Rank 0] step=60, skipped=7, lr=[9.99488292520765e-09, 0.0004997441462603825, 9.99488292520765e-09], mom=[(0.9, 0.95), (0.9, 0.95), (0.9, 0.95)]
[2023-09-03 15:03:43,822] [INFO] [timer.py:215:stop] epoch=0/micro_step=60/global_step=60, RunningAvgSamplesPerSec=5.569151282142342, CurrSamplesPerSec=5.759354131267266, MemAllocated=19.89GB, MaxMemAllocated=31.31GB
[2023-09-03 15:04:39,431] [INFO] [logging.py:96:log_dist] [Rank 0] step=70, skipped=7, lr=[9.992770295825354e-09, 0.0004996385147912677, 9.992770295825354e-09], mom=[(0.9, 0.95), (0.9, 0.95), (0.9, 0.95)]
[2023-09-03 15:04:39,432] [INFO] [timer.py:215:stop] epoch=0/micro_step=70/global_step=70, RunningAvgSamplesPerSec=5.595994375073775, CurrSamplesPerSec=5.75963662265704, MemAllocated=19.89GB, MaxMemAllocated=31.31GB
[2023-09-03 15:05:36,074] [INFO] [logging.py:96:log_dist] [Rank 0] step=80, skipped=7, lr=[9.990293799119577e-09, 0.0004995146899559788, 9.990293799119577e-09], mom=[(0.9, 0.95), (0.9, 0.95), (0.9, 0.95)]
[2023-09-03 15:05:36,075] [INFO] [timer.py:215:stop] epoch=0/micro_step=80/global_step=80, RunningAvgSamplesPerSec=5.60310025993381, CurrSamplesPerSec=5.736056503378036, MemAllocated=19.89GB, MaxMemAllocated=31.31GB
[2023-09-03 15:06:32,706] [INFO] [logging.py:96:log_dist] [Rank 0] step=90, skipped=7, lr=[9.98745361557453e-09, 0.0004993726807787265, 9.98745361557453e-09], mom=[(0.9, 0.95), (0.9, 0.95), (0.9, 0.95)]
[2023-09-03 15:06:32,706] [INFO] [timer.py:215:stop] epoch=0/micro_step=90/global_step=90, RunningAvgSamplesPerSec=5.608736580037212, CurrSamplesPerSec=5.709467982750666, MemAllocated=19.89GB, MaxMemAllocated=31.31GB
[2023-09-03 15:07:28,398] [INFO] [logging.py:96:log_dist] [Rank 0] step=100, skipped=7, lr=[9.984249952179506e-09, 0.0004992124976089754, 9.984249952179506e-09], mom=[(0.9, 0.95), (0.9, 0.95), (0.9, 0.95)]
[2023-09-03 15:07:28,399] [INFO] [timer.py:215:stop] epoch=0/micro_step=100/global_step=100, RunningAvgSamplesPerSec=5.622696970188162, CurrSamplesPerSec=5.761965575300488, MemAllocated=19.89GB, MaxMemAllocated=31.31GB
======================================================================
Execution time: 575.8978 seconds for 100 steps
Throughput: 5.5565 samples/sec
[2023-09-03 15:07:33,370] [INFO] [launch.py:347:main] Process 1061318 exits successfully.
[2023-09-03 15:07:35,373] [INFO] [launch.py:347:main] Process 1061316 exits successfully.
[2023-09-03 15:07:35,373] [INFO] [launch.py:347:main] Process 1061323 exits successfully.
[2023-09-03 15:07:36,374] [INFO] [launch.py:347:main] Process 1061319 exits successfully.
[2023-09-03 15:07:36,374] [INFO] [launch.py:347:main] Process 1061321 exits successfully.
[2023-09-03 15:07:36,375] [INFO] [launch.py:347:main] Process 1061322 exits successfully.
[2023-09-03 15:07:36,375] [INFO] [launch.py:347:main] Process 1061320 exits successfully.
[2023-09-03 15:07:37,376] [INFO] [launch.py:347:main] Process 1061317 exits successfully.
